2023-12-19 15:37:33.760 [info] Added views:workbench.panel.markers.view in workbench.panel.markers
2023-12-19 15:37:33.760 [info] Added views:workbench.panel.output in workbench.panel.output
2023-12-19 15:37:33.760 [info] Added views:terminal in terminal
2023-12-19 15:37:33.760 [info] Added views:outline in workbench.view.explorer
2023-12-19 15:37:33.760 [info] Added views:workbench.scm in workbench.view.scm
2023-12-19 15:37:33.760 [info] Added views:workbench.view.search in workbench.view.search
2023-12-19 15:37:33.760 [info] Added views:timeline in workbench.view.explorer
2023-12-19 15:37:33.760 [info] Added views:workbench.explorer.fileView in workbench.view.explorer
2023-12-19 15:37:34.142 [info] Added views:workbench.debug.welcome in workbench.view.debug
2023-12-19 15:37:34.379 [info] Added views:gitlens.views.home,gitlens.views.drafts,gitlens.views.workspaces,gitlens.views.account in workbench.view.extension.gitlens
2023-12-19 15:37:34.379 [info] Added views:gitlens.views.commitDetails,gitlens.views.lineHistory,gitlens.views.fileHistory,gitlens.views.searchAndCompare in workbench.view.extension.gitlensInspect
2023-12-19 15:37:34.380 [info] Added views:gitlens.views.commits,gitlens.views.branches,gitlens.views.remotes,gitlens.views.stashes,gitlens.views.tags in workbench.view.scm
2023-12-19 15:37:34.380 [info] Added views:liveshare.session in workbench.view.extension.liveshare
2023-12-19 15:37:34.381 [info] Added views:platformio-ide.quickAccess in workbench.view.extension.platformio
2023-12-19 15:37:34.381 [info] Added views:platformio-debug.peripherals,platformio-debug.registers,platformio-debug.memory,platformio-debug.disassembly in workbench.view.debug
2023-12-19 15:37:34.744 [info] Added views:workbench.panel.repl.view in workbench.panel.repl
2023-12-19 15:37:35.265 [info] Added views:latex-workshop-commands,latex-workshop-structure,latex-workshop-snippet-view in workbench.view.extension.latex-workshop-activitybar
2023-12-19 15:37:36.870 [info] Added views:~remote.forwardedPorts in ~remote.forwardedPortsContainer
2023-12-19 15:37:36.893 [info] Added views:gitlens.views.graph,gitlens.views.graphDetails in workbench.view.extension.gitlensPanel
2023-12-19 15:37:36.894 [info] Added views:gitlens.views.timeline in workbench.view.extension.gitlensInspect
2023-12-19 15:37:36.894 [info] Added views:gitlens.views.worktrees in workbench.view.scm
2023-12-19 15:38:18.721 [info] Added views:workbench.views.extensions.installed,workbench.views.extensions.popular,extensions.recommendedList in workbench.view.extensions
2023-12-19 15:38:18.724 [info] Removed views:workbench.views.extensions.popular from workbench.view.extensions
