2023-12-17 18:30:51.618 [warning] Via 'product.json#extensionEnabledApiProposals' extension 'ms-python.python' wants API proposal 'registerIssueDataProvider' but that proposal DOES NOT EXIST. Likely, the proposal has been finalized (check 'vscode.d.ts') or was abandoned.
2023-12-17 18:30:52.086 [info] Started local extension host with pid 3008.
2023-12-17 18:30:53.927 [error] [Extension Host] (node:3008) [DEP0005] DeprecationWarning: Buffer() is deprecated due to security and usability issues. Please use the Buffer.alloc(), Buffer.allocUnsafe(), or Buffer.from() methods instead.
(Use `exe --trace-deprecation ...` to show where the warning was created)
2023-12-17 18:30:54.958 [info] [perf] Render performance baseline is 140ms
2023-12-17 18:30:55.374 [warning] [cmake-tools]: Couldn't find message for key cmake-tools.configuration.cmake.options.advanced.statusBarVisibility.variant.description.
2023-12-18 15:09:17.027 [error] [Extension Host] /bin/sh: line 1: pdflatex: command not found
2023-12-18 15:42:46.803 [error] Illegal value for `line`: Error: Illegal value for `line`
	at m.t (/opt/visual-studio-code/resources/app/out/vs/workbench/api/node/extensionHostProcess.js:138:961)
	at Object.lineAt (/opt/visual-studio-code/resources/app/out/vs/workbench/api/node/extensionHostProcess.js:138:90)
	at GitCodeLensProvider.provideCodeLens (/home/dwagn/.vscode/extensions/eamodio.gitlens-14.6.1/dist/feature-codelens.js:1:4902)
	at GitCodeLensProvider.provideCodeLens (/home/dwagn/.vscode/extensions/eamodio.gitlens-14.6.1/dist/feature-codelens.js:1:5851)
	at GitCodeLensProvider.provideCodeLens (/home/dwagn/.vscode/extensions/eamodio.gitlens-14.6.1/dist/feature-codelens.js:1:5851)
	at GitCodeLensProvider.provideCodeLenses (/home/dwagn/.vscode/extensions/eamodio.gitlens-14.6.1/dist/feature-codelens.js:1:2630)
	at async l.provideCodeLenses (/opt/visual-studio-code/resources/app/out/vs/workbench/api/node/extensionHostProcess.js:143:40654)
2023-12-18 15:48:41.595 [error] Illegal value for `line`: Error: Illegal value for `line`
	at m.t (/opt/visual-studio-code/resources/app/out/vs/workbench/api/node/extensionHostProcess.js:138:961)
	at Object.lineAt (/opt/visual-studio-code/resources/app/out/vs/workbench/api/node/extensionHostProcess.js:138:90)
	at GitCodeLensProvider.provideCodeLens (/home/dwagn/.vscode/extensions/eamodio.gitlens-14.6.1/dist/feature-codelens.js:1:4902)
	at GitCodeLensProvider.provideCodeLens (/home/dwagn/.vscode/extensions/eamodio.gitlens-14.6.1/dist/feature-codelens.js:1:5851)
	at GitCodeLensProvider.provideCodeLens (/home/dwagn/.vscode/extensions/eamodio.gitlens-14.6.1/dist/feature-codelens.js:1:5851)
	at GitCodeLensProvider.provideCodeLenses (/home/dwagn/.vscode/extensions/eamodio.gitlens-14.6.1/dist/feature-codelens.js:1:2630)
	at async l.provideCodeLenses (/opt/visual-studio-code/resources/app/out/vs/workbench/api/node/extensionHostProcess.js:143:40654)
