2023-12-17 18:30:51.903 [info] Added views:workbench.panel.markers.view in workbench.panel.markers
2023-12-17 18:30:51.903 [info] Added views:workbench.panel.output in workbench.panel.output
2023-12-17 18:30:51.903 [info] Added views:terminal in terminal
2023-12-17 18:30:51.903 [info] Added views:outline in workbench.view.explorer
2023-12-17 18:30:51.903 [info] Added views:workbench.scm in workbench.view.scm
2023-12-17 18:30:51.903 [info] Added views:workbench.view.search in workbench.view.search
2023-12-17 18:30:51.903 [info] Added views:timeline in workbench.view.explorer
2023-12-17 18:30:51.903 [info] Added views:workbench.explorer.fileView in workbench.view.explorer
2023-12-17 18:30:52.078 [info] Added views:workbench.debug.welcome in workbench.view.debug
2023-12-17 18:30:52.321 [info] Added views:gitlens.views.home,gitlens.views.drafts,gitlens.views.workspaces,gitlens.views.account in workbench.view.extension.gitlens
2023-12-17 18:30:52.321 [info] Added views:gitlens.views.commitDetails,gitlens.views.lineHistory,gitlens.views.fileHistory,gitlens.views.searchAndCompare in workbench.view.extension.gitlensInspect
2023-12-17 18:30:52.322 [info] Added views:gitlens.views.commits,gitlens.views.branches,gitlens.views.remotes,gitlens.views.stashes,gitlens.views.tags in workbench.view.scm
2023-12-17 18:30:52.322 [info] Added views:liveshare.session in workbench.view.extension.liveshare
2023-12-17 18:30:52.323 [info] Added views:platformio-ide.quickAccess in workbench.view.extension.platformio
2023-12-17 18:30:52.323 [info] Added views:platformio-debug.peripherals,platformio-debug.registers,platformio-debug.memory,platformio-debug.disassembly in workbench.view.debug
2023-12-17 18:30:52.576 [info] Added views:workbench.panel.repl.view in workbench.panel.repl
2023-12-17 18:30:53.926 [info] Added views:~remote.forwardedPorts in ~remote.forwardedPortsContainer
2023-12-17 18:30:55.177 [info] Added views:gitlens.views.graph,gitlens.views.graphDetails in workbench.view.extension.gitlensPanel
2023-12-17 18:30:55.178 [info] Added views:gitlens.views.timeline in workbench.view.extension.gitlensInspect
2023-12-17 18:30:55.179 [info] Added views:gitlens.views.worktrees in workbench.view.scm
2023-12-18 10:07:05.159 [info] Added views:latex-workshop-commands,latex-workshop-structure,latex-workshop-snippet-view in workbench.view.extension.latex-workshop-activitybar
