2024-03-08 09:02:18.291 [info] Log level: Info
2024-03-08 09:02:18.291 [info] Validating found git in: "git"
2024-03-08 09:02:18.291 [info] Using git "2.44.0" from "git"
2024-03-08 09:02:18.291 [info] > git rev-parse --show-toplevel [15ms]
2024-03-08 09:02:18.291 [info] fatal: not a git repository (or any of the parent directories): .git
2024-03-08 09:02:18.291 [info] > git rev-parse --show-toplevel [3ms]
2024-03-08 09:02:18.291 [info] fatal: not a git repository (or any of the parent directories): .git
2024-03-08 09:02:18.292 [info] > git rev-parse --show-toplevel [2ms]
2024-03-08 09:02:18.292 [info] fatal: not a git repository (or any of the parent directories): .git
2024-03-08 09:02:18.341 [info] > git rev-parse --show-toplevel [38ms]
2024-03-08 09:02:18.341 [info] fatal: not a git repository (or any of the parent directories): .git
2024-03-08 09:02:18.380 [info] > git rev-parse --show-toplevel [26ms]
2024-03-08 09:02:18.380 [info] fatal: not a git repository (or any of the parent directories): .git
2024-03-08 09:02:18.513 [info] > git rev-parse --show-toplevel [122ms]
2024-03-08 09:02:18.513 [info] fatal: not a git repository (or any of the parent directories): .git
2024-03-08 09:02:18.614 [info] > git rev-parse --show-toplevel [18ms]
2024-03-08 09:02:18.614 [info] fatal: not a git repository (or any of the parent directories): .git
2024-03-08 09:02:18.644 [info] > git rev-parse --show-toplevel [10ms]
2024-03-08 09:02:18.644 [info] fatal: not a git repository (or any of the parent directories): .git
2024-03-08 09:02:18.705 [info] > git rev-parse --show-toplevel [6ms]
2024-03-08 09:02:18.705 [info] fatal: not a git repository (or any of the parent directories): .git
2024-03-08 09:02:18.721 [info] > git rev-parse --show-toplevel [3ms]
2024-03-08 09:02:18.721 [info] fatal: not a git repository (or any of the parent directories): .git
2024-03-08 09:02:18.890 [info] > git rev-parse --show-toplevel [13ms]
2024-03-08 09:02:18.890 [info] fatal: not a git repository (or any of the parent directories): .git
