2024-03-02 14:27:20.578 [info] Log level: Info
2024-03-02 14:27:20.578 [info] Validating found git in: "git"
2024-03-02 14:27:20.578 [info] Using git "2.44.0" from "git"
2024-03-02 14:27:20.578 [info] > git rev-parse --show-toplevel [16ms]
2024-03-02 14:27:20.578 [info] fatal: not a git repository (or any of the parent directories): .git
2024-03-02 14:27:20.578 [info] > git rev-parse --show-toplevel [218ms]
2024-03-02 14:27:20.578 [info] fatal: not a git repository (or any of the parent directories): .git
2024-03-02 14:27:20.649 [info] > git rev-parse --show-toplevel [58ms]
2024-03-02 14:27:20.649 [info] fatal: not a git repository (or any of the parent directories): .git
2024-03-02 14:27:20.675 [info] > git rev-parse --show-toplevel [5ms]
2024-03-02 14:27:20.675 [info] fatal: not a git repository (or any of the parent directories): .git
2024-03-02 14:27:20.692 [info] > git rev-parse --show-toplevel [2ms]
2024-03-02 14:27:20.692 [info] fatal: not a git repository (or any of the parent directories): .git
2024-03-02 14:27:20.707 [info] > git rev-parse --show-toplevel [2ms]
2024-03-02 14:27:20.707 [info] fatal: not a git repository (or any of the parent directories): .git
2024-03-02 14:27:20.724 [info] > git rev-parse --show-toplevel [3ms]
2024-03-02 14:27:20.724 [info] fatal: not a git repository (or any of the parent directories): .git
2024-03-02 14:27:20.737 [info] > git rev-parse --show-toplevel [2ms]
2024-03-02 14:27:20.737 [info] fatal: not a git repository (or any of the parent directories): .git
2024-03-02 14:27:21.497 [info] > git rev-parse --show-toplevel [14ms]
2024-03-02 14:27:21.497 [info] fatal: not a git repository (or any of the parent directories): .git
2024-03-02 14:27:21.530 [info] > git rev-parse --show-toplevel [19ms]
2024-03-02 14:27:21.530 [info] fatal: not a git repository (or any of the parent directories): .git
2024-03-02 14:27:21.874 [info] > git rev-parse --show-toplevel [3ms]
2024-03-02 14:27:21.874 [info] fatal: not a git repository (or any of the parent directories): .git
2024-03-02 14:27:22.032 [info] > git rev-parse --show-toplevel [2ms]
2024-03-02 14:27:22.032 [info] fatal: not a git repository (or any of the parent directories): .git
2024-03-02 14:27:25.725 [info] > git rev-parse --show-toplevel [5ms]
2024-03-02 14:27:25.725 [info] fatal: not a git repository (or any of the parent directories): .git
