2024-02-06 17:10:11.085 [info] Configuration changed
2024-02-06 17:14:31.632 [info] /home/dwagn/.config/Code/User/settings.json closed
2024-02-06 17:14:31.639 [info] Configuration changed
2024-02-06 17:14:31.684 [info] /home/dwagn/.config/Code/User/settings.json closed
2024-02-06 17:14:31.709 [info] Configuration changed
2024-02-06 17:14:31.758 [info] /home/dwagn/.config/Code/User/settings.json closed
2024-02-06 17:14:31.771 [info] Configuration changed
2024-02-06 17:14:35.225 [info] Active editor: file:///home/dwagn/NewFolder/stm32l476rg_test_vscode/Makefile
2024-02-06 17:14:44.456 [info] /home/dwagn/NewFolder/stm32l476rg_test_vscode/Makefile closed
2024-02-06 17:14:44.468 [info] Active editor: file:///home/dwagn/NewFolder/stm32l476rg_test_vscode/X-CUBE-NFC6/App/app_x-cube-nfcx.c
2024-02-06 17:15:48.102 [info] /home/dwagn/NewFolder/stm32l476rg_test_vscode/X-CUBE-NFC6/App/app_x-cube-nfcx.c closed
2024-02-06 17:15:48.124 [info] Active editor: file:///home/dwagn/NewFolder/stm32l476rg_test_vscode/X-CUBE-NFC6/App/app_x-cube-nfcx.h
2024-02-06 17:15:48.337 [info] /home/dwagn/NewFolder/stm32l476rg_test_vscode/X-CUBE-NFC6/App/app_x-cube-nfcx.h closed
2024-02-06 17:16:52.297 [info] Active editor: file:///home/dwagn/NewFolder/stm32l476rg_test_vscode/Core/Src/main.c
2024-02-06 17:17:01.178 [info] Active editor: file:///home/dwagn/NewFolder/stm32l476rg_test_vscode/X-CUBE-NFC6/App/app_x-cube-nfcx.c
2024-02-06 17:17:08.077 [info] Active editor: file:///home/dwagn/NewFolder/stm32l476rg_test_vscode/X-CUBE-NFC6/Target/demo_polling.c
2024-02-06 17:17:50.987 [info] /home/dwagn/NewFolder/stm32l476rg_test_vscode/.vscode/tasks.json closed
2024-02-06 17:17:51.016 [info] Configuration changed
2024-02-06 17:17:51.037 [info] /home/dwagn/NewFolder/stm32l476rg_test_vscode/.vscode/settings.json closed
2024-02-06 17:17:51.058 [info] Configuration changed
2024-02-06 17:17:51.075 [info] /home/dwagn/NewFolder/stm32l476rg_test_vscode/.vscode/settings.json closed
2024-02-06 17:17:51.095 [info] Configuration changed
2024-02-06 17:17:51.245 [info] /home/dwagn/NewFolder/stm32l476rg_test_vscode/.vscode/launch.json closed
2024-02-06 17:17:51.275 [info] Configuration changed
2024-02-06 17:21:23.501 [info] Active editor: file:///home/dwagn/NewFolder/stm32l476rg_test_vscode/Middlewares/ST/rfal/Inc/rfal_t2t.h
2024-02-06 17:21:23.537 [info] /home/dwagn/NewFolder/stm32l476rg_test_vscode/Middlewares/ST/rfal/Inc/rfal_t2t.h closed
2024-02-06 17:21:23.587 [info] /home/dwagn/NewFolder/stm32l476rg_test_vscode/.vscode/settings.json closed
2024-02-06 17:21:23.604 [info] /home/dwagn/NewFolder/stm32l476rg_test_vscode/X-CUBE-NFC6/App/app_x-cube-nfcx.h closed
2024-02-06 17:21:23.624 [info] Configuration changed
2024-02-06 17:22:25.387 [info] Active editor: file:///home/dwagn/NewFolder/stm32l476rg_test_vscode/X-CUBE-NFC6/Target/demo_polling.c
2024-02-06 17:22:51.990 [info] Active editor: file:///home/dwagn/NewFolder/stm32l476rg_test_vscode/Middlewares/ST/rfal/Inc/rfal_nfc.h
2024-02-06 17:22:52.025 [info] /home/dwagn/NewFolder/stm32l476rg_test_vscode/Middlewares/ST/rfal/Inc/rfal_nfc.h closed
2024-02-06 17:24:20.121 [info] /home/dwagn/NewFolder/stm32l476rg_test_vscode/Middlewares/ST/rfal/Inc/rfal_nfc.h closed
2024-02-06 17:24:20.138 [info] Active editor: file:///home/dwagn/NewFolder/stm32l476rg_test_vscode/Makefile
