2024-02-06 17:10:10.642 [info] Extension host with pid 56235 started
2024-02-06 17:10:10.695 [info] ExtensionService#_doActivateExtension vscode.git-base, startup: true, activationEvent: '*', root cause: vscode.git
2024-02-06 17:10:10.724 [info] ExtensionService#_doActivateExtension vscode.git, startup: true, activationEvent: '*'
2024-02-06 17:10:10.739 [info] ExtensionService#_doActivateExtension vscode.github, startup: true, activationEvent: '*'
2024-02-06 17:10:10.773 [info] Eager extensions activated
2024-02-06 17:10:10.794 [info] ExtensionService#_doActivateExtension vscode.debug-auto-launch, startup: false, activationEvent: 'onStartupFinished'
2024-02-06 17:10:10.795 [info] ExtensionService#_doActivateExtension vscode.merge-conflict, startup: false, activationEvent: 'onStartupFinished'
2024-02-06 17:10:10.799 [info] ExtensionService#_doActivateExtension alexnesnes.teleplot, startup: false, activationEvent: 'onStartupFinished'
2024-02-06 17:10:10.813 [info] ExtensionService#_doActivateExtension mcu-debug.debug-tracker-vscode, startup: false, activationEvent: 'onStartupFinished', root cause: marus25.cortex-debug
2024-02-06 17:10:10.814 [info] ExtensionService#_doActivateExtension mcu-debug.peripheral-viewer, startup: false, activationEvent: 'onStartupFinished', root cause: marus25.cortex-debug
2024-02-06 17:10:10.824 [info] ExtensionService#_doActivateExtension monokai.theme-monokai-pro-vscode, startup: false, activationEvent: 'onStartupFinished'
2024-02-06 17:10:10.827 [info] ExtensionService#_doActivateExtension ms-vscode-remote.remote-wsl, startup: false, activationEvent: 'onStartupFinished'
2024-02-06 17:10:10.835 [info] ExtensionService#_doActivateExtension vscodevim.vim, startup: false, activationEvent: 'onStartupFinished'
2024-02-06 17:10:10.907 [info] ExtensionService#_doActivateExtension mcu-debug.memory-view, startup: false, activationEvent: 'onStartupFinished', root cause: marus25.cortex-debug
2024-02-06 17:10:10.915 [info] ExtensionService#_doActivateExtension mcu-debug.rtos-views, startup: false, activationEvent: 'onStartupFinished', root cause: marus25.cortex-debug
2024-02-06 17:10:10.920 [info] ExtensionService#_doActivateExtension vscode.microsoft-authentication, startup: false, activationEvent: 'onAuthenticationRequest:microsoft'
2024-02-06 17:10:10.958 [info] ExtensionService#_doActivateExtension marus25.cortex-debug, startup: false, activationEvent: 'onStartupFinished'
2024-02-06 17:10:13.819 [info] ExtensionService#_doActivateExtension vscode.emmet, startup: false, activationEvent: 'onLanguage'
2024-02-06 17:14:29.999 [info] Extension host terminating: renderer closed the MessagePort
2024-02-06 17:14:30.011 [info] Extension host with pid 56235 exiting with code 0
2024-02-06 17:14:31.020 [info] Extension host with pid 59922 started
2024-02-06 17:14:31.020 [info] Skipping acquiring lock for /home/dwagn/.config/Code/User/workspaceStorage/20670e1323abc8eeae22e6819589a342.
2024-02-06 17:14:31.042 [info] ExtensionService#_doActivateExtension vscode.git-base, startup: true, activationEvent: '*', root cause: vscode.git
2024-02-06 17:14:31.082 [info] ExtensionService#_doActivateExtension vscode.git, startup: true, activationEvent: '*'
2024-02-06 17:14:31.097 [info] ExtensionService#_doActivateExtension vscode.github, startup: true, activationEvent: '*'
2024-02-06 17:14:31.147 [info] ExtensionService#_doActivateExtension mcu-debug.debug-tracker-vscode, startup: true, activationEvent: 'workspaceContains:*.ioc', root cause: bmd.stm32-for-vscode
2024-02-06 17:14:31.148 [info] ExtensionService#_doActivateExtension mcu-debug.peripheral-viewer, startup: true, activationEvent: 'workspaceContains:*.ioc', root cause: bmd.stm32-for-vscode
2024-02-06 17:14:31.177 [info] ExtensionService#_doActivateExtension mcu-debug.memory-view, startup: true, activationEvent: 'workspaceContains:*.ioc', root cause: bmd.stm32-for-vscode
2024-02-06 17:14:31.187 [info] ExtensionService#_doActivateExtension mcu-debug.rtos-views, startup: true, activationEvent: 'workspaceContains:*.ioc', root cause: bmd.stm32-for-vscode
2024-02-06 17:14:31.237 [info] ExtensionService#_doActivateExtension vscode.microsoft-authentication, startup: false, activationEvent: 'onAuthenticationRequest:microsoft'
2024-02-06 17:14:31.245 [info] ExtensionService#_doActivateExtension marus25.cortex-debug, startup: true, activationEvent: 'workspaceContains:*.ioc', root cause: bmd.stm32-for-vscode
2024-02-06 17:14:31.258 [info] ExtensionService#_doActivateExtension bmd.stm32-for-vscode, startup: true, activationEvent: 'workspaceContains:*.ioc'
2024-02-06 17:14:31.324 [info] Eager extensions activated
2024-02-06 17:14:31.325 [info] ExtensionService#_doActivateExtension vscode.debug-auto-launch, startup: false, activationEvent: 'onStartupFinished'
2024-02-06 17:14:31.326 [info] ExtensionService#_doActivateExtension vscode.merge-conflict, startup: false, activationEvent: 'onStartupFinished'
2024-02-06 17:14:31.330 [info] ExtensionService#_doActivateExtension alexnesnes.teleplot, startup: false, activationEvent: 'onStartupFinished'
2024-02-06 17:14:31.343 [info] ExtensionService#_doActivateExtension monokai.theme-monokai-pro-vscode, startup: false, activationEvent: 'onStartupFinished'
2024-02-06 17:14:31.346 [info] ExtensionService#_doActivateExtension ms-vscode-remote.remote-wsl, startup: false, activationEvent: 'onStartupFinished'
2024-02-06 17:14:31.353 [info] ExtensionService#_doActivateExtension vscodevim.vim, startup: false, activationEvent: 'onStartupFinished'
2024-02-06 17:14:31.532 [info] ExtensionService#_doActivateExtension vscode.json-language-features, startup: false, activationEvent: 'onLanguage:jsonc'
2024-02-06 17:14:31.582 [info] ExtensionService#_doActivateExtension vscode.typescript-language-features, startup: false, activationEvent: 'onLanguage:jsonc'
2024-02-06 17:14:31.627 [info] ExtensionService#_doActivateExtension vscode.emmet, startup: false, activationEvent: 'onLanguage'
2024-02-06 17:14:44.490 [info] ExtensionService#_doActivateExtension cschlosser.doxdocgen, startup: false, activationEvent: 'onLanguage:c'
2024-02-06 17:14:44.551 [info] ExtensionService#_doActivateExtension ms-vscode.cpptools, startup: false, activationEvent: 'onLanguage:c'
2024-02-06 17:16:09.138 [warning] ms-vscode.cpptools - Code actions of kind 'quickfix 'requested but returned code action is of kind 'refactor.extract.function'. Code action will be dropped. Please check 'CodeActionContext.only' to only return requested code actions.
2024-02-06 17:16:17.431 [warning] ms-vscode.cpptools - Code actions of kind 'quickfix 'requested but returned code action is of kind 'refactor.extract.function'. Code action will be dropped. Please check 'CodeActionContext.only' to only return requested code actions.
2024-02-06 17:16:23.228 [warning] ms-vscode.cpptools - Code actions of kind 'quickfix 'requested but returned code action is of kind 'refactor.extract.function'. Code action will be dropped. Please check 'CodeActionContext.only' to only return requested code actions.
2024-02-06 17:17:18.801 [warning] ms-vscode.cpptools - Code actions of kind 'quickfix 'requested but returned code action is of kind 'refactor.extract.function'. Code action will be dropped. Please check 'CodeActionContext.only' to only return requested code actions.
2024-02-06 17:17:27.923 [warning] ms-vscode.cpptools - Code actions of kind 'quickfix 'requested but returned code action is of kind 'refactor.extract.function'. Code action will be dropped. Please check 'CodeActionContext.only' to only return requested code actions.
2024-02-06 17:17:52.219 [error] Error: Something went wrong during the build process: 2
	at /home/dwagn/.vscode/extensions/bmd.stm32-for-vscode-3.2.6/dist/extension.js:2:450161
	at /home/dwagn/.vscode/extensions/bmd.stm32-for-vscode-3.2.6/dist/extension.js:2:446452
	at Object.throw (/home/dwagn/.vscode/extensions/bmd.stm32-for-vscode-3.2.6/dist/extension.js:2:446557)
	at Zn (/home/dwagn/.vscode/extensions/bmd.stm32-for-vscode-3.2.6/dist/extension.js:2:445221)
	at a (/home/dwagn/.vscode/extensions/bmd.stm32-for-vscode-3.2.6/dist/extension.js:2:445462) stm32-for-vscode.build {"value":"bmd.stm32-for-vscode","_lower":"bmd.stm32-for-vscode"}
2024-02-06 17:17:52.271 [info] ExtensionService#_doActivateExtension vscode.npm, startup: false, activationEvent: 'onTerminalQuickFixRequest:ms-vscode.npm-command'
2024-02-06 17:21:11.647 [warning] ms-vscode.cpptools - Code actions of kind 'quickfix 'requested but returned code action is of kind 'refactor.extract.function'. Code action will be dropped. Please check 'CodeActionContext.only' to only return requested code actions.
2024-02-06 17:21:12.543 [warning] ms-vscode.cpptools - Code actions of kind 'quickfix 'requested but returned code action is of kind 'refactor.extract.function'. Code action will be dropped. Please check 'CodeActionContext.only' to only return requested code actions.
2024-02-06 17:21:27.227 [warning] ms-vscode.cpptools - Code actions of kind 'quickfix 'requested but returned code action is of kind 'refactor.extract.function'. Code action will be dropped. Please check 'CodeActionContext.only' to only return requested code actions.
2024-02-06 17:21:28.149 [warning] ms-vscode.cpptools - Code actions of kind 'quickfix 'requested but returned code action is of kind 'refactor.extract.function'. Code action will be dropped. Please check 'CodeActionContext.only' to only return requested code actions.
2024-02-06 17:21:28.828 [warning] ms-vscode.cpptools - Code actions of kind 'quickfix 'requested but returned code action is of kind 'refactor.extract.function'. Code action will be dropped. Please check 'CodeActionContext.only' to only return requested code actions.
2024-02-06 17:29:11.678 [info] ExtensionService#_doActivateExtension vscode.debug-server-ready, startup: false, activationEvent: 'onDebugResolve'
2024-02-06 17:30:15.784 [error] Error: Something went wrong during the build process: 2
	at /home/dwagn/.vscode/extensions/bmd.stm32-for-vscode-3.2.6/dist/extension.js:2:450161
	at /home/dwagn/.vscode/extensions/bmd.stm32-for-vscode-3.2.6/dist/extension.js:2:446452
	at Object.throw (/home/dwagn/.vscode/extensions/bmd.stm32-for-vscode-3.2.6/dist/extension.js:2:446557)
	at Zn (/home/dwagn/.vscode/extensions/bmd.stm32-for-vscode-3.2.6/dist/extension.js:2:445221)
	at a (/home/dwagn/.vscode/extensions/bmd.stm32-for-vscode-3.2.6/dist/extension.js:2:445462) stm32-for-vscode.flash {"value":"bmd.stm32-for-vscode","_lower":"bmd.stm32-for-vscode"}
2024-02-06 17:30:25.842 [info] Extension host terminating: renderer closed the MessagePort
2024-02-06 17:30:25.968 [info] Extension host with pid 59922 exiting with code 0
