2024-02-06 17:17:51.845 [info] Latency measurements for local backend
window<->ptyhost (message port): 1.90ms
window<->ptyhostservice<->ptyhost: 15.50ms
ptyhostservice<->ptyhost: 3.95ms []
2024-02-06 17:29:01.708 [info] Latency measurements for local backend
window<->ptyhost (message port): 0.50ms
window<->ptyhostservice<->ptyhost: 1.00ms
ptyhostservice<->ptyhost: 0.51ms []
2024-02-06 17:29:02.121 [info] Latency measurements for local backend
window<->ptyhost (message port): 22.10ms
window<->ptyhostservice<->ptyhost: 11.30ms
ptyhostservice<->ptyhost: 0.90ms []
2024-02-06 17:29:12.533 [info] Latency measurements for local backend
window<->ptyhost (message port): 1.60ms
window<->ptyhostservice<->ptyhost: 2.60ms
ptyhostservice<->ptyhost: 0.84ms []
2024-02-06 17:30:15.518 [info] Latency measurements for local backend
window<->ptyhost (message port): 0.40ms
window<->ptyhostservice<->ptyhost: 1.00ms
ptyhostservice<->ptyhost: 0.49ms []
2024-02-06 17:30:25.824 [error] Exception occurred during xterm disposal [{}]
