2023-12-17 18:30:52.442 [info] Extension host with pid 3008 started
2023-12-17 18:30:52.442 [info] Skipping acquiring lock for /home/dwagn/.config/Code/User/workspaceStorage/2a7475205a181452c130b424e6562d88.
2023-12-17 18:30:52.557 [info] ExtensionService#_doActivateExtension vscode.emmet, startup: false, activationEvent: 'onLanguage'
2023-12-17 18:30:52.572 [info] ExtensionService#_doActivateExtension cschlosser.doxdocgen, startup: false, activationEvent: 'onLanguage:c'
2023-12-17 18:30:52.642 [info] ExtensionService#_doActivateExtension ms-vscode.cpptools, startup: false, activationEvent: 'onLanguage:c'
2023-12-17 18:30:53.225 [info] ExtensionService#_doActivateExtension vscode.git-base, startup: true, activationEvent: '*', root cause: vscode.git
2023-12-17 18:30:53.261 [info] ExtensionService#_doActivateExtension yzhang.markdown-all-in-one, startup: true, activationEvent: 'workspaceContains:README.md'
2023-12-17 18:30:53.316 [info] ExtensionService#_doActivateExtension vscode.markdown-math, startup: false, activationEvent: 'api', root cause: yzhang.markdown-all-in-one
2023-12-17 18:30:53.322 [info] ExtensionService#_doActivateExtension vscode.git, startup: true, activationEvent: '*'
2023-12-17 18:30:53.343 [info] ExtensionService#_doActivateExtension vscode.github, startup: true, activationEvent: '*'
2023-12-17 18:30:53.390 [info] Eager extensions activated
2023-12-17 18:30:53.414 [info] ExtensionService#_doActivateExtension vscode.debug-auto-launch, startup: false, activationEvent: 'onStartupFinished'
2023-12-17 18:30:53.416 [info] ExtensionService#_doActivateExtension vscode.merge-conflict, startup: false, activationEvent: 'onStartupFinished'
2023-12-17 18:30:53.422 [info] ExtensionService#_doActivateExtension alexnesnes.teleplot, startup: false, activationEvent: 'onStartupFinished'
2023-12-17 18:30:53.459 [info] ExtensionService#_doActivateExtension eamodio.gitlens, startup: false, activationEvent: 'onStartupFinished'
2023-12-17 18:30:53.495 [info] ExtensionService#_doActivateExtension monokai.theme-monokai-pro-vscode, startup: false, activationEvent: 'onStartupFinished'
2023-12-17 18:30:53.498 [info] ExtensionService#_doActivateExtension ms-vscode-remote.remote-wsl, startup: false, activationEvent: 'onStartupFinished'
2023-12-17 18:30:53.509 [info] ExtensionService#_doActivateExtension vscodevim.vim, startup: false, activationEvent: 'onStartupFinished'
2023-12-17 18:30:53.707 [info] ExtensionService#_doActivateExtension ms-vsliveshare.vsliveshare, startup: false, activationEvent: 'api', root cause: eamodio.gitlens
2023-12-17 18:30:53.910 [info] ExtensionService#_doActivateExtension vscode.microsoft-authentication, startup: false, activationEvent: 'onAuthenticationRequest:microsoft'
2023-12-17 18:30:54.138 [info] ExtensionService#_doActivateExtension vscode.github-authentication, startup: false, activationEvent: 'onAuthenticationRequest:github'
2023-12-17 18:49:26.550 [warning] TextEditor is closed/disposed
2023-12-17 18:49:47.000 [warning] TextEditor is closed/disposed
2023-12-17 18:50:03.747 [warning] TextEditor is closed/disposed
2023-12-17 18:52:53.421 [warning] TextEditor is closed/disposed
2023-12-17 18:59:03.782 [warning] TextEditor is closed/disposed
2023-12-17 18:59:08.394 [warning] TextEditor is closed/disposed
2023-12-17 18:59:36.936 [info] ExtensionService#_doActivateExtension vscode.npm, startup: false, activationEvent: 'onTerminalQuickFixRequest:ms-vscode.npm-command'
2023-12-17 19:03:56.506 [warning] TextEditor is closed/disposed
2023-12-17 19:05:29.251 [warning] TextEditor is closed/disposed
2023-12-17 19:05:42.762 [warning] TextEditor is closed/disposed
2023-12-17 19:05:55.189 [warning] TextEditor is closed/disposed
2023-12-17 19:06:04.225 [warning] TextEditor is closed/disposed
2023-12-17 19:06:59.248 [warning] TextEditor is closed/disposed
2023-12-17 19:07:36.641 [warning] TextEditor is closed/disposed
2023-12-17 23:53:29.092 [warning] TextEditor is closed/disposed
2023-12-17 23:54:59.854 [warning] TextEditor is closed/disposed
2023-12-17 23:55:15.911 [warning] TextEditor is closed/disposed
2023-12-17 23:55:37.723 [warning] TextEditor is closed/disposed
2023-12-17 23:55:42.813 [warning] TextEditor is closed/disposed
2023-12-17 23:56:10.390 [warning] TextEditor is closed/disposed
2023-12-17 23:56:21.043 [warning] TextEditor is closed/disposed
2023-12-17 23:56:25.072 [warning] TextEditor is closed/disposed
2023-12-17 23:57:38.388 [warning] TextEditor is closed/disposed
2023-12-17 23:58:14.610 [warning] TextEditor is closed/disposed
2023-12-17 23:58:20.408 [warning] TextEditor is closed/disposed
2023-12-17 23:58:23.253 [warning] TextEditor is closed/disposed
2023-12-17 23:58:42.767 [warning] TextEditor is closed/disposed
2023-12-17 23:58:59.683 [warning] TextEditor is closed/disposed
2023-12-18 00:00:12.085 [warning] TextEditor is closed/disposed
2023-12-18 00:00:21.090 [warning] TextEditor is closed/disposed
2023-12-18 00:02:17.795 [warning] TextEditor is closed/disposed
2023-12-18 00:02:36.414 [warning] TextEditor is closed/disposed
2023-12-18 00:02:47.243 [warning] TextEditor is closed/disposed
2023-12-18 00:02:48.016 [warning] TextEditor is closed/disposed
2023-12-18 00:02:50.168 [warning] TextEditor is closed/disposed
2023-12-18 00:02:56.773 [warning] TextEditor is closed/disposed
2023-12-18 00:03:14.472 [warning] TextEditor is closed/disposed
2023-12-18 00:03:18.660 [warning] TextEditor is closed/disposed
2023-12-18 00:03:27.953 [warning] TextEditor is closed/disposed
2023-12-18 09:57:24.760 [warning] TextEditor is closed/disposed
2023-12-18 09:57:29.560 [warning] TextEditor is closed/disposed
2023-12-18 09:57:30.108 [warning] TextEditor is closed/disposed
2023-12-18 09:57:30.932 [warning] TextEditor is closed/disposed
2023-12-18 09:57:40.418 [warning] TextEditor is closed/disposed
2023-12-18 09:59:38.292 [warning] TextEditor is closed/disposed
2023-12-18 10:06:49.706 [warning] TextEditor is closed/disposed
2023-12-18 10:07:04.945 [warning] TextEditor is closed/disposed
2023-12-18 10:07:04.962 [info] ExtensionService#_doActivateExtension James-Yu.latex-workshop, startup: false, activationEvent: 'onCustomEditor:latex-workshop-pdf-hook'
2023-12-18 10:07:05.108 [warning] DiagnosticCollection with name 'BibTeX' does already exist.
2023-12-18 10:07:59.962 [warning] TextEditor is closed/disposed
2023-12-18 10:15:27.352 [warning] TextEditor is closed/disposed
2023-12-18 10:16:35.742 [warning] TextEditor is closed/disposed
2023-12-18 10:16:50.517 [warning] TextEditor is closed/disposed
2023-12-18 10:20:42.685 [info] ExtensionService#_doActivateExtension vscode.json-language-features, startup: false, activationEvent: 'onLanguage:jsonc'
2023-12-18 10:20:42.703 [info] ExtensionService#_doActivateExtension vscode.typescript-language-features, startup: false, activationEvent: 'onLanguage:jsonc'
2023-12-18 10:20:48.573 [warning] Illegal argument: TextEditor(vs.editor.ICodeEditor:2,$model5)
2023-12-18 10:20:54.625 [warning] TextEditor is closed/disposed
2023-12-18 10:29:07.537 [warning] TextEditor is closed/disposed
2023-12-18 10:29:37.162 [warning] TextEditor is closed/disposed
2023-12-18 10:29:59.847 [warning] TextEditor is closed/disposed
2023-12-18 10:30:26.354 [warning] TextEditor is closed/disposed
2023-12-18 10:30:33.413 [warning] TextEditor is closed/disposed
2023-12-18 10:32:41.016 [warning] TextEditor is closed/disposed
2023-12-18 10:33:02.976 [warning] TextEditor is closed/disposed
2023-12-18 10:33:04.996 [warning] TextEditor is closed/disposed
2023-12-18 10:34:30.327 [warning] TextEditor is closed/disposed
2023-12-18 10:34:33.546 [warning] TextEditor is closed/disposed
2023-12-18 10:35:23.075 [warning] TextEditor is closed/disposed
2023-12-18 10:36:09.093 [warning] TextEditor is closed/disposed
2023-12-18 10:36:44.695 [warning] TextEditor is closed/disposed
2023-12-18 10:37:24.690 [warning] TextEditor is closed/disposed
2023-12-18 10:37:25.744 [warning] TextEditor is closed/disposed
2023-12-18 10:51:18.853 [warning] TextEditor is closed/disposed
2023-12-18 10:59:39.872 [warning] TextEditor is closed/disposed
2023-12-18 11:07:52.268 [warning] TextEditor is closed/disposed
2023-12-18 11:08:34.653 [warning] TextEditor is closed/disposed
2023-12-18 11:09:07.621 [warning] TextEditor is closed/disposed
2023-12-18 11:09:11.592 [warning] TextEditor is closed/disposed
2023-12-18 11:09:13.821 [warning] TextEditor is closed/disposed
2023-12-18 11:09:41.186 [warning] TextEditor is closed/disposed
2023-12-18 11:09:58.403 [warning] TextEditor is closed/disposed
2023-12-18 11:10:05.025 [warning] TextEditor is closed/disposed
2023-12-18 11:10:17.997 [warning] TextEditor is closed/disposed
2023-12-18 11:10:19.001 [warning] TextEditor is closed/disposed
2023-12-18 11:10:26.081 [warning] TextEditor is closed/disposed
2023-12-18 11:10:28.722 [warning] TextEditor is closed/disposed
2023-12-18 11:10:32.002 [warning] TextEditor is closed/disposed
2023-12-18 11:10:34.843 [warning] TextEditor is closed/disposed
2023-12-18 11:10:37.966 [warning] TextEditor is closed/disposed
2023-12-18 11:10:40.430 [warning] TextEditor is closed/disposed
2023-12-18 11:11:37.192 [warning] TextEditor is closed/disposed
2023-12-18 11:13:06.721 [warning] TextEditor is closed/disposed
2023-12-18 11:13:07.534 [warning] TextEditor is closed/disposed
2023-12-18 11:13:09.821 [warning] TextEditor is closed/disposed
2023-12-18 11:17:08.672 [warning] TextEditor is closed/disposed
2023-12-18 11:17:22.412 [warning] TextEditor is closed/disposed
2023-12-18 11:17:42.786 [warning] TextEditor is closed/disposed
2023-12-18 11:17:58.584 [error] Error: Illegal value for `line`
	at m.t (/opt/visual-studio-code/resources/app/out/vs/workbench/api/node/extensionHostProcess.js:138:961)
	at Object.lineAt (/opt/visual-studio-code/resources/app/out/vs/workbench/api/node/extensionHostProcess.js:138:90)
	at CodeParserController.check (/home/dwagn/.vscode/extensions/cschlosser.doxdocgen-1.4.0/out/CodeParserController.js:52:50)
	at CodeParserController.onEvent (/home/dwagn/.vscode/extensions/cschlosser.doxdocgen-1.4.0/out/CodeParserController.js:76:19)
	at CodeParserController.<anonymous> (/home/dwagn/.vscode/extensions/cschlosser.doxdocgen-1.4.0/out/CodeParserController.js:29:22)
	at n.y (/opt/visual-studio-code/resources/app/out/vs/workbench/api/node/extensionHostProcess.js:80:1902)
	at n.z (/opt/visual-studio-code/resources/app/out/vs/workbench/api/node/extensionHostProcess.js:80:1972)
	at n.fire (/opt/visual-studio-code/resources/app/out/vs/workbench/api/node/extensionHostProcess.js:80:2188)
	at m.$acceptModelChanged (/opt/visual-studio-code/resources/app/out/vs/workbench/api/node/extensionHostProcess.js:143:10094)
	at l.S (/opt/visual-studio-code/resources/app/out/vs/workbench/api/node/extensionHostProcess.js:150:10829)
	at l.Q (/opt/visual-studio-code/resources/app/out/vs/workbench/api/node/extensionHostProcess.js:150:10595)
	at l.M (/opt/visual-studio-code/resources/app/out/vs/workbench/api/node/extensionHostProcess.js:150:9685)
	at l.L (/opt/visual-studio-code/resources/app/out/vs/workbench/api/node/extensionHostProcess.js:150:8764)
	at f.value (/opt/visual-studio-code/resources/app/out/vs/workbench/api/node/extensionHostProcess.js:150:7567)
	at n.y (/opt/visual-studio-code/resources/app/out/vs/workbench/api/node/extensionHostProcess.js:80:1902)
	at n.fire (/opt/visual-studio-code/resources/app/out/vs/workbench/api/node/extensionHostProcess.js:80:2119)
	at o.fire (/opt/visual-studio-code/resources/app/out/vs/workbench/api/node/extensionHostProcess.js:103:14039)
	at f.value (/opt/visual-studio-code/resources/app/out/vs/workbench/api/node/extensionHostProcess.js:171:7903)
	at n.y (/opt/visual-studio-code/resources/app/out/vs/workbench/api/node/extensionHostProcess.js:80:1902)
	at n.fire (/opt/visual-studio-code/resources/app/out/vs/workbench/api/node/extensionHostProcess.js:80:2119)
	at o.fire (/opt/visual-studio-code/resources/app/out/vs/workbench/api/node/extensionHostProcess.js:103:14039)
	at MessagePortMain.<anonymous> (/opt/visual-studio-code/resources/app/out/vs/workbench/api/node/extensionHostProcess.js:171:6183)
	at MessagePortMain.emit (node:events:513:28)
	at MessagePortMain._internalPort.emit (node:electron/js2c/utility_init:2:367)
2023-12-18 11:18:42.247 [warning] TextEditor is closed/disposed
2023-12-18 11:18:47.728 [warning] TextEditor is closed/disposed
2023-12-18 11:18:49.810 [warning] TextEditor is closed/disposed
2023-12-18 11:20:07.135 [warning] TextEditor is closed/disposed
2023-12-18 11:20:16.248 [error] Error: Illegal value for `line`
	at m.t (/opt/visual-studio-code/resources/app/out/vs/workbench/api/node/extensionHostProcess.js:138:961)
	at Object.lineAt (/opt/visual-studio-code/resources/app/out/vs/workbench/api/node/extensionHostProcess.js:138:90)
	at CodeParserController.check (/home/dwagn/.vscode/extensions/cschlosser.doxdocgen-1.4.0/out/CodeParserController.js:52:50)
	at CodeParserController.onEvent (/home/dwagn/.vscode/extensions/cschlosser.doxdocgen-1.4.0/out/CodeParserController.js:76:19)
	at CodeParserController.<anonymous> (/home/dwagn/.vscode/extensions/cschlosser.doxdocgen-1.4.0/out/CodeParserController.js:29:22)
	at n.y (/opt/visual-studio-code/resources/app/out/vs/workbench/api/node/extensionHostProcess.js:80:1902)
	at n.z (/opt/visual-studio-code/resources/app/out/vs/workbench/api/node/extensionHostProcess.js:80:1972)
	at n.fire (/opt/visual-studio-code/resources/app/out/vs/workbench/api/node/extensionHostProcess.js:80:2188)
	at m.$acceptModelChanged (/opt/visual-studio-code/resources/app/out/vs/workbench/api/node/extensionHostProcess.js:143:10094)
	at l.S (/opt/visual-studio-code/resources/app/out/vs/workbench/api/node/extensionHostProcess.js:150:10829)
	at l.Q (/opt/visual-studio-code/resources/app/out/vs/workbench/api/node/extensionHostProcess.js:150:10595)
	at l.M (/opt/visual-studio-code/resources/app/out/vs/workbench/api/node/extensionHostProcess.js:150:9685)
	at l.L (/opt/visual-studio-code/resources/app/out/vs/workbench/api/node/extensionHostProcess.js:150:8764)
	at f.value (/opt/visual-studio-code/resources/app/out/vs/workbench/api/node/extensionHostProcess.js:150:7567)
	at n.y (/opt/visual-studio-code/resources/app/out/vs/workbench/api/node/extensionHostProcess.js:80:1902)
	at n.fire (/opt/visual-studio-code/resources/app/out/vs/workbench/api/node/extensionHostProcess.js:80:2119)
	at o.fire (/opt/visual-studio-code/resources/app/out/vs/workbench/api/node/extensionHostProcess.js:103:14039)
	at f.value (/opt/visual-studio-code/resources/app/out/vs/workbench/api/node/extensionHostProcess.js:171:7903)
	at n.y (/opt/visual-studio-code/resources/app/out/vs/workbench/api/node/extensionHostProcess.js:80:1902)
	at n.fire (/opt/visual-studio-code/resources/app/out/vs/workbench/api/node/extensionHostProcess.js:80:2119)
	at o.fire (/opt/visual-studio-code/resources/app/out/vs/workbench/api/node/extensionHostProcess.js:103:14039)
	at MessagePortMain.<anonymous> (/opt/visual-studio-code/resources/app/out/vs/workbench/api/node/extensionHostProcess.js:171:6183)
	at MessagePortMain.emit (node:events:513:28)
	at MessagePortMain._internalPort.emit (node:electron/js2c/utility_init:2:367)
2023-12-18 11:20:16.553 [error] Error: Illegal value for `line`
	at m.t (/opt/visual-studio-code/resources/app/out/vs/workbench/api/node/extensionHostProcess.js:138:961)
	at Object.lineAt (/opt/visual-studio-code/resources/app/out/vs/workbench/api/node/extensionHostProcess.js:138:90)
	at CodeParserController.check (/home/dwagn/.vscode/extensions/cschlosser.doxdocgen-1.4.0/out/CodeParserController.js:52:50)
	at CodeParserController.onEvent (/home/dwagn/.vscode/extensions/cschlosser.doxdocgen-1.4.0/out/CodeParserController.js:76:19)
	at CodeParserController.<anonymous> (/home/dwagn/.vscode/extensions/cschlosser.doxdocgen-1.4.0/out/CodeParserController.js:29:22)
	at n.y (/opt/visual-studio-code/resources/app/out/vs/workbench/api/node/extensionHostProcess.js:80:1902)
	at n.z (/opt/visual-studio-code/resources/app/out/vs/workbench/api/node/extensionHostProcess.js:80:1972)
	at n.fire (/opt/visual-studio-code/resources/app/out/vs/workbench/api/node/extensionHostProcess.js:80:2188)
	at m.$acceptModelChanged (/opt/visual-studio-code/resources/app/out/vs/workbench/api/node/extensionHostProcess.js:143:10094)
	at l.S (/opt/visual-studio-code/resources/app/out/vs/workbench/api/node/extensionHostProcess.js:150:10829)
	at l.Q (/opt/visual-studio-code/resources/app/out/vs/workbench/api/node/extensionHostProcess.js:150:10595)
	at l.M (/opt/visual-studio-code/resources/app/out/vs/workbench/api/node/extensionHostProcess.js:150:9685)
	at l.L (/opt/visual-studio-code/resources/app/out/vs/workbench/api/node/extensionHostProcess.js:150:8764)
	at f.value (/opt/visual-studio-code/resources/app/out/vs/workbench/api/node/extensionHostProcess.js:150:7567)
	at n.y (/opt/visual-studio-code/resources/app/out/vs/workbench/api/node/extensionHostProcess.js:80:1902)
	at n.fire (/opt/visual-studio-code/resources/app/out/vs/workbench/api/node/extensionHostProcess.js:80:2119)
	at o.fire (/opt/visual-studio-code/resources/app/out/vs/workbench/api/node/extensionHostProcess.js:103:14039)
	at f.value (/opt/visual-studio-code/resources/app/out/vs/workbench/api/node/extensionHostProcess.js:171:7903)
	at n.y (/opt/visual-studio-code/resources/app/out/vs/workbench/api/node/extensionHostProcess.js:80:1902)
	at n.fire (/opt/visual-studio-code/resources/app/out/vs/workbench/api/node/extensionHostProcess.js:80:2119)
	at o.fire (/opt/visual-studio-code/resources/app/out/vs/workbench/api/node/extensionHostProcess.js:103:14039)
	at MessagePortMain.<anonymous> (/opt/visual-studio-code/resources/app/out/vs/workbench/api/node/extensionHostProcess.js:171:6183)
	at MessagePortMain.emit (node:events:513:28)
	at MessagePortMain._internalPort.emit (node:electron/js2c/utility_init:2:367)
2023-12-18 11:33:00.775 [warning] TextEditor is closed/disposed
2023-12-18 11:33:08.092 [warning] TextEditor is closed/disposed
2023-12-18 11:33:27.690 [warning] TextEditor is closed/disposed
2023-12-18 11:39:33.166 [warning] TextEditor is closed/disposed
2023-12-18 11:40:11.495 [warning] TextEditor is closed/disposed
2023-12-18 11:40:41.029 [warning] TextEditor is closed/disposed
2023-12-18 11:40:47.739 [warning] TextEditor is closed/disposed
2023-12-18 11:43:42.300 [warning] TextEditor is closed/disposed
2023-12-18 11:43:48.474 [warning] TextEditor is closed/disposed
2023-12-18 11:47:05.375 [warning] TextEditor is closed/disposed
2023-12-18 11:47:06.805 [warning] TextEditor is closed/disposed
2023-12-18 11:47:17.114 [warning] TextEditor is closed/disposed
2023-12-18 11:47:25.119 [warning] TextEditor is closed/disposed
2023-12-18 11:49:19.284 [warning] TextEditor is closed/disposed
2023-12-18 11:50:26.888 [warning] TextEditor is closed/disposed
2023-12-18 11:51:33.536 [warning] TextEditor is closed/disposed
2023-12-18 12:01:42.591 [warning] TextEditor is closed/disposed
2023-12-18 12:01:43.221 [warning] Illegal argument: TextEditor(vs.editor.ICodeEditor:3,$model180)
2023-12-18 12:01:46.909 [warning] TextEditor is closed/disposed
2023-12-18 12:03:55.071 [warning] TextEditor is closed/disposed
2023-12-18 12:03:59.189 [warning] TextEditor is closed/disposed
2023-12-18 12:04:51.293 [warning] TextEditor is closed/disposed
2023-12-18 12:04:53.615 [warning] TextEditor is closed/disposed
2023-12-18 12:05:30.114 [warning] TextEditor is closed/disposed
2023-12-18 12:06:16.043 [warning] TextEditor is closed/disposed
2023-12-18 12:08:19.043 [warning] TextEditor is closed/disposed
2023-12-18 12:08:20.166 [warning] TextEditor is closed/disposed
2023-12-18 12:08:31.072 [warning] TextEditor is closed/disposed
2023-12-18 12:09:26.202 [warning] TextEditor is closed/disposed
2023-12-18 12:09:49.122 [warning] TextEditor is closed/disposed
2023-12-18 12:09:49.928 [warning] TextEditor is closed/disposed
2023-12-18 12:16:34.758 [warning] TextEditor is closed/disposed
2023-12-18 12:16:40.411 [warning] TextEditor is closed/disposed
2023-12-18 12:22:49.195 [warning] TextEditor is closed/disposed
2023-12-18 12:23:01.587 [warning] TextEditor is closed/disposed
2023-12-18 12:30:31.812 [warning] TextEditor is closed/disposed
2023-12-18 12:31:44.667 [warning] TextEditor is closed/disposed
2023-12-18 12:36:16.748 [warning] TextEditor is closed/disposed
2023-12-18 12:36:46.122 [warning] TextEditor is closed/disposed
2023-12-18 12:36:47.018 [warning] TextEditor is closed/disposed
2023-12-18 12:36:50.531 [warning] TextEditor is closed/disposed
2023-12-18 12:37:53.911 [warning] TextEditor is closed/disposed
2023-12-18 12:38:04.065 [warning] TextEditor is closed/disposed
2023-12-18 12:38:18.409 [warning] TextEditor is closed/disposed
2023-12-18 12:38:56.602 [warning] TextEditor is closed/disposed
2023-12-18 12:40:22.627 [warning] TextEditor is closed/disposed
2023-12-18 12:40:52.426 [warning] TextEditor is closed/disposed
2023-12-18 12:40:54.608 [warning] TextEditor is closed/disposed
2023-12-18 12:45:26.968 [warning] TextEditor is closed/disposed
2023-12-18 12:45:36.608 [warning] TextEditor is closed/disposed
2023-12-18 12:49:59.566 [warning] TextEditor is closed/disposed
2023-12-18 12:50:17.229 [warning] TextEditor is closed/disposed
2023-12-18 13:05:53.475 [warning] TextEditor is closed/disposed
2023-12-18 13:06:19.224 [warning] TextEditor is closed/disposed
2023-12-18 13:06:23.740 [warning] TextEditor is closed/disposed
2023-12-18 13:12:38.412 [warning] TextEditor is closed/disposed
2023-12-18 13:17:11.015 [warning] TextEditor is closed/disposed
2023-12-18 13:24:58.649 [warning] TextEditor is closed/disposed
2023-12-18 13:31:15.024 [warning] TextEditor is closed/disposed
2023-12-18 13:31:57.093 [warning] TextEditor is closed/disposed
2023-12-18 13:32:06.892 [warning] TextEditor is closed/disposed
2023-12-18 13:32:15.950 [warning] TextEditor is closed/disposed
2023-12-18 13:34:00.663 [warning] TextEditor is closed/disposed
2023-12-18 13:34:27.837 [warning] TextEditor is closed/disposed
2023-12-18 13:34:51.192 [warning] TextEditor is closed/disposed
2023-12-18 13:38:00.351 [warning] TextEditor is closed/disposed
2023-12-18 13:38:09.743 [warning] TextEditor is closed/disposed
2023-12-18 13:38:21.439 [warning] TextEditor is closed/disposed
2023-12-18 13:42:28.613 [warning] TextEditor is closed/disposed
2023-12-18 13:42:31.480 [warning] TextEditor is closed/disposed
2023-12-18 13:42:45.394 [warning] TextEditor is closed/disposed
2023-12-18 13:44:11.042 [warning] TextEditor is closed/disposed
2023-12-18 13:45:43.674 [warning] TextEditor is closed/disposed
2023-12-18 14:12:19.068 [warning] TextEditor is closed/disposed
2023-12-18 14:12:21.413 [warning] TextEditor is closed/disposed
2023-12-18 14:44:09.292 [warning] TextEditor is closed/disposed
2023-12-18 14:44:09.956 [warning] TextEditor is closed/disposed
2023-12-18 14:44:25.477 [warning] TextEditor is closed/disposed
2023-12-18 14:44:33.229 [warning] TextEditor is closed/disposed
2023-12-18 14:44:35.070 [warning] TextEditor is closed/disposed
2023-12-18 14:44:37.783 [warning] TextEditor is closed/disposed
2023-12-18 14:44:53.884 [warning] TextEditor is closed/disposed
2023-12-18 14:44:55.112 [warning] TextEditor is closed/disposed
2023-12-18 14:45:05.600 [warning] TextEditor is closed/disposed
2023-12-18 14:45:11.498 [warning] TextEditor is closed/disposed
2023-12-18 14:46:38.664 [warning] TextEditor is closed/disposed
2023-12-18 14:47:15.673 [warning] TextEditor is closed/disposed
2023-12-18 14:48:19.286 [warning] TextEditor is closed/disposed
2023-12-18 14:49:15.323 [warning] TextEditor is closed/disposed
2023-12-18 14:50:49.968 [warning] TextEditor is closed/disposed
2023-12-18 14:51:14.181 [warning] TextEditor is closed/disposed
2023-12-18 14:52:14.261 [warning] TextEditor is closed/disposed
2023-12-18 14:52:43.981 [warning] TextEditor is closed/disposed
2023-12-18 14:52:54.572 [warning] TextEditor is closed/disposed
2023-12-18 14:52:55.514 [warning] TextEditor is closed/disposed
2023-12-18 14:53:41.531 [warning] TextEditor is closed/disposed
2023-12-18 14:54:19.672 [warning] TextEditor is closed/disposed
2023-12-18 14:54:21.655 [warning] TextEditor is closed/disposed
2023-12-18 14:54:22.089 [warning] TextEditor is closed/disposed
2023-12-18 14:54:32.478 [warning] TextEditor is closed/disposed
2023-12-18 14:54:34.094 [warning] TextEditor is closed/disposed
2023-12-18 14:55:15.489 [warning] TextEditor is closed/disposed
2023-12-18 14:55:21.285 [warning] TextEditor is closed/disposed
2023-12-18 14:55:23.714 [warning] TextEditor is closed/disposed
2023-12-18 14:55:34.555 [warning] TextEditor is closed/disposed
2023-12-18 14:55:35.592 [warning] TextEditor is closed/disposed
2023-12-18 14:55:40.986 [warning] TextEditor is closed/disposed
2023-12-18 15:06:07.451 [warning] TextEditor is closed/disposed
2023-12-18 15:06:07.522 [info] ExtensionService#_doActivateExtension JeffersonQin.latex-snippets-jeff, startup: false, activationEvent: 'onLanguage:latex'
2023-12-18 15:08:56.125 [error] Error: Illegal value for `line`
	at m.t (/opt/visual-studio-code/resources/app/out/vs/workbench/api/node/extensionHostProcess.js:138:961)
	at Object.lineAt (/opt/visual-studio-code/resources/app/out/vs/workbench/api/node/extensionHostProcess.js:138:90)
	at CodeParserController.check (/home/dwagn/.vscode/extensions/cschlosser.doxdocgen-1.4.0/out/CodeParserController.js:52:50)
	at CodeParserController.onEvent (/home/dwagn/.vscode/extensions/cschlosser.doxdocgen-1.4.0/out/CodeParserController.js:76:19)
	at CodeParserController.<anonymous> (/home/dwagn/.vscode/extensions/cschlosser.doxdocgen-1.4.0/out/CodeParserController.js:29:22)
	at n.y (/opt/visual-studio-code/resources/app/out/vs/workbench/api/node/extensionHostProcess.js:80:1902)
	at n.z (/opt/visual-studio-code/resources/app/out/vs/workbench/api/node/extensionHostProcess.js:80:1972)
	at n.fire (/opt/visual-studio-code/resources/app/out/vs/workbench/api/node/extensionHostProcess.js:80:2188)
	at m.$acceptModelChanged (/opt/visual-studio-code/resources/app/out/vs/workbench/api/node/extensionHostProcess.js:143:10094)
	at l.S (/opt/visual-studio-code/resources/app/out/vs/workbench/api/node/extensionHostProcess.js:150:10829)
	at l.Q (/opt/visual-studio-code/resources/app/out/vs/workbench/api/node/extensionHostProcess.js:150:10595)
	at l.M (/opt/visual-studio-code/resources/app/out/vs/workbench/api/node/extensionHostProcess.js:150:9685)
	at l.L (/opt/visual-studio-code/resources/app/out/vs/workbench/api/node/extensionHostProcess.js:150:8764)
	at f.value (/opt/visual-studio-code/resources/app/out/vs/workbench/api/node/extensionHostProcess.js:150:7567)
	at n.y (/opt/visual-studio-code/resources/app/out/vs/workbench/api/node/extensionHostProcess.js:80:1902)
	at n.fire (/opt/visual-studio-code/resources/app/out/vs/workbench/api/node/extensionHostProcess.js:80:2119)
	at o.fire (/opt/visual-studio-code/resources/app/out/vs/workbench/api/node/extensionHostProcess.js:103:14039)
	at f.value (/opt/visual-studio-code/resources/app/out/vs/workbench/api/node/extensionHostProcess.js:171:7903)
	at n.y (/opt/visual-studio-code/resources/app/out/vs/workbench/api/node/extensionHostProcess.js:80:1902)
	at n.fire (/opt/visual-studio-code/resources/app/out/vs/workbench/api/node/extensionHostProcess.js:80:2119)
	at o.fire (/opt/visual-studio-code/resources/app/out/vs/workbench/api/node/extensionHostProcess.js:103:14039)
	at MessagePortMain.<anonymous> (/opt/visual-studio-code/resources/app/out/vs/workbench/api/node/extensionHostProcess.js:171:6183)
	at MessagePortMain.emit (node:events:513:28)
	at MessagePortMain._internalPort.emit (node:electron/js2c/utility_init:2:367)
2023-12-18 15:42:46.801 [error] [eamodio.gitlens] provider FAILED
2023-12-18 15:42:46.802 [error] Error: Illegal value for `line`
	at m.t (/opt/visual-studio-code/resources/app/out/vs/workbench/api/node/extensionHostProcess.js:138:961)
	at Object.lineAt (/opt/visual-studio-code/resources/app/out/vs/workbench/api/node/extensionHostProcess.js:138:90)
	at GitCodeLensProvider.provideCodeLens (/home/dwagn/.vscode/extensions/eamodio.gitlens-14.6.1/dist/feature-codelens.js:1:4902)
	at GitCodeLensProvider.provideCodeLens (/home/dwagn/.vscode/extensions/eamodio.gitlens-14.6.1/dist/feature-codelens.js:1:5851)
	at GitCodeLensProvider.provideCodeLens (/home/dwagn/.vscode/extensions/eamodio.gitlens-14.6.1/dist/feature-codelens.js:1:5851)
	at GitCodeLensProvider.provideCodeLenses (/home/dwagn/.vscode/extensions/eamodio.gitlens-14.6.1/dist/feature-codelens.js:1:2630)
	at async l.provideCodeLenses (/opt/visual-studio-code/resources/app/out/vs/workbench/api/node/extensionHostProcess.js:143:40654)
2023-12-18 15:48:41.588 [error] [eamodio.gitlens] provider FAILED
2023-12-18 15:48:41.590 [error] Error: Illegal value for `line`
	at m.t (/opt/visual-studio-code/resources/app/out/vs/workbench/api/node/extensionHostProcess.js:138:961)
	at Object.lineAt (/opt/visual-studio-code/resources/app/out/vs/workbench/api/node/extensionHostProcess.js:138:90)
	at GitCodeLensProvider.provideCodeLens (/home/dwagn/.vscode/extensions/eamodio.gitlens-14.6.1/dist/feature-codelens.js:1:4902)
	at GitCodeLensProvider.provideCodeLens (/home/dwagn/.vscode/extensions/eamodio.gitlens-14.6.1/dist/feature-codelens.js:1:5851)
	at GitCodeLensProvider.provideCodeLens (/home/dwagn/.vscode/extensions/eamodio.gitlens-14.6.1/dist/feature-codelens.js:1:5851)
	at GitCodeLensProvider.provideCodeLenses (/home/dwagn/.vscode/extensions/eamodio.gitlens-14.6.1/dist/feature-codelens.js:1:2630)
	at async l.provideCodeLenses (/opt/visual-studio-code/resources/app/out/vs/workbench/api/node/extensionHostProcess.js:143:40654)
2023-12-18 16:32:52.322 [info] Extension host terminating: renderer closed the MessagePort
2023-12-18 16:32:52.381 [warning] Canceled
2023-12-18 16:32:52.385 [error] TypeError: r.some is not a function
	at d.saveToDisk (/home/dwagn/.vscode/extensions/vscodevim.vim-1.27.1/out/extension.js:2:675539)
	at t.deactivate (/home/dwagn/.vscode/extensions/vscodevim.vim-1.27.1/out/extension.js:2:213749)
	at f.cb (/opt/visual-studio-code/resources/app/out/vs/workbench/api/node/extensionHostProcess.js:154:9678)
	at /opt/visual-studio-code/resources/app/out/vs/workbench/api/node/extensionHostProcess.js:154:7808
	at Array.map (<anonymous>)
	at f.Y (/opt/visual-studio-code/resources/app/out/vs/workbench/api/node/extensionHostProcess.js:154:7795)
	at f.terminate (/opt/visual-studio-code/resources/app/out/vs/workbench/api/node/extensionHostProcess.js:154:8068)
	at s.terminate (/opt/visual-studio-code/resources/app/out/vs/workbench/api/node/extensionHostProcess.js:158:1513)
	at a (/opt/visual-studio-code/resources/app/out/vs/workbench/api/node/extensionHostProcess.js:171:9802)
	at MessagePortMain.<anonymous> (/opt/visual-studio-code/resources/app/out/vs/workbench/api/node/extensionHostProcess.js:171:6227)
	at MessagePortMain.emit (node:events:513:28)
	at MessagePortMain._internalPort.emit (node:electron/js2c/utility_init:2:367)
2023-12-18 16:32:52.386 [error] Canceled: Canceled
	at new g (/opt/visual-studio-code/resources/app/out/vs/workbench/api/node/extensionHostProcess.js:141:110274)
	at l.U (/opt/visual-studio-code/resources/app/out/vs/workbench/api/node/extensionHostProcess.js:150:10866)
	at P.<computed>.j.charCodeAt.P.<computed> (/opt/visual-studio-code/resources/app/out/vs/workbench/api/node/extensionHostProcess.js:150:8317)
	at d.g (/opt/visual-studio-code/resources/app/out/vs/workbench/api/node/extensionHostProcess.js:141:139555)
	at d.executeCommand (/opt/visual-studio-code/resources/app/out/vs/workbench/api/node/extensionHostProcess.js:141:138993)
	at p.registerCommand.description (/opt/visual-studio-code/resources/app/out/vs/workbench/api/node/extensionHostProcess.js:141:138317)
	at d.h (/opt/visual-studio-code/resources/app/out/vs/workbench/api/node/extensionHostProcess.js:141:140094)
	at d.g (/opt/visual-studio-code/resources/app/out/vs/workbench/api/node/extensionHostProcess.js:141:139086)
	at d.executeCommand (/opt/visual-studio-code/resources/app/out/vs/workbench/api/node/extensionHostProcess.js:141:138993)
	at Object.executeCommand (/opt/visual-studio-code/resources/app/out/vs/workbench/api/node/extensionHostProcess.js:158:21333)
	at f.I [as value] (/opt/visual-studio-code/resources/app/extensions/git/dist/main.js:2:924696)
	at n.y (/opt/visual-studio-code/resources/app/out/vs/workbench/api/node/extensionHostProcess.js:80:1902)
	at n.z (/opt/visual-studio-code/resources/app/out/vs/workbench/api/node/extensionHostProcess.js:80:1972)
	at n.fire (/opt/visual-studio-code/resources/app/out/vs/workbench/api/node/extensionHostProcess.js:80:2188)
	at Object.m [as dispose] (/opt/visual-studio-code/resources/app/extensions/git/dist/main.js:2:940613)
	at /opt/visual-studio-code/resources/app/extensions/git/dist/main.js:2:945566
	at Array.forEach (<anonymous>)
	at p.dispose (/opt/visual-studio-code/resources/app/extensions/git/dist/main.js:2:945552)
	at u.<anonymous> (/opt/visual-studio-code/resources/app/out/vs/workbench/api/node/extensionHostProcess.js:137:3620)
	at u.dispose (/opt/visual-studio-code/resources/app/out/vs/workbench/api/node/extensionHostProcess.js:137:3717)
	at u.<anonymous> (/opt/visual-studio-code/resources/app/extensions/git/dist/main.js:2:926708)
	at u.dispose (/opt/visual-studio-code/resources/app/out/vs/workbench/api/node/extensionHostProcess.js:137:3717)
	at s (/opt/visual-studio-code/resources/app/out/vs/workbench/api/node/extensionHostProcess.js:30:754)
	at f.cb (/opt/visual-studio-code/resources/app/out/vs/workbench/api/node/extensionHostProcess.js:154:9873)
	at /opt/visual-studio-code/resources/app/out/vs/workbench/api/node/extensionHostProcess.js:154:7808
	at Array.map (<anonymous>)
	at f.Y (/opt/visual-studio-code/resources/app/out/vs/workbench/api/node/extensionHostProcess.js:154:7795)
	at f.terminate (/opt/visual-studio-code/resources/app/out/vs/workbench/api/node/extensionHostProcess.js:154:8068)
	at s.terminate (/opt/visual-studio-code/resources/app/out/vs/workbench/api/node/extensionHostProcess.js:158:1513)
	at a (/opt/visual-studio-code/resources/app/out/vs/workbench/api/node/extensionHostProcess.js:171:9802)
	at MessagePortMain.<anonymous> (/opt/visual-studio-code/resources/app/out/vs/workbench/api/node/extensionHostProcess.js:171:6227)
	at MessagePortMain.emit (node:events:513:28)
	at MessagePortMain._internalPort.emit (node:electron/js2c/utility_init:2:367) setContext undefined
2023-12-18 16:32:52.387 [error] Canceled: Canceled
	at new g (/opt/visual-studio-code/resources/app/out/vs/workbench/api/node/extensionHostProcess.js:141:110274)
	at l.U (/opt/visual-studio-code/resources/app/out/vs/workbench/api/node/extensionHostProcess.js:150:10866)
	at P.<computed>.j.charCodeAt.P.<computed> (/opt/visual-studio-code/resources/app/out/vs/workbench/api/node/extensionHostProcess.js:150:8317)
	at d.g (/opt/visual-studio-code/resources/app/out/vs/workbench/api/node/extensionHostProcess.js:141:139555)
	at d.executeCommand (/opt/visual-studio-code/resources/app/out/vs/workbench/api/node/extensionHostProcess.js:141:138993)
	at p.registerCommand.description (/opt/visual-studio-code/resources/app/out/vs/workbench/api/node/extensionHostProcess.js:141:138317)
	at d.h (/opt/visual-studio-code/resources/app/out/vs/workbench/api/node/extensionHostProcess.js:141:140094)
	at d.g (/opt/visual-studio-code/resources/app/out/vs/workbench/api/node/extensionHostProcess.js:141:139086)
	at d.executeCommand (/opt/visual-studio-code/resources/app/out/vs/workbench/api/node/extensionHostProcess.js:141:138993)
	at Object.executeCommand (/opt/visual-studio-code/resources/app/out/vs/workbench/api/node/extensionHostProcess.js:158:21333)
	at set b [as b] (/opt/visual-studio-code/resources/app/extensions/github/dist/extension.js:2:322364)
	at /opt/visual-studio-code/resources/app/extensions/github/dist/extension.js:2:323005
	at f.value (/opt/visual-studio-code/resources/app/extensions/git/dist/main.js:2:1016450)
	at n.y (/opt/visual-studio-code/resources/app/out/vs/workbench/api/node/extensionHostProcess.js:80:1902)
	at n.z (/opt/visual-studio-code/resources/app/out/vs/workbench/api/node/extensionHostProcess.js:80:1972)
	at n.fire (/opt/visual-studio-code/resources/app/out/vs/workbench/api/node/extensionHostProcess.js:80:2188)
	at Object.m [as dispose] (/opt/visual-studio-code/resources/app/extensions/git/dist/main.js:2:940613)
	at /opt/visual-studio-code/resources/app/extensions/git/dist/main.js:2:945566
	at Array.forEach (<anonymous>)
	at p.dispose (/opt/visual-studio-code/resources/app/extensions/git/dist/main.js:2:945552)
	at u.<anonymous> (/opt/visual-studio-code/resources/app/out/vs/workbench/api/node/extensionHostProcess.js:137:3620)
	at u.dispose (/opt/visual-studio-code/resources/app/out/vs/workbench/api/node/extensionHostProcess.js:137:3717)
	at u.<anonymous> (/opt/visual-studio-code/resources/app/extensions/git/dist/main.js:2:926708)
	at u.dispose (/opt/visual-studio-code/resources/app/out/vs/workbench/api/node/extensionHostProcess.js:137:3717)
	at s (/opt/visual-studio-code/resources/app/out/vs/workbench/api/node/extensionHostProcess.js:30:754)
	at f.cb (/opt/visual-studio-code/resources/app/out/vs/workbench/api/node/extensionHostProcess.js:154:9873)
	at /opt/visual-studio-code/resources/app/out/vs/workbench/api/node/extensionHostProcess.js:154:7808
	at Array.map (<anonymous>)
	at f.Y (/opt/visual-studio-code/resources/app/out/vs/workbench/api/node/extensionHostProcess.js:154:7795)
	at f.terminate (/opt/visual-studio-code/resources/app/out/vs/workbench/api/node/extensionHostProcess.js:154:8068)
	at s.terminate (/opt/visual-studio-code/resources/app/out/vs/workbench/api/node/extensionHostProcess.js:158:1513)
	at a (/opt/visual-studio-code/resources/app/out/vs/workbench/api/node/extensionHostProcess.js:171:9802)
	at MessagePortMain.<anonymous> (/opt/visual-studio-code/resources/app/out/vs/workbench/api/node/extensionHostProcess.js:171:6227)
	at MessagePortMain.emit (node:events:513:28)
	at MessagePortMain._internalPort.emit (node:electron/js2c/utility_init:2:367) setContext undefined
2023-12-18 16:32:52.387 [error] Canceled: Canceled
	at new g (/opt/visual-studio-code/resources/app/out/vs/workbench/api/node/extensionHostProcess.js:141:110274)
	at l.U (/opt/visual-studio-code/resources/app/out/vs/workbench/api/node/extensionHostProcess.js:150:10866)
	at P.<computed>.j.charCodeAt.P.<computed> (/opt/visual-studio-code/resources/app/out/vs/workbench/api/node/extensionHostProcess.js:150:8317)
	at d.g (/opt/visual-studio-code/resources/app/out/vs/workbench/api/node/extensionHostProcess.js:141:139555)
	at d.executeCommand (/opt/visual-studio-code/resources/app/out/vs/workbench/api/node/extensionHostProcess.js:141:138993)
	at p.registerCommand.description (/opt/visual-studio-code/resources/app/out/vs/workbench/api/node/extensionHostProcess.js:141:138317)
	at d.h (/opt/visual-studio-code/resources/app/out/vs/workbench/api/node/extensionHostProcess.js:141:140094)
	at d.g (/opt/visual-studio-code/resources/app/out/vs/workbench/api/node/extensionHostProcess.js:141:139086)
	at d.executeCommand (/opt/visual-studio-code/resources/app/out/vs/workbench/api/node/extensionHostProcess.js:141:138993)
	at Object.executeCommand (/opt/visual-studio-code/resources/app/out/vs/workbench/api/node/extensionHostProcess.js:158:21333)
	at w (/home/dwagn/.vscode/extensions/eamodio.gitlens-14.6.1/dist/gitlens.js:1077:40599)
	at h (/home/dwagn/.vscode/extensions/eamodio.gitlens-14.6.1/dist/gitlens.js:1077:45646)
	at ActionRunners._updateContextKeys (/home/dwagn/.vscode/extensions/eamodio.gitlens-14.6.1/dist/gitlens.js:663:17278)
	at s (/home/dwagn/.vscode/extensions/eamodio.gitlens-14.6.1/dist/gitlens.js:663:15722)
	at RegisteredActionRunner.unregister (/home/dwagn/.vscode/extensions/eamodio.gitlens-14.6.1/dist/gitlens.js:663:15865)
	at RegisteredActionRunner.dispose (/home/dwagn/.vscode/extensions/eamodio.gitlens-14.6.1/dist/gitlens.js:663:14518)
	at ActionRunners.dispose (/home/dwagn/.vscode/extensions/eamodio.gitlens-14.6.1/dist/gitlens.js:663:15305)
	at /home/dwagn/.vscode/extensions/eamodio.gitlens-14.6.1/dist/gitlens.js:1037:19246
	at Array.forEach (<anonymous>)
	at Object.dispose (/home/dwagn/.vscode/extensions/eamodio.gitlens-14.6.1/dist/gitlens.js:1037:19228)
	at s (/opt/visual-studio-code/resources/app/out/vs/workbench/api/node/extensionHostProcess.js:30:754)
	at f.cb (/opt/visual-studio-code/resources/app/out/vs/workbench/api/node/extensionHostProcess.js:154:9873)
	at /opt/visual-studio-code/resources/app/out/vs/workbench/api/node/extensionHostProcess.js:154:7808
	at Array.map (<anonymous>)
	at f.Y (/opt/visual-studio-code/resources/app/out/vs/workbench/api/node/extensionHostProcess.js:154:7795)
	at f.terminate (/opt/visual-studio-code/resources/app/out/vs/workbench/api/node/extensionHostProcess.js:154:8068)
	at s.terminate (/opt/visual-studio-code/resources/app/out/vs/workbench/api/node/extensionHostProcess.js:158:1513)
	at a (/opt/visual-studio-code/resources/app/out/vs/workbench/api/node/extensionHostProcess.js:171:9802)
	at MessagePortMain.<anonymous> (/opt/visual-studio-code/resources/app/out/vs/workbench/api/node/extensionHostProcess.js:171:6227)
	at MessagePortMain.emit (node:events:513:28)
	at MessagePortMain._internalPort.emit (node:electron/js2c/utility_init:2:367) setContext undefined
2023-12-18 16:32:52.387 [error] Canceled: Canceled
	at new g (/opt/visual-studio-code/resources/app/out/vs/workbench/api/node/extensionHostProcess.js:141:110274)
	at l.U (/opt/visual-studio-code/resources/app/out/vs/workbench/api/node/extensionHostProcess.js:150:10866)
	at P.<computed>.j.charCodeAt.P.<computed> (/opt/visual-studio-code/resources/app/out/vs/workbench/api/node/extensionHostProcess.js:150:8317)
	at d.g (/opt/visual-studio-code/resources/app/out/vs/workbench/api/node/extensionHostProcess.js:141:139555)
	at d.executeCommand (/opt/visual-studio-code/resources/app/out/vs/workbench/api/node/extensionHostProcess.js:141:138993)
	at p.registerCommand.description (/opt/visual-studio-code/resources/app/out/vs/workbench/api/node/extensionHostProcess.js:141:138317)
	at d.h (/opt/visual-studio-code/resources/app/out/vs/workbench/api/node/extensionHostProcess.js:141:140094)
	at d.g (/opt/visual-studio-code/resources/app/out/vs/workbench/api/node/extensionHostProcess.js:141:139086)
	at d.executeCommand (/opt/visual-studio-code/resources/app/out/vs/workbench/api/node/extensionHostProcess.js:141:138993)
	at Object.executeCommand (/opt/visual-studio-code/resources/app/out/vs/workbench/api/node/extensionHostProcess.js:158:21333)
	at w (/home/dwagn/.vscode/extensions/eamodio.gitlens-14.6.1/dist/gitlens.js:1077:40599)
	at h (/home/dwagn/.vscode/extensions/eamodio.gitlens-14.6.1/dist/gitlens.js:1077:45646)
	at ActionRunners._updateContextKeys (/home/dwagn/.vscode/extensions/eamodio.gitlens-14.6.1/dist/gitlens.js:663:17278)
	at s (/home/dwagn/.vscode/extensions/eamodio.gitlens-14.6.1/dist/gitlens.js:663:15722)
	at RegisteredActionRunner.unregister (/home/dwagn/.vscode/extensions/eamodio.gitlens-14.6.1/dist/gitlens.js:663:15865)
	at RegisteredActionRunner.dispose (/home/dwagn/.vscode/extensions/eamodio.gitlens-14.6.1/dist/gitlens.js:663:14518)
	at ActionRunners.dispose (/home/dwagn/.vscode/extensions/eamodio.gitlens-14.6.1/dist/gitlens.js:663:15305)
	at /home/dwagn/.vscode/extensions/eamodio.gitlens-14.6.1/dist/gitlens.js:1037:19246
	at Array.forEach (<anonymous>)
	at Object.dispose (/home/dwagn/.vscode/extensions/eamodio.gitlens-14.6.1/dist/gitlens.js:1037:19228)
	at s (/opt/visual-studio-code/resources/app/out/vs/workbench/api/node/extensionHostProcess.js:30:754)
	at f.cb (/opt/visual-studio-code/resources/app/out/vs/workbench/api/node/extensionHostProcess.js:154:9873)
	at /opt/visual-studio-code/resources/app/out/vs/workbench/api/node/extensionHostProcess.js:154:7808
	at Array.map (<anonymous>)
	at f.Y (/opt/visual-studio-code/resources/app/out/vs/workbench/api/node/extensionHostProcess.js:154:7795)
	at f.terminate (/opt/visual-studio-code/resources/app/out/vs/workbench/api/node/extensionHostProcess.js:154:8068)
	at s.terminate (/opt/visual-studio-code/resources/app/out/vs/workbench/api/node/extensionHostProcess.js:158:1513)
	at a (/opt/visual-studio-code/resources/app/out/vs/workbench/api/node/extensionHostProcess.js:171:9802)
	at MessagePortMain.<anonymous> (/opt/visual-studio-code/resources/app/out/vs/workbench/api/node/extensionHostProcess.js:171:6227)
	at MessagePortMain.emit (node:events:513:28)
	at MessagePortMain._internalPort.emit (node:electron/js2c/utility_init:2:367) setContext undefined
2023-12-18 16:32:52.387 [error] Canceled: Canceled
	at new g (/opt/visual-studio-code/resources/app/out/vs/workbench/api/node/extensionHostProcess.js:141:110274)
	at l.U (/opt/visual-studio-code/resources/app/out/vs/workbench/api/node/extensionHostProcess.js:150:10866)
	at P.<computed>.j.charCodeAt.P.<computed> (/opt/visual-studio-code/resources/app/out/vs/workbench/api/node/extensionHostProcess.js:150:8317)
	at d.g (/opt/visual-studio-code/resources/app/out/vs/workbench/api/node/extensionHostProcess.js:141:139555)
	at d.executeCommand (/opt/visual-studio-code/resources/app/out/vs/workbench/api/node/extensionHostProcess.js:141:138993)
	at p.registerCommand.description (/opt/visual-studio-code/resources/app/out/vs/workbench/api/node/extensionHostProcess.js:141:138317)
	at d.h (/opt/visual-studio-code/resources/app/out/vs/workbench/api/node/extensionHostProcess.js:141:140094)
	at d.g (/opt/visual-studio-code/resources/app/out/vs/workbench/api/node/extensionHostProcess.js:141:139086)
	at d.executeCommand (/opt/visual-studio-code/resources/app/out/vs/workbench/api/node/extensionHostProcess.js:141:138993)
	at Object.executeCommand (/opt/visual-studio-code/resources/app/out/vs/workbench/api/node/extensionHostProcess.js:158:21333)
	at w (/home/dwagn/.vscode/extensions/eamodio.gitlens-14.6.1/dist/gitlens.js:1077:40599)
	at h (/home/dwagn/.vscode/extensions/eamodio.gitlens-14.6.1/dist/gitlens.js:1077:45646)
	at ActionRunners._updateContextKeys (/home/dwagn/.vscode/extensions/eamodio.gitlens-14.6.1/dist/gitlens.js:663:17278)
	at s (/home/dwagn/.vscode/extensions/eamodio.gitlens-14.6.1/dist/gitlens.js:663:15722)
	at RegisteredActionRunner.unregister (/home/dwagn/.vscode/extensions/eamodio.gitlens-14.6.1/dist/gitlens.js:663:15865)
	at RegisteredActionRunner.dispose (/home/dwagn/.vscode/extensions/eamodio.gitlens-14.6.1/dist/gitlens.js:663:14518)
	at ActionRunners.dispose (/home/dwagn/.vscode/extensions/eamodio.gitlens-14.6.1/dist/gitlens.js:663:15305)
	at /home/dwagn/.vscode/extensions/eamodio.gitlens-14.6.1/dist/gitlens.js:1037:19246
	at Array.forEach (<anonymous>)
	at Object.dispose (/home/dwagn/.vscode/extensions/eamodio.gitlens-14.6.1/dist/gitlens.js:1037:19228)
	at s (/opt/visual-studio-code/resources/app/out/vs/workbench/api/node/extensionHostProcess.js:30:754)
	at f.cb (/opt/visual-studio-code/resources/app/out/vs/workbench/api/node/extensionHostProcess.js:154:9873)
	at /opt/visual-studio-code/resources/app/out/vs/workbench/api/node/extensionHostProcess.js:154:7808
	at Array.map (<anonymous>)
	at f.Y (/opt/visual-studio-code/resources/app/out/vs/workbench/api/node/extensionHostProcess.js:154:7795)
	at f.terminate (/opt/visual-studio-code/resources/app/out/vs/workbench/api/node/extensionHostProcess.js:154:8068)
	at s.terminate (/opt/visual-studio-code/resources/app/out/vs/workbench/api/node/extensionHostProcess.js:158:1513)
	at a (/opt/visual-studio-code/resources/app/out/vs/workbench/api/node/extensionHostProcess.js:171:9802)
	at MessagePortMain.<anonymous> (/opt/visual-studio-code/resources/app/out/vs/workbench/api/node/extensionHostProcess.js:171:6227)
	at MessagePortMain.emit (node:events:513:28)
	at MessagePortMain._internalPort.emit (node:electron/js2c/utility_init:2:367) setContext undefined
2023-12-18 16:32:52.470 [error] [ms-vscode.cpptools] provider FAILED
2023-12-18 16:32:52.470 [error] Error: Pending response rejected since connection got disposed
	at Object.dispose (/home/dwagn/.vscode/extensions/ms-vscode.cpptools-1.18.5-linux-x64/dist/src/main.js:66327:27)
	at Object.dispose (/home/dwagn/.vscode/extensions/ms-vscode.cpptools-1.18.5-linux-x64/dist/src/main.js:70079:35)
	at /home/dwagn/.vscode/extensions/ms-vscode.cpptools-1.18.5-linux-x64/dist/src/main.js:69494:28
	at process.processTicksAndRejections (node:internal/process/task_queues:95:5)
	at async Object.deactivate (/home/dwagn/.vscode/extensions/ms-vscode.cpptools-1.18.5-linux-x64/dist/src/main.js:97847:5)
	at async Promise.all (index 19)
	at async f.Y (/opt/visual-studio-code/resources/app/out/vs/workbench/api/node/extensionHostProcess.js:154:7823)
2023-12-18 16:32:52.470 [error] [ms-vscode.cpptools] provider FAILED
2023-12-18 16:32:52.470 [error] Error: Pending response rejected since connection got disposed
	at Object.dispose (/home/dwagn/.vscode/extensions/ms-vscode.cpptools-1.18.5-linux-x64/dist/src/main.js:66327:27)
	at Object.dispose (/home/dwagn/.vscode/extensions/ms-vscode.cpptools-1.18.5-linux-x64/dist/src/main.js:70079:35)
	at /home/dwagn/.vscode/extensions/ms-vscode.cpptools-1.18.5-linux-x64/dist/src/main.js:69494:28
	at process.processTicksAndRejections (node:internal/process/task_queues:95:5)
	at async Object.deactivate (/home/dwagn/.vscode/extensions/ms-vscode.cpptools-1.18.5-linux-x64/dist/src/main.js:97847:5)
	at async Promise.all (index 19)
	at async f.Y (/opt/visual-studio-code/resources/app/out/vs/workbench/api/node/extensionHostProcess.js:154:7823)
2023-12-18 16:32:52.471 [info] Extension host with pid 3008 exiting with code 0
