[15:37:34.889][Logger] New log placeholder %WS1% registered for /home/dwagn/pi_pico_env .
[15:37:34.889][Build][Recipe] Set $LATEXWORKSHOP_DOCKER_LATEX: ""
[15:37:34.952][Server] Creating LaTeX Workshop http and websocket server.
[15:37:35.060][Server] Server successfully started: {"address":"127.0.0.1","family":"IPv4","port":38285} .
[15:37:35.103][Extension] Initializing LaTeX Workshop.
[15:37:35.103][Extension] Extension root: /home/dwagn/.vscode/extensions/james-yu.latex-workshop-9.15.8
[15:37:35.103][Extension] $PATH: /home/dwagn/.pyenv/shims:/home/dwagn/.pyenv/versions/2.7.18/lib:/home/dwagn:/home/dwagn/.config/emacs/bin:/usr/local/sbin:/usr/local/bin:/usr/bin:/usr/lib/jvm/default/bin:/usr/bin/site_perl:/usr/bin/vendor_perl:/usr/bin/core_perl
[15:37:35.103][Extension] $SHELL: /bin/bash
[15:37:35.104][Extension] $LANG: en_US.UTF-8
[15:37:35.104][Extension] $LC_ALL: undefined
[15:37:35.104][Extension] process.platform: linux
[15:37:35.104][Extension] process.arch: x64
[15:37:35.104][Extension] vscode.env.appName: Visual Studio Code
[15:37:35.104][Extension] vscode.env.remoteName: undefined
[15:37:35.105][Extension] vscode.env.uiKind: 1
[15:37:35.164][Extension] LaTeX Workshop initialized.
[15:37:35.171][Format][Bib] Bibtex format config: {"tab":"  ","case":"lowercase","left":"{","right":"}","trailingComma":false,"sort":["key"],"alignOnEqual":true,"sortFields":false,"fieldsOrder":[],"firstEntries":["string","xdata"]}
[15:37:35.172][Extension] Trigger characters for intellisense of LaTeX documents: ["\\",",","{"]
[15:37:35.174][Root] Current workspace folders: ["file://%WS1%"]
[15:37:35.176][Root] Found root file from active editor: %WS1%/final_report/EECE_458_Final_Report.tex
[15:37:35.176][Root] Root file changed: from %WS1%/final_report/EECE_458_Final_Report.tex to %WS1%/final_report/EECE_458_Final_Report.tex, langID latex . Refresh dependencies
[15:37:35.176][Event] ROOT_FILE_CHANGED: "%WS1%/final_report/EECE_458_Final_Report.tex"
[15:37:35.177][Cacher][Watcher] Reset.
[15:37:35.178][Cacher][Watcher] Reset.
[15:37:35.178][Cacher][Watcher] Reset.
[15:37:35.183][Cacher] Adding %WS1%/final_report/EECE_458_Final_Report.tex .
[15:37:35.184][Cacher][Watcher] Watched %WS1%/final_report/EECE_458_Final_Report.tex with a new watcher on %WS1%/final_report .
[15:37:35.184][Event] FILE_WATCHED: "%WS1%/final_report/EECE_458_Final_Report.tex"
[15:37:35.186][Cacher] Caching %WS1%/final_report/EECE_458_Final_Report.tex .
[15:37:35.187][Cacher] Updated inputs of %WS1%/final_report/EECE_458_Final_Report.tex .
[15:37:35.187][Cacher] Parse LaTeX AST: %WS1%/final_report/EECE_458_Final_Report.tex .
[15:37:35.187][Event] ROOT_FILE_SEARCHED
[15:37:35.252][Server] valdOrigin is http://127.0.0.1:38285
[15:37:35.312][Cacher] Parsed LaTeX AST: %WS1%/final_report/EECE_458_Final_Report.tex .
[15:37:35.313][File] Calling kpsewhich to resolve article.cls .
[15:37:35.490][Cacher] Updated elements in 177.56 ms: %WS1%/final_report/EECE_458_Final_Report.tex .
[15:37:35.492][Event] FILE_PARSED: "%WS1%/final_report/EECE_458_Final_Report.tex"
[15:37:35.496][Structure] Structure force updated with 0 root sections for %WS1%/final_report/EECE_458_Final_Report.tex .
[15:37:35.497][Event] STRUCTURE_UPDATED
[15:37:56.255][Extension] onDidSaveTextDocument triggered: file://%WS1%/final_report/EECE_458_Final_Report.tex
[15:37:56.325][Cacher][Watcher] "change" emitted on %WS1%/final_report/EECE_458_Final_Report.tex.
[15:37:56.327][Cacher] Caching %WS1%/final_report/EECE_458_Final_Report.tex .
[15:37:56.328][Cacher] Updated inputs of %WS1%/final_report/EECE_458_Final_Report.tex .
[15:37:56.328][Cacher] Parse LaTeX AST: %WS1%/final_report/EECE_458_Final_Report.tex .
[15:37:56.329][Build] Auto build starteddetecting the change of a file: %WS1%/final_report/EECE_458_Final_Report.tex .
[15:37:56.329][Event] AUTO_BUILD_INITIATED: {"type":"onFileChange","file":"%WS1%/final_report/EECE_458_Final_Report.tex"}
[15:37:56.329][Build] The document of the active editor: file://%WS1%/final_report/EECE_458_Final_Report.tex
[15:37:56.330][Build] The languageId of the document: latex
[15:37:56.330][Build] Building root file: %WS1%/final_report/EECE_458_Final_Report.tex
[15:37:56.330][Build][Recipe] Build root file %WS1%/final_report/EECE_458_Final_Report.tex
[15:37:56.331][Event] FILE_CHANGED: "%WS1%/final_report/EECE_458_Final_Report.tex"
[15:37:56.336][Build][Recipe] Preparing to run recipe: latexmk.
[15:37:56.337][Build][Recipe] Prepared 1 tools.
[15:37:56.359][Build][Recipe] outDir: %WS1%/final_report .
[15:37:56.361][Build] Recipe step 1 The command is latexmk:["-synctex=1","-interaction=nonstopmode","-file-line-error","-pdf","-outdir=%WS1%/final_report","%WS1%/final_report/EECE_458_Final_Report"].
[15:37:56.361][Build] env: {}
[15:37:56.361][Build] root: %WS1%/final_report/EECE_458_Final_Report.tex
[15:37:56.362][Build] cwd: %WS1%/final_report
[15:37:56.376][Build] LaTeX build process spawned with PID 11836.
[15:37:56.424][Cacher] Parsed LaTeX AST: %WS1%/final_report/EECE_458_Final_Report.tex .
[15:37:56.424][File] Calling kpsewhich to resolve article.cls .
[15:37:56.552][Cacher] Updated elements in 127.41 ms: %WS1%/final_report/EECE_458_Final_Report.tex .
[15:37:56.553][Event] FILE_PARSED: "%WS1%/final_report/EECE_458_Final_Report.tex"
[15:37:56.553][Structure] Structure force updated with 10 root sections for %WS1%/final_report/EECE_458_Final_Report.tex .
[15:37:56.554][Event] STRUCTURE_UPDATED
[15:37:58.552][Parser][TexLog] Logged 6 messages.
[15:37:58.554][Build] Recipe returns with error code 12/null on PID 11836.
[15:37:58.556][Build] Does the executable exist? $PATH: /home/dwagn/.pyenv/shims:/home/dwagn/.pyenv/versions/2.7.18/lib:/home/dwagn:/home/dwagn/.config/emacs/bin:/usr/local/sbin:/usr/local/bin:/usr/bin:/usr/lib/jvm/default/bin:/usr/bin/site_perl:/usr/bin/vendor_perl:/usr/bin/core_perl, $Path: undefined, $SHELL: /bin/bash
[15:37:58.556][Build] Latexmk: Missing input file 'EECE_458_Final_Report.toc' (or dependence on it) from following:
  No file EECE_458_Final_Report.toc.
Latexmk: If appropriate, the -f option can be used to get latexmk
  to try to force complete processing.

[15:37:58.557][Build] Cleaning auxiliary files and retrying build after toolchain error.
[15:37:58.558][Cleaner] Clean temporary files command The command is latexmk:["-c","%WS1%/final_report/EECE_458_Final_Report.tex"].
[15:37:58.573][Build] Recipe step 1 The command is latexmk:["-synctex=1","-interaction=nonstopmode","-file-line-error","-pdf","-outdir=%WS1%/final_report","%WS1%/final_report/EECE_458_Final_Report"].
[15:37:58.573][Build] env: {}
[15:37:58.573][Build] root: %WS1%/final_report/EECE_458_Final_Report.tex
[15:37:58.574][Build] cwd: %WS1%/final_report
[15:37:58.589][Build] LaTeX build process spawned with PID 11843.
[15:37:58.706][Event] AUTO_CLEANED
[15:38:00.589][Parser][TexLog] Logged 6 messages.
[15:38:00.590][Build] Recipe returns with error code 12/null on PID 11843.
[15:38:00.590][Build] Does the executable exist? $PATH: /home/dwagn/.pyenv/shims:/home/dwagn/.pyenv/versions/2.7.18/lib:/home/dwagn:/home/dwagn/.config/emacs/bin:/usr/local/sbin:/usr/local/bin:/usr/bin:/usr/lib/jvm/default/bin:/usr/bin/site_perl:/usr/bin/vendor_perl:/usr/bin/core_perl, $Path: undefined, $SHELL: /bin/bash
[15:38:00.590][Build] Latexmk: Missing input file 'EECE_458_Final_Report.aux' (or dependence on it) from following:
  No file EECE_458_Final_Report.aux.
Latexmk: Missing input file 'EECE_458_Final_Report.toc' (or dependence on it) from following:
  No file EECE_458_Final_Report.toc.
Latexmk: If appropriate, the -f option can be used to get latexmk
  to try to force complete processing.

[15:38:47.031][Extension] onDidSaveTextDocument triggered: file://%WS1%/final_report/EECE_458_Final_Report.tex
[15:38:47.102][Cacher][Watcher] "change" emitted on %WS1%/final_report/EECE_458_Final_Report.tex.
[15:38:47.104][Cacher] Caching %WS1%/final_report/EECE_458_Final_Report.tex .
[15:38:47.105][Cacher] Updated inputs of %WS1%/final_report/EECE_458_Final_Report.tex .
[15:38:47.105][Cacher] Parse LaTeX AST: %WS1%/final_report/EECE_458_Final_Report.tex .
[15:38:47.105][Build] Auto build starteddetecting the change of a file: %WS1%/final_report/EECE_458_Final_Report.tex .
[15:38:47.106][Event] AUTO_BUILD_INITIATED: {"type":"onFileChange","file":"%WS1%/final_report/EECE_458_Final_Report.tex"}
[15:38:47.106][Build] The document of the active editor: file://%WS1%/final_report/EECE_458_Final_Report.tex
[15:38:47.106][Build] The languageId of the document: latex
[15:38:47.106][Build] Building root file: %WS1%/final_report/EECE_458_Final_Report.tex
[15:38:47.106][Build][Recipe] Build root file %WS1%/final_report/EECE_458_Final_Report.tex
[15:38:47.107][Event] FILE_CHANGED: "%WS1%/final_report/EECE_458_Final_Report.tex"
[15:38:47.108][Build][Recipe] Preparing to run recipe: latexmk.
[15:38:47.108][Build][Recipe] Prepared 1 tools.
[15:38:47.109][Build][Recipe] outDir: %WS1%/final_report .
[15:38:47.110][Build] Recipe step 1 The command is latexmk:["-synctex=1","-interaction=nonstopmode","-file-line-error","-pdf","-outdir=%WS1%/final_report","%WS1%/final_report/EECE_458_Final_Report"].
[15:38:47.110][Build] env: {}
[15:38:47.110][Build] root: %WS1%/final_report/EECE_458_Final_Report.tex
[15:38:47.110][Build] cwd: %WS1%/final_report
[15:38:47.122][Build] LaTeX build process spawned with PID 11856.
[15:38:47.200][Cacher] Parsed LaTeX AST: %WS1%/final_report/EECE_458_Final_Report.tex .
[15:38:47.201][File] Calling kpsewhich to resolve article.cls .
[15:38:47.326][Cacher] Updated elements in 125.45 ms: %WS1%/final_report/EECE_458_Final_Report.tex .
[15:38:47.327][Event] FILE_PARSED: "%WS1%/final_report/EECE_458_Final_Report.tex"
[15:38:47.328][Structure] Structure force updated with 10 root sections for %WS1%/final_report/EECE_458_Final_Report.tex .
[15:38:47.328][Event] STRUCTURE_UPDATED
[15:38:49.077][Parser][TexLog] Logged 3 messages.
[15:38:49.078][Build] Recipe returns with error code 12/null on PID 11856.
[15:38:49.078][Build] Does the executable exist? $PATH: /home/dwagn/.pyenv/shims:/home/dwagn/.pyenv/versions/2.7.18/lib:/home/dwagn:/home/dwagn/.config/emacs/bin:/usr/local/sbin:/usr/local/bin:/usr/bin:/usr/lib/jvm/default/bin:/usr/bin/site_perl:/usr/bin/vendor_perl:/usr/bin/core_perl, $Path: undefined, $SHELL: /bin/bash
[15:38:49.078][Build] Latexmk: If appropriate, the -f option can be used to get latexmk
  to try to force complete processing.

[15:38:49.079][Build] Cleaning auxiliary files and retrying build after toolchain error.
[15:38:49.079][Cleaner] Clean temporary files command The command is latexmk:["-c","%WS1%/final_report/EECE_458_Final_Report.tex"].
[15:38:49.092][Build] Recipe step 1 The command is latexmk:["-synctex=1","-interaction=nonstopmode","-file-line-error","-pdf","-outdir=%WS1%/final_report","%WS1%/final_report/EECE_458_Final_Report"].
[15:38:49.092][Build] env: {}
[15:38:49.092][Build] root: %WS1%/final_report/EECE_458_Final_Report.tex
[15:38:49.093][Build] cwd: %WS1%/final_report
[15:38:49.104][Build] LaTeX build process spawned with PID 11863.
[15:38:49.202][Event] AUTO_CLEANED
[15:38:51.046][Parser][TexLog] Logged 3 messages.
[15:38:51.047][Build] Recipe returns with error code 12/null on PID 11863.
[15:38:51.047][Build] Does the executable exist? $PATH: /home/dwagn/.pyenv/shims:/home/dwagn/.pyenv/versions/2.7.18/lib:/home/dwagn:/home/dwagn/.config/emacs/bin:/usr/local/sbin:/usr/local/bin:/usr/bin:/usr/lib/jvm/default/bin:/usr/bin/site_perl:/usr/bin/vendor_perl:/usr/bin/core_perl, $Path: undefined, $SHELL: /bin/bash
[15:38:51.047][Build] Latexmk: Missing input file 'EECE_458_Final_Report.toc' (or dependence on it) from following:
  No file EECE_458_Final_Report.toc.
Latexmk: If appropriate, the -f option can be used to get latexmk
  to try to force complete processing.

[15:38:54.721][Extension] onDidSaveTextDocument triggered: file://%WS1%/final_report/EECE_458_Final_Report.tex
[15:38:54.794][Cacher][Watcher] "change" emitted on %WS1%/final_report/EECE_458_Final_Report.tex.
[15:38:54.796][Cacher] Caching %WS1%/final_report/EECE_458_Final_Report.tex .
[15:38:54.796][Cacher] Updated inputs of %WS1%/final_report/EECE_458_Final_Report.tex .
[15:38:54.797][Cacher] Parse LaTeX AST: %WS1%/final_report/EECE_458_Final_Report.tex .
[15:38:54.797][Build] Auto build starteddetecting the change of a file: %WS1%/final_report/EECE_458_Final_Report.tex .
[15:38:54.797][Event] AUTO_BUILD_INITIATED: {"type":"onFileChange","file":"%WS1%/final_report/EECE_458_Final_Report.tex"}
[15:38:54.797][Build] The document of the active editor: file://%WS1%/final_report/EECE_458_Final_Report.tex
[15:38:54.797][Build] The languageId of the document: latex
[15:38:54.798][Build] Building root file: %WS1%/final_report/EECE_458_Final_Report.tex
[15:38:54.798][Build][Recipe] Build root file %WS1%/final_report/EECE_458_Final_Report.tex
[15:38:54.798][Event] FILE_CHANGED: "%WS1%/final_report/EECE_458_Final_Report.tex"
[15:38:54.799][Build][Recipe] Preparing to run recipe: latexmk.
[15:38:54.799][Build][Recipe] Prepared 1 tools.
[15:38:54.800][Build][Recipe] outDir: %WS1%/final_report .
[15:38:54.801][Build] Recipe step 1 The command is latexmk:["-synctex=1","-interaction=nonstopmode","-file-line-error","-pdf","-outdir=%WS1%/final_report","%WS1%/final_report/EECE_458_Final_Report"].
[15:38:54.801][Build] env: {}
[15:38:54.801][Build] root: %WS1%/final_report/EECE_458_Final_Report.tex
[15:38:54.802][Build] cwd: %WS1%/final_report
[15:38:54.813][Build] LaTeX build process spawned with PID 11872.
[15:38:54.862][Cacher] Parsed LaTeX AST: %WS1%/final_report/EECE_458_Final_Report.tex .
[15:38:54.862][File] Calling kpsewhich to resolve article.cls .
[15:38:54.984][Cacher] Updated elements in 122.15 ms: %WS1%/final_report/EECE_458_Final_Report.tex .
[15:38:54.985][Event] FILE_PARSED: "%WS1%/final_report/EECE_458_Final_Report.tex"
[15:38:54.986][Structure] Structure force updated with 10 root sections for %WS1%/final_report/EECE_458_Final_Report.tex .
[15:38:54.986][Event] STRUCTURE_UPDATED
[15:38:55.004][Build] Recipe returns with error code 12/null on PID 11872.
[15:38:55.004][Build] Does the executable exist? $PATH: /home/dwagn/.pyenv/shims:/home/dwagn/.pyenv/versions/2.7.18/lib:/home/dwagn:/home/dwagn/.config/emacs/bin:/usr/local/sbin:/usr/local/bin:/usr/bin:/usr/lib/jvm/default/bin:/usr/bin/site_perl:/usr/bin/vendor_perl:/usr/bin/core_perl, $Path: undefined, $SHELL: /bin/bash
[15:38:55.004][Build] Latexmk: If appropriate, the -f option can be used to get latexmk
  to try to force complete processing.

[15:38:55.006][Build] Cleaning auxiliary files and retrying build after toolchain error.
[15:38:55.007][Cleaner] Clean temporary files command The command is latexmk:["-c","%WS1%/final_report/EECE_458_Final_Report.tex"].
[15:38:55.018][Build] Recipe step 1 The command is latexmk:["-synctex=1","-interaction=nonstopmode","-file-line-error","-pdf","-outdir=%WS1%/final_report","%WS1%/final_report/EECE_458_Final_Report"].
[15:38:55.019][Build] env: {}
[15:38:55.019][Build] root: %WS1%/final_report/EECE_458_Final_Report.tex
[15:38:55.020][Build] cwd: %WS1%/final_report
[15:38:55.031][Build] LaTeX build process spawned with PID 11876.
[15:38:55.133][Event] AUTO_CLEANED
[15:38:56.973][Parser][TexLog] Logged 3 messages.
[15:38:56.974][Build] Recipe returns with error code 12/null on PID 11876.
[15:38:56.975][Build] Does the executable exist? $PATH: /home/dwagn/.pyenv/shims:/home/dwagn/.pyenv/versions/2.7.18/lib:/home/dwagn:/home/dwagn/.config/emacs/bin:/usr/local/sbin:/usr/local/bin:/usr/bin:/usr/lib/jvm/default/bin:/usr/bin/site_perl:/usr/bin/vendor_perl:/usr/bin/core_perl, $Path: undefined, $SHELL: /bin/bash
[15:38:56.975][Build] Latexmk: Missing input file 'EECE_458_Final_Report.toc' (or dependence on it) from following:
  No file EECE_458_Final_Report.toc.
Latexmk: If appropriate, the -f option can be used to get latexmk
  to try to force complete processing.

[15:39:07.216][Extension] onDidSaveTextDocument triggered: file://%WS1%/final_report/EECE_458_Final_Report.tex
[15:39:07.287][Cacher][Watcher] "change" emitted on %WS1%/final_report/EECE_458_Final_Report.tex.
[15:39:07.288][Cacher] Caching %WS1%/final_report/EECE_458_Final_Report.tex .
[15:39:07.288][Cacher] Updated inputs of %WS1%/final_report/EECE_458_Final_Report.tex .
[15:39:07.289][Cacher] Parse LaTeX AST: %WS1%/final_report/EECE_458_Final_Report.tex .
[15:39:07.289][Build] Auto build starteddetecting the change of a file: %WS1%/final_report/EECE_458_Final_Report.tex .
[15:39:07.289][Event] AUTO_BUILD_INITIATED: {"type":"onFileChange","file":"%WS1%/final_report/EECE_458_Final_Report.tex"}
[15:39:07.289][Build] The document of the active editor: file://%WS1%/final_report/EECE_458_Final_Report.tex
[15:39:07.289][Build] The languageId of the document: latex
[15:39:07.290][Build] Building root file: %WS1%/final_report/EECE_458_Final_Report.tex
[15:39:07.290][Build][Recipe] Build root file %WS1%/final_report/EECE_458_Final_Report.tex
[15:39:07.290][Event] FILE_CHANGED: "%WS1%/final_report/EECE_458_Final_Report.tex"
[15:39:07.291][Build][Recipe] Preparing to run recipe: latexmk.
[15:39:07.292][Build][Recipe] Prepared 1 tools.
[15:39:07.293][Build][Recipe] outDir: %WS1%/final_report .
[15:39:07.294][Build] Recipe step 1 The command is latexmk:["-synctex=1","-interaction=nonstopmode","-file-line-error","-pdf","-outdir=%WS1%/final_report","%WS1%/final_report/EECE_458_Final_Report"].
[15:39:07.294][Build] env: {}
[15:39:07.294][Build] root: %WS1%/final_report/EECE_458_Final_Report.tex
[15:39:07.295][Build] cwd: %WS1%/final_report
[15:39:07.306][Build] LaTeX build process spawned with PID 11887.
[15:39:07.337][Cacher] Parsed LaTeX AST: %WS1%/final_report/EECE_458_Final_Report.tex .
[15:39:07.338][File] Calling kpsewhich to resolve article.cls .
[15:39:07.469][Cacher] Updated elements in 131.47 ms: %WS1%/final_report/EECE_458_Final_Report.tex .
[15:39:07.470][Event] FILE_PARSED: "%WS1%/final_report/EECE_458_Final_Report.tex"
[15:39:07.471][Structure] Structure force updated with 10 root sections for %WS1%/final_report/EECE_458_Final_Report.tex .
[15:39:07.471][Event] STRUCTURE_UPDATED
[15:39:09.413][Parser][TexLog] Logged 7 messages.
[15:39:09.413][Build] Recipe returns with error code 12/null on PID 11887.
[15:39:09.414][Build] Does the executable exist? $PATH: /home/dwagn/.pyenv/shims:/home/dwagn/.pyenv/versions/2.7.18/lib:/home/dwagn:/home/dwagn/.config/emacs/bin:/usr/local/sbin:/usr/local/bin:/usr/bin:/usr/lib/jvm/default/bin:/usr/bin/site_perl:/usr/bin/vendor_perl:/usr/bin/core_perl, $Path: undefined, $SHELL: /bin/bash
[15:39:09.414][Build] Latexmk: Missing input file 'docs/full_schematic.pdf' (or dependence on it) from following:
  LaTeX Warning: File `docs/full_schematic.pdf' not found on input line 176.
Latexmk: If appropriate, the -f option can be used to get latexmk
  to try to force complete processing.

[15:39:09.414][Build] Cleaning auxiliary files and retrying build after toolchain error.
[15:39:09.415][Cleaner] Clean temporary files command The command is latexmk:["-c","%WS1%/final_report/EECE_458_Final_Report.tex"].
[15:39:09.428][Build] Recipe step 1 The command is latexmk:["-synctex=1","-interaction=nonstopmode","-file-line-error","-pdf","-outdir=%WS1%/final_report","%WS1%/final_report/EECE_458_Final_Report"].
[15:39:09.429][Build] env: {}
[15:39:09.429][Build] root: %WS1%/final_report/EECE_458_Final_Report.tex
[15:39:09.429][Build] cwd: %WS1%/final_report
[15:39:09.441][Build] LaTeX build process spawned with PID 11894.
[15:39:09.537][Event] AUTO_CLEANED
[15:39:11.549][Parser][TexLog] Logged 7 messages.
[15:39:11.550][Build] Recipe returns with error code 12/null on PID 11894.
[15:39:11.550][Build] Does the executable exist? $PATH: /home/dwagn/.pyenv/shims:/home/dwagn/.pyenv/versions/2.7.18/lib:/home/dwagn:/home/dwagn/.config/emacs/bin:/usr/local/sbin:/usr/local/bin:/usr/bin:/usr/lib/jvm/default/bin:/usr/bin/site_perl:/usr/bin/vendor_perl:/usr/bin/core_perl, $Path: undefined, $SHELL: /bin/bash
[15:39:11.551][Build] Latexmk: Missing input file 'EECE_458_Final_Report.toc' (or dependence on it) from following:
  No file EECE_458_Final_Report.toc.
Latexmk: Missing input file 'docs/full_schematic.pdf' (or dependence on it) from following:
  LaTeX Warning: File `docs/full_schematic.pdf' not found on input line 176.
Latexmk: If appropriate, the -f option can be used to get latexmk
  to try to force complete processing.

[15:39:32.312][Extension] onDidSaveTextDocument triggered: file://%WS1%/final_report/EECE_458_Final_Report.tex
[15:39:32.383][Cacher][Watcher] "change" emitted on %WS1%/final_report/EECE_458_Final_Report.tex.
[15:39:32.384][Cacher] Caching %WS1%/final_report/EECE_458_Final_Report.tex .
[15:39:32.385][Cacher] Updated inputs of %WS1%/final_report/EECE_458_Final_Report.tex .
[15:39:32.385][Cacher] Parse LaTeX AST: %WS1%/final_report/EECE_458_Final_Report.tex .
[15:39:32.385][Build] Auto build starteddetecting the change of a file: %WS1%/final_report/EECE_458_Final_Report.tex .
[15:39:32.385][Event] AUTO_BUILD_INITIATED: {"type":"onFileChange","file":"%WS1%/final_report/EECE_458_Final_Report.tex"}
[15:39:32.386][Build] The document of the active editor: file://%WS1%/final_report/EECE_458_Final_Report.tex
[15:39:32.386][Build] The languageId of the document: latex
[15:39:32.386][Build] Building root file: %WS1%/final_report/EECE_458_Final_Report.tex
[15:39:32.386][Build][Recipe] Build root file %WS1%/final_report/EECE_458_Final_Report.tex
[15:39:32.386][Event] FILE_CHANGED: "%WS1%/final_report/EECE_458_Final_Report.tex"
[15:39:32.387][Build][Recipe] Preparing to run recipe: latexmk.
[15:39:32.388][Build][Recipe] Prepared 1 tools.
[15:39:32.389][Build][Recipe] outDir: %WS1%/final_report .
[15:39:32.390][Build] Recipe step 1 The command is latexmk:["-synctex=1","-interaction=nonstopmode","-file-line-error","-pdf","-outdir=%WS1%/final_report","%WS1%/final_report/EECE_458_Final_Report"].
[15:39:32.390][Build] env: {}
[15:39:32.390][Build] root: %WS1%/final_report/EECE_458_Final_Report.tex
[15:39:32.391][Build] cwd: %WS1%/final_report
[15:39:32.403][Build] LaTeX build process spawned with PID 11909.
[15:39:32.445][Cacher] Parsed LaTeX AST: %WS1%/final_report/EECE_458_Final_Report.tex .
[15:39:32.445][File] Calling kpsewhich to resolve article.cls .
[15:39:32.576][Cacher] Updated elements in 131.09 ms: %WS1%/final_report/EECE_458_Final_Report.tex .
[15:39:32.577][Event] FILE_PARSED: "%WS1%/final_report/EECE_458_Final_Report.tex"
[15:39:32.578][Structure] Structure force updated with 10 root sections for %WS1%/final_report/EECE_458_Final_Report.tex .
[15:39:32.578][Event] STRUCTURE_UPDATED
[15:39:36.465][Parser][TexLog] Logged 2 messages.
[15:39:36.466][Build] Finished a step in recipe with PID 11909.
[15:39:36.467][Build] Successfully built %WS1%/final_report/EECE_458_Final_Report.tex .
[15:39:36.467][Event] BUILD_DONE
[15:39:36.467][Viewer] Call refreshExistingViewer: "%WS1%/final_report/EECE_458_Final_Report.pdf" .
[15:39:36.468][Viewer] Not found PDF viewers to refresh: %WS1%/final_report/EECE_458_Final_Report.pdf
[15:39:36.468][Cacher] Parsing .fls %WS1%/final_report/EECE_458_Final_Report.fls .
[15:39:36.509][Cacher] Adding %WS1%/final_report/images/analog_block.png .
[15:39:36.509][Cacher][Watcher] Watched %WS1%/final_report/images/analog_block.png with a new watcher on %WS1%/final_report/images .
[15:39:36.510][Event] FILE_WATCHED: "%WS1%/final_report/images/analog_block.png"
[15:39:36.510][Cacher] Found .aux %WS1%/final_report/EECE_458_Final_Report.tex from .fls %WS1%/final_report/EECE_458_Final_Report.fls , parsing.
[15:39:36.511][Cacher] Parsed .aux %WS1%/final_report/EECE_458_Final_Report.tex .
[15:39:36.511][Cacher] Parsed .fls %WS1%/final_report/EECE_458_Final_Report.fls .
[15:39:43.028][Viewer][Panel] Internal PDF viewer at http://127.0.0.1:38285/viewer.html?file=pdf..ZmlsZSUzQSUyRiUyRiUyRmhvbWUlMkZkd2FnbiUyRnBpX3BpY29fZW52JTJGZmluYWxfcmVwb3J0JTJGRUVDRV80NThfRmluYWxfUmVwb3J0LnBkZg .
[15:39:43.029][Cacher][Watcher] Watched %WS1%/final_report/EECE_458_Final_Report.pdf with a new watcher on %WS1%/final_report .
[15:39:43.029][Event] FILE_WATCHED: "%WS1%/final_report/EECE_458_Final_Report.pdf"
[15:39:43.239][Viewer] Handle data type: open
[15:39:43.346][Server] Preview PDF file: file://%WS1%/final_report/EECE_458_Final_Report.pdf
[15:39:43.504][Viewer] Handle data type: loaded
[15:39:43.505][Event] VIEWER_PAGE_LOADED
[15:40:00.759][Event] STRUCTURE_UPDATED
[15:42:06.753][Cacher][Watcher] Reset.
[15:42:06.753][Cacher][Watcher] Reset.
[15:42:06.753][Cacher][Watcher] Reset.
