2023-12-18 15:02:53.611 [info] Extension host with pid 45539 started
2023-12-18 15:02:53.611 [info] Skipping acquiring lock for /home/dwagn/.config/Code/User/workspaceStorage/1b60ad248ff47495285e5d3252b45f27.
2023-12-18 15:02:53.755 [info] ExtensionService#_doActivateExtension vscode.git-base, startup: true, activationEvent: '*', root cause: vscode.git
2023-12-18 15:02:53.789 [info] ExtensionService#_doActivateExtension vscode.git, startup: true, activationEvent: '*'
2023-12-18 15:02:53.817 [info] ExtensionService#_doActivateExtension vscode.github, startup: true, activationEvent: '*'
2023-12-18 15:02:53.864 [info] Eager extensions activated
2023-12-18 15:02:53.928 [info] ExtensionService#_doActivateExtension vscode.debug-auto-launch, startup: false, activationEvent: 'onStartupFinished'
2023-12-18 15:02:53.931 [info] ExtensionService#_doActivateExtension vscode.merge-conflict, startup: false, activationEvent: 'onStartupFinished'
2023-12-18 15:02:53.935 [info] ExtensionService#_doActivateExtension alexnesnes.teleplot, startup: false, activationEvent: 'onStartupFinished'
2023-12-18 15:02:53.956 [info] ExtensionService#_doActivateExtension eamodio.gitlens, startup: false, activationEvent: 'onStartupFinished'
2023-12-18 15:02:53.989 [info] ExtensionService#_doActivateExtension monokai.theme-monokai-pro-vscode, startup: false, activationEvent: 'onStartupFinished'
2023-12-18 15:02:53.992 [info] ExtensionService#_doActivateExtension ms-vscode-remote.remote-wsl, startup: false, activationEvent: 'onStartupFinished'
2023-12-18 15:02:54.003 [info] ExtensionService#_doActivateExtension vscodevim.vim, startup: false, activationEvent: 'onStartupFinished'
2023-12-18 15:02:54.214 [info] ExtensionService#_doActivateExtension ms-vsliveshare.vsliveshare, startup: false, activationEvent: 'api', root cause: eamodio.gitlens
2023-12-18 15:02:54.506 [info] ExtensionService#_doActivateExtension vscode.github-authentication, startup: false, activationEvent: 'onAuthenticationRequest:github'
2023-12-18 15:02:54.531 [info] ExtensionService#_doActivateExtension vscode.microsoft-authentication, startup: false, activationEvent: 'onAuthenticationRequest:microsoft'
2023-12-18 15:02:55.597 [info] Extension host terminating: renderer closed the MessagePort
2023-12-18 15:02:55.634 [error] Canceled: Canceled
	at new g (/opt/visual-studio-code/resources/app/out/vs/workbench/api/node/extensionHostProcess.js:141:110274)
	at l.U (/opt/visual-studio-code/resources/app/out/vs/workbench/api/node/extensionHostProcess.js:150:10866)
	at P.<computed>.j.charCodeAt.P.<computed> (/opt/visual-studio-code/resources/app/out/vs/workbench/api/node/extensionHostProcess.js:150:8317)
	at d.g (/opt/visual-studio-code/resources/app/out/vs/workbench/api/node/extensionHostProcess.js:141:139555)
	at d.executeCommand (/opt/visual-studio-code/resources/app/out/vs/workbench/api/node/extensionHostProcess.js:141:138993)
	at p.registerCommand.description (/opt/visual-studio-code/resources/app/out/vs/workbench/api/node/extensionHostProcess.js:141:138317)
	at d.h (/opt/visual-studio-code/resources/app/out/vs/workbench/api/node/extensionHostProcess.js:141:140094)
	at d.g (/opt/visual-studio-code/resources/app/out/vs/workbench/api/node/extensionHostProcess.js:141:139086)
	at d.executeCommand (/opt/visual-studio-code/resources/app/out/vs/workbench/api/node/extensionHostProcess.js:141:138993)
	at Object.executeCommand (/opt/visual-studio-code/resources/app/out/vs/workbench/api/node/extensionHostProcess.js:158:21333)
	at w (/home/dwagn/.vscode/extensions/eamodio.gitlens-14.6.1/dist/gitlens.js:1077:40599)
	at h (/home/dwagn/.vscode/extensions/eamodio.gitlens-14.6.1/dist/gitlens.js:1077:45646)
	at ActionRunners._updateContextKeys (/home/dwagn/.vscode/extensions/eamodio.gitlens-14.6.1/dist/gitlens.js:663:17278)
	at s (/home/dwagn/.vscode/extensions/eamodio.gitlens-14.6.1/dist/gitlens.js:663:15722)
	at RegisteredActionRunner.unregister (/home/dwagn/.vscode/extensions/eamodio.gitlens-14.6.1/dist/gitlens.js:663:15865)
	at RegisteredActionRunner.dispose (/home/dwagn/.vscode/extensions/eamodio.gitlens-14.6.1/dist/gitlens.js:663:14518)
	at ActionRunners.dispose (/home/dwagn/.vscode/extensions/eamodio.gitlens-14.6.1/dist/gitlens.js:663:15305)
	at /home/dwagn/.vscode/extensions/eamodio.gitlens-14.6.1/dist/gitlens.js:1037:19246
	at Array.forEach (<anonymous>)
	at Object.dispose (/home/dwagn/.vscode/extensions/eamodio.gitlens-14.6.1/dist/gitlens.js:1037:19228)
	at s (/opt/visual-studio-code/resources/app/out/vs/workbench/api/node/extensionHostProcess.js:30:754)
	at f.cb (/opt/visual-studio-code/resources/app/out/vs/workbench/api/node/extensionHostProcess.js:154:9873)
	at /opt/visual-studio-code/resources/app/out/vs/workbench/api/node/extensionHostProcess.js:154:7808
	at Array.map (<anonymous>)
	at f.Y (/opt/visual-studio-code/resources/app/out/vs/workbench/api/node/extensionHostProcess.js:154:7795)
	at f.terminate (/opt/visual-studio-code/resources/app/out/vs/workbench/api/node/extensionHostProcess.js:154:8068)
	at s.terminate (/opt/visual-studio-code/resources/app/out/vs/workbench/api/node/extensionHostProcess.js:158:1513)
	at a (/opt/visual-studio-code/resources/app/out/vs/workbench/api/node/extensionHostProcess.js:171:9802)
	at MessagePortMain.<anonymous> (/opt/visual-studio-code/resources/app/out/vs/workbench/api/node/extensionHostProcess.js:171:6227)
	at MessagePortMain.emit (node:events:513:28)
	at MessagePortMain._internalPort.emit (node:electron/js2c/utility_init:2:367) setContext undefined
2023-12-18 15:02:55.634 [error] Canceled: Canceled
	at new g (/opt/visual-studio-code/resources/app/out/vs/workbench/api/node/extensionHostProcess.js:141:110274)
	at l.U (/opt/visual-studio-code/resources/app/out/vs/workbench/api/node/extensionHostProcess.js:150:10866)
	at P.<computed>.j.charCodeAt.P.<computed> (/opt/visual-studio-code/resources/app/out/vs/workbench/api/node/extensionHostProcess.js:150:8317)
	at d.g (/opt/visual-studio-code/resources/app/out/vs/workbench/api/node/extensionHostProcess.js:141:139555)
	at d.executeCommand (/opt/visual-studio-code/resources/app/out/vs/workbench/api/node/extensionHostProcess.js:141:138993)
	at p.registerCommand.description (/opt/visual-studio-code/resources/app/out/vs/workbench/api/node/extensionHostProcess.js:141:138317)
	at d.h (/opt/visual-studio-code/resources/app/out/vs/workbench/api/node/extensionHostProcess.js:141:140094)
	at d.g (/opt/visual-studio-code/resources/app/out/vs/workbench/api/node/extensionHostProcess.js:141:139086)
	at d.executeCommand (/opt/visual-studio-code/resources/app/out/vs/workbench/api/node/extensionHostProcess.js:141:138993)
	at Object.executeCommand (/opt/visual-studio-code/resources/app/out/vs/workbench/api/node/extensionHostProcess.js:158:21333)
	at w (/home/dwagn/.vscode/extensions/eamodio.gitlens-14.6.1/dist/gitlens.js:1077:40599)
	at h (/home/dwagn/.vscode/extensions/eamodio.gitlens-14.6.1/dist/gitlens.js:1077:45646)
	at ActionRunners._updateContextKeys (/home/dwagn/.vscode/extensions/eamodio.gitlens-14.6.1/dist/gitlens.js:663:17278)
	at s (/home/dwagn/.vscode/extensions/eamodio.gitlens-14.6.1/dist/gitlens.js:663:15722)
	at RegisteredActionRunner.unregister (/home/dwagn/.vscode/extensions/eamodio.gitlens-14.6.1/dist/gitlens.js:663:15865)
	at RegisteredActionRunner.dispose (/home/dwagn/.vscode/extensions/eamodio.gitlens-14.6.1/dist/gitlens.js:663:14518)
	at ActionRunners.dispose (/home/dwagn/.vscode/extensions/eamodio.gitlens-14.6.1/dist/gitlens.js:663:15305)
	at /home/dwagn/.vscode/extensions/eamodio.gitlens-14.6.1/dist/gitlens.js:1037:19246
	at Array.forEach (<anonymous>)
	at Object.dispose (/home/dwagn/.vscode/extensions/eamodio.gitlens-14.6.1/dist/gitlens.js:1037:19228)
	at s (/opt/visual-studio-code/resources/app/out/vs/workbench/api/node/extensionHostProcess.js:30:754)
	at f.cb (/opt/visual-studio-code/resources/app/out/vs/workbench/api/node/extensionHostProcess.js:154:9873)
	at /opt/visual-studio-code/resources/app/out/vs/workbench/api/node/extensionHostProcess.js:154:7808
	at Array.map (<anonymous>)
	at f.Y (/opt/visual-studio-code/resources/app/out/vs/workbench/api/node/extensionHostProcess.js:154:7795)
	at f.terminate (/opt/visual-studio-code/resources/app/out/vs/workbench/api/node/extensionHostProcess.js:154:8068)
	at s.terminate (/opt/visual-studio-code/resources/app/out/vs/workbench/api/node/extensionHostProcess.js:158:1513)
	at a (/opt/visual-studio-code/resources/app/out/vs/workbench/api/node/extensionHostProcess.js:171:9802)
	at MessagePortMain.<anonymous> (/opt/visual-studio-code/resources/app/out/vs/workbench/api/node/extensionHostProcess.js:171:6227)
	at MessagePortMain.emit (node:events:513:28)
	at MessagePortMain._internalPort.emit (node:electron/js2c/utility_init:2:367) setContext undefined
2023-12-18 15:02:55.634 [error] Canceled: Canceled
	at new g (/opt/visual-studio-code/resources/app/out/vs/workbench/api/node/extensionHostProcess.js:141:110274)
	at l.U (/opt/visual-studio-code/resources/app/out/vs/workbench/api/node/extensionHostProcess.js:150:10866)
	at P.<computed>.j.charCodeAt.P.<computed> (/opt/visual-studio-code/resources/app/out/vs/workbench/api/node/extensionHostProcess.js:150:8317)
	at d.g (/opt/visual-studio-code/resources/app/out/vs/workbench/api/node/extensionHostProcess.js:141:139555)
	at d.executeCommand (/opt/visual-studio-code/resources/app/out/vs/workbench/api/node/extensionHostProcess.js:141:138993)
	at p.registerCommand.description (/opt/visual-studio-code/resources/app/out/vs/workbench/api/node/extensionHostProcess.js:141:138317)
	at d.h (/opt/visual-studio-code/resources/app/out/vs/workbench/api/node/extensionHostProcess.js:141:140094)
	at d.g (/opt/visual-studio-code/resources/app/out/vs/workbench/api/node/extensionHostProcess.js:141:139086)
	at d.executeCommand (/opt/visual-studio-code/resources/app/out/vs/workbench/api/node/extensionHostProcess.js:141:138993)
	at Object.executeCommand (/opt/visual-studio-code/resources/app/out/vs/workbench/api/node/extensionHostProcess.js:158:21333)
	at w (/home/dwagn/.vscode/extensions/eamodio.gitlens-14.6.1/dist/gitlens.js:1077:40599)
	at h (/home/dwagn/.vscode/extensions/eamodio.gitlens-14.6.1/dist/gitlens.js:1077:45646)
	at ActionRunners._updateContextKeys (/home/dwagn/.vscode/extensions/eamodio.gitlens-14.6.1/dist/gitlens.js:663:17278)
	at s (/home/dwagn/.vscode/extensions/eamodio.gitlens-14.6.1/dist/gitlens.js:663:15722)
	at RegisteredActionRunner.unregister (/home/dwagn/.vscode/extensions/eamodio.gitlens-14.6.1/dist/gitlens.js:663:15865)
	at RegisteredActionRunner.dispose (/home/dwagn/.vscode/extensions/eamodio.gitlens-14.6.1/dist/gitlens.js:663:14518)
	at ActionRunners.dispose (/home/dwagn/.vscode/extensions/eamodio.gitlens-14.6.1/dist/gitlens.js:663:15305)
	at /home/dwagn/.vscode/extensions/eamodio.gitlens-14.6.1/dist/gitlens.js:1037:19246
	at Array.forEach (<anonymous>)
	at Object.dispose (/home/dwagn/.vscode/extensions/eamodio.gitlens-14.6.1/dist/gitlens.js:1037:19228)
	at s (/opt/visual-studio-code/resources/app/out/vs/workbench/api/node/extensionHostProcess.js:30:754)
	at f.cb (/opt/visual-studio-code/resources/app/out/vs/workbench/api/node/extensionHostProcess.js:154:9873)
	at /opt/visual-studio-code/resources/app/out/vs/workbench/api/node/extensionHostProcess.js:154:7808
	at Array.map (<anonymous>)
	at f.Y (/opt/visual-studio-code/resources/app/out/vs/workbench/api/node/extensionHostProcess.js:154:7795)
	at f.terminate (/opt/visual-studio-code/resources/app/out/vs/workbench/api/node/extensionHostProcess.js:154:8068)
	at s.terminate (/opt/visual-studio-code/resources/app/out/vs/workbench/api/node/extensionHostProcess.js:158:1513)
	at a (/opt/visual-studio-code/resources/app/out/vs/workbench/api/node/extensionHostProcess.js:171:9802)
	at MessagePortMain.<anonymous> (/opt/visual-studio-code/resources/app/out/vs/workbench/api/node/extensionHostProcess.js:171:6227)
	at MessagePortMain.emit (node:events:513:28)
	at MessagePortMain._internalPort.emit (node:electron/js2c/utility_init:2:367) setContext undefined
2023-12-18 15:02:55.634 [error] ProxyResolver#resolveProxy DIRECT Canceled: Canceled
	at new g (/opt/visual-studio-code/resources/app/out/vs/workbench/api/node/extensionHostProcess.js:141:110274)
	at l.U (/opt/visual-studio-code/resources/app/out/vs/workbench/api/node/extensionHostProcess.js:150:10866)
	at P.<computed>.j.charCodeAt.P.<computed> (/opt/visual-studio-code/resources/app/out/vs/workbench/api/node/extensionHostProcess.js:150:8317)
	at A.resolveProxy (/opt/visual-studio-code/resources/app/out/vs/workbench/api/node/extensionHostProcess.js:151:38973)
	at Object.resolveProxy (/opt/visual-studio-code/resources/app/out/vs/workbench/api/node/extensionHostProcess.js:133:33289)
	at useProxySettings (/opt/visual-studio-code/resources/app/node_modules.asar/@vscode/proxy-agent/out/index.js:165:16)
	at /opt/visual-studio-code/resources/app/node_modules.asar/@vscode/proxy-agent/out/index.js:113:13
	at /opt/visual-studio-code/resources/app/node_modules.asar/@vscode/proxy-agent/out/index.js:459:13 
2023-12-18 15:02:55.647 [error] ProxyResolver#resolveProxy DIRECT Canceled: Canceled
	at new g (/opt/visual-studio-code/resources/app/out/vs/workbench/api/node/extensionHostProcess.js:141:110274)
	at l.U (/opt/visual-studio-code/resources/app/out/vs/workbench/api/node/extensionHostProcess.js:150:10866)
	at P.<computed>.j.charCodeAt.P.<computed> (/opt/visual-studio-code/resources/app/out/vs/workbench/api/node/extensionHostProcess.js:150:8317)
	at A.resolveProxy (/opt/visual-studio-code/resources/app/out/vs/workbench/api/node/extensionHostProcess.js:151:38973)
	at Object.resolveProxy (/opt/visual-studio-code/resources/app/out/vs/workbench/api/node/extensionHostProcess.js:133:33289)
	at useProxySettings (/opt/visual-studio-code/resources/app/node_modules.asar/@vscode/proxy-agent/out/index.js:165:16)
	at /opt/visual-studio-code/resources/app/node_modules.asar/@vscode/proxy-agent/out/index.js:113:13
	at /opt/visual-studio-code/resources/app/node_modules.asar/@vscode/proxy-agent/out/index.js:459:13 
2023-12-18 15:02:55.655 [info] Extension host with pid 45539 exiting with code 0
