2024-02-06 17:10:10.777 [info] Log level: Info
2024-02-06 17:10:10.777 [info] Validating found git in: "git"
2024-02-06 17:10:10.777 [info] Using git "2.43.0" from "git"
2024-02-06 17:14:31.190 [info] Log level: Info
2024-02-06 17:14:31.190 [info] Validating found git in: "git"
2024-02-06 17:14:31.190 [info] Using git "2.43.0" from "git"
2024-02-06 17:14:31.190 [info] > git rev-parse --show-toplevel [19ms]
2024-02-06 17:14:31.190 [info] fatal: not a git repository (or any of the parent directories): .git
2024-02-06 17:14:31.190 [info] > git rev-parse --show-toplevel [2ms]
2024-02-06 17:14:31.190 [info] fatal: not a git repository (or any of the parent directories): .git
2024-02-06 17:14:31.205 [info] > git rev-parse --show-toplevel [7ms]
2024-02-06 17:14:31.205 [info] fatal: not a git repository (or any of the parent directories): .git
2024-02-06 17:14:31.212 [info] > git rev-parse --show-toplevel [1ms]
2024-02-06 17:14:31.212 [info] fatal: not a git repository (or any of the parent directories): .git
2024-02-06 17:14:31.220 [info] > git rev-parse --show-toplevel [1ms]
2024-02-06 17:14:31.220 [info] fatal: not a git repository (or any of the parent directories): .git
2024-02-06 17:14:31.228 [info] > git rev-parse --show-toplevel [1ms]
2024-02-06 17:14:31.228 [info] fatal: not a git repository (or any of the parent directories): .git
2024-02-06 17:14:31.236 [info] > git rev-parse --show-toplevel [2ms]
2024-02-06 17:14:31.236 [info] fatal: not a git repository (or any of the parent directories): .git
2024-02-06 17:14:31.438 [info] > git rev-parse --show-toplevel [5ms]
2024-02-06 17:14:31.438 [info] fatal: not a git repository (or any of the parent directories): .git
2024-02-06 17:14:31.683 [info] > git rev-parse --show-toplevel [5ms]
2024-02-06 17:14:31.683 [info] fatal: not a git repository (or any of the parent directories): .git
2024-02-06 17:14:31.730 [info] > git rev-parse --show-toplevel [3ms]
2024-02-06 17:14:31.730 [info] fatal: not a git repository (or any of the parent directories): .git
2024-02-06 17:14:31.784 [info] > git rev-parse --show-toplevel [2ms]
2024-02-06 17:14:31.784 [info] fatal: not a git repository (or any of the parent directories): .git
2024-02-06 17:14:35.238 [info] > git rev-parse --show-toplevel [1ms]
2024-02-06 17:14:35.238 [info] fatal: not a git repository (or any of the parent directories): .git
2024-02-06 17:14:44.477 [info] > git rev-parse --show-toplevel [1ms]
2024-02-06 17:14:44.477 [info] fatal: not a git repository (or any of the parent directories): .git
2024-02-06 17:15:48.138 [info] > git rev-parse --show-toplevel [3ms]
2024-02-06 17:15:48.138 [info] fatal: not a git repository (or any of the parent directories): .git
2024-02-06 17:16:52.308 [info] > git rev-parse --show-toplevel [2ms]
2024-02-06 17:16:52.308 [info] fatal: not a git repository (or any of the parent directories): .git
2024-02-06 17:17:01.191 [info] > git rev-parse --show-toplevel [4ms]
2024-02-06 17:17:01.191 [info] fatal: not a git repository (or any of the parent directories): .git
2024-02-06 17:17:08.089 [info] > git rev-parse --show-toplevel [2ms]
2024-02-06 17:17:08.089 [info] fatal: not a git repository (or any of the parent directories): .git
2024-02-06 17:17:51.029 [info] > git rev-parse --show-toplevel [3ms]
2024-02-06 17:17:51.029 [info] fatal: not a git repository (or any of the parent directories): .git
2024-02-06 17:17:51.072 [info] > git rev-parse --show-toplevel [2ms]
2024-02-06 17:17:51.072 [info] fatal: not a git repository (or any of the parent directories): .git
2024-02-06 17:17:51.114 [info] > git rev-parse --show-toplevel [9ms]
2024-02-06 17:17:51.114 [info] fatal: not a git repository (or any of the parent directories): .git
2024-02-06 17:17:51.290 [info] > git rev-parse --show-toplevel [3ms]
2024-02-06 17:17:51.290 [info] fatal: not a git repository (or any of the parent directories): .git
2024-02-06 17:21:23.512 [info] > git rev-parse --show-toplevel [2ms]
2024-02-06 17:21:23.512 [info] fatal: not a git repository (or any of the parent directories): .git
2024-02-06 17:21:23.638 [info] > git rev-parse --show-toplevel [1ms]
2024-02-06 17:21:23.638 [info] fatal: not a git repository (or any of the parent directories): .git
2024-02-06 17:22:25.399 [info] > git rev-parse --show-toplevel [3ms]
2024-02-06 17:22:25.399 [info] fatal: not a git repository (or any of the parent directories): .git
2024-02-06 17:22:52.003 [info] > git rev-parse --show-toplevel [1ms]
2024-02-06 17:22:52.003 [info] fatal: not a git repository (or any of the parent directories): .git
2024-02-06 17:24:20.147 [info] > git rev-parse --show-toplevel [1ms]
2024-02-06 17:24:20.147 [info] fatal: not a git repository (or any of the parent directories): .git
