2023-12-19 15:37:35.942 [info] Log level: Info
2023-12-19 15:37:35.942 [info] Validating found git in: "git"
2023-12-19 15:37:35.942 [info] Using git "2.43.0" from "git"
2023-12-19 15:37:35.943 [info] > git rev-parse --show-toplevel [3ms]
2023-12-19 15:37:35.958 [info] > git rev-parse --git-dir --git-common-dir [4ms]
2023-12-19 15:37:35.965 [info] Open repository: /home/dwagn/pi_pico_env
2023-12-19 15:37:35.991 [info] > git rev-parse --show-toplevel [3ms]
2023-12-19 15:37:35.991 [info] > git config --get commit.template [14ms]
2023-12-19 15:37:36.387 [info] > git rev-parse --show-toplevel [188ms]
2023-12-19 15:37:36.539 [info] > git for-each-ref --format=%(refname)%00%(upstream:short)%00%(objectname)%00%(upstream:track)%00%(upstream:remotename)%00%(upstream:remoteref) refs/heads/main refs/remotes/main [178ms]
2023-12-19 15:37:36.557 [info] > git rev-parse --show-toplevel [26ms]
2023-12-19 15:37:36.596 [info] > git rev-parse --show-toplevel [16ms]
2023-12-19 15:37:36.630 [info] > git status -z -uall [19ms]
2023-12-19 15:37:36.631 [info] > git rev-parse --show-toplevel [4ms]
2023-12-19 15:37:36.677 [info] > git config --get commit.template [12ms]
2023-12-19 15:37:36.677 [info] > git rev-parse --show-toplevel [25ms]
2023-12-19 15:37:36.715 [info] > git rev-parse --show-toplevel [13ms]
2023-12-19 15:37:36.789 [info] > git check-ignore -v -z --stdin [40ms]
2023-12-19 15:37:36.791 [info] > git for-each-ref --format=%(refname)%00%(upstream:short)%00%(objectname)%00%(upstream:track)%00%(upstream:remotename)%00%(upstream:remoteref) refs/heads/main refs/remotes/main [78ms]
2023-12-19 15:37:36.840 [info] > git rev-parse --show-toplevel [52ms]
2023-12-19 15:37:37.063 [info] > git status -z -uall [95ms]
2023-12-19 15:37:37.156 [info] > git show --textconv :final_report/EECE_458_Final_Report.tex [48ms]
2023-12-19 15:37:37.156 [info] > git ls-files --stage -- /home/dwagn/pi_pico_env/final_report/EECE_458_Final_Report.tex [35ms]
2023-12-19 15:37:37.172 [info] > git cat-file -s fd564a255868cd3632b1d474bd2b7db0187446cf [3ms]
2023-12-19 15:37:47.552 [info] > git config --get commit.template [12ms]
2023-12-19 15:37:47.553 [info] > git for-each-ref --format=%(refname)%00%(upstream:short)%00%(objectname)%00%(upstream:track)%00%(upstream:remotename)%00%(upstream:remoteref) refs/heads/main refs/remotes/main [2ms]
2023-12-19 15:37:47.566 [info] > git status -z -uall [2ms]
2023-12-19 15:37:47.642 [info] > git ls-files --stage -- /home/dwagn/pi_pico_env/final_report/EECE_458_Final_Report.tex [1ms]
2023-12-19 15:37:47.654 [info] > git cat-file -s fd564a255868cd3632b1d474bd2b7db0187446cf [2ms]
2023-12-19 15:37:47.668 [info] > git show --textconv :final_report/EECE_458_Final_Report.tex [2ms]
2023-12-19 15:37:57.361 [info] > git check-ignore -v -z --stdin [2ms]
2023-12-19 15:37:58.889 [info] > git check-ignore -v -z --stdin [2ms]
2023-12-19 15:38:01.735 [info] > git config --get commit.template [13ms]
2023-12-19 15:38:01.736 [info] > git for-each-ref --format=%(refname)%00%(upstream:short)%00%(objectname)%00%(upstream:track)%00%(upstream:remotename)%00%(upstream:remoteref) refs/heads/main refs/remotes/main [2ms]
2023-12-19 15:38:01.751 [info] > git status -z -uall [3ms]
2023-12-19 15:38:52.194 [info] > git config --get commit.template [13ms]
2023-12-19 15:38:52.194 [info] > git for-each-ref --format=%(refname)%00%(upstream:short)%00%(objectname)%00%(upstream:track)%00%(upstream:remotename)%00%(upstream:remoteref) refs/heads/main refs/remotes/main [2ms]
2023-12-19 15:38:52.207 [info] > git status -z -uall [2ms]
2023-12-19 15:38:58.117 [info] > git config --get commit.template [11ms]
2023-12-19 15:38:58.117 [info] > git for-each-ref --format=%(refname)%00%(upstream:short)%00%(objectname)%00%(upstream:track)%00%(upstream:remotename)%00%(upstream:remoteref) refs/heads/main refs/remotes/main [1ms]
2023-12-19 15:38:58.130 [info] > git status -z -uall [2ms]
2023-12-19 15:39:12.684 [info] > git config --get commit.template [1ms]
2023-12-19 15:39:12.699 [info] > git for-each-ref --format=%(refname)%00%(upstream:short)%00%(objectname)%00%(upstream:track)%00%(upstream:remotename)%00%(upstream:remoteref) refs/heads/main refs/remotes/main [2ms]
2023-12-19 15:39:12.714 [info] > git status -z -uall [3ms]
2023-12-19 15:39:37.614 [info] > git config --get commit.template [13ms]
2023-12-19 15:39:37.614 [info] > git for-each-ref --format=%(refname)%00%(upstream:short)%00%(objectname)%00%(upstream:track)%00%(upstream:remotename)%00%(upstream:remoteref) refs/heads/main refs/remotes/main [1ms]
2023-12-19 15:39:37.629 [info] > git status -z -uall [2ms]
2023-12-19 15:39:40.956 [info] > git check-ignore -v -z --stdin [2ms]
2023-12-19 15:40:01.011 [info] > git show --textconv :final_report/EECE_458_Final_Report.tex [13ms]
2023-12-19 15:40:01.012 [info] > git ls-files --stage -- /home/dwagn/pi_pico_env/final_report/EECE_458_Final_Report.tex [2ms]
2023-12-19 15:40:01.032 [info] > git cat-file -s fd564a255868cd3632b1d474bd2b7db0187446cf [6ms]
