2024-03-02 14:27:18.026 [info] Extension host with pid 215713 started
2024-03-02 14:27:18.026 [info] Skipping acquiring lock for /home/dwagn/.config/Code/User/workspaceStorage/20670e1323abc8eeae22e6819589a342.
2024-03-02 14:27:18.410 [info] ExtensionService#_doActivateExtension vscode.emmet, startup: false, activationEvent: 'onLanguage'
2024-03-02 14:27:18.428 [info] ExtensionService#_doActivateExtension cschlosser.doxdocgen, startup: false, activationEvent: 'onLanguage:c'
2024-03-02 14:27:18.526 [info] ExtensionService#_doActivateExtension ms-vscode.cpptools, startup: false, activationEvent: 'onLanguage:c'
2024-03-02 14:27:19.384 [info] ExtensionService#_doActivateExtension vscode.git-base, startup: true, activationEvent: '*', root cause: vscode.git
2024-03-02 14:27:19.389 [info] ExtensionService#_doActivateExtension mcu-debug.debug-tracker-vscode, startup: true, activationEvent: 'workspaceContains:STM32-for-VSCode.config.yaml', root cause: bmd.stm32-for-vscode
2024-03-02 14:27:19.395 [info] ExtensionService#_doActivateExtension mcu-debug.peripheral-viewer, startup: true, activationEvent: 'workspaceContains:STM32-for-VSCode.config.yaml', root cause: bmd.stm32-for-vscode
2024-03-02 14:27:19.671 [info] ExtensionService#_doActivateExtension vscode.git, startup: true, activationEvent: '*'
2024-03-02 14:27:19.749 [info] ExtensionService#_doActivateExtension vscode.github, startup: true, activationEvent: '*'
2024-03-02 14:27:20.008 [info] ExtensionService#_doActivateExtension mcu-debug.memory-view, startup: true, activationEvent: 'workspaceContains:STM32-for-VSCode.config.yaml', root cause: bmd.stm32-for-vscode
2024-03-02 14:27:20.060 [info] ExtensionService#_doActivateExtension mcu-debug.rtos-views, startup: true, activationEvent: 'workspaceContains:STM32-for-VSCode.config.yaml', root cause: bmd.stm32-for-vscode
2024-03-02 14:27:20.148 [info] ExtensionService#_doActivateExtension vscode.extension-editing, startup: false, activationEvent: 'onLanguage:json'
2024-03-02 14:27:20.165 [info] ExtensionService#_doActivateExtension vscode.json-language-features, startup: false, activationEvent: 'onLanguage:json'
2024-03-02 14:27:20.223 [info] ExtensionService#_doActivateExtension vscode.npm, startup: false, activationEvent: 'onLanguage:json'
2024-03-02 14:27:20.436 [info] ExtensionService#_doActivateExtension vscode.typescript-language-features, startup: false, activationEvent: 'onLanguage:jsonc'
2024-03-02 14:27:20.523 [info] ExtensionService#_doActivateExtension marus25.cortex-debug, startup: true, activationEvent: 'workspaceContains:STM32-for-VSCode.config.yaml', root cause: bmd.stm32-for-vscode
2024-03-02 14:27:20.888 [info] ExtensionService#_doActivateExtension bmd.stm32-for-vscode, startup: true, activationEvent: 'workspaceContains:STM32-for-VSCode.config.yaml'
2024-03-02 14:27:21.010 [info] Eager extensions activated
2024-03-02 14:27:21.071 [info] ExtensionService#_doActivateExtension vscode.debug-auto-launch, startup: false, activationEvent: 'onStartupFinished'
2024-03-02 14:27:21.073 [info] ExtensionService#_doActivateExtension vscode.merge-conflict, startup: false, activationEvent: 'onStartupFinished'
2024-03-02 14:27:21.097 [info] ExtensionService#_doActivateExtension alexnesnes.teleplot, startup: false, activationEvent: 'onStartupFinished'
2024-03-02 14:27:21.140 [info] ExtensionService#_doActivateExtension monokai.theme-monokai-pro-vscode, startup: false, activationEvent: 'onStartupFinished'
2024-03-02 14:27:21.147 [info] ExtensionService#_doActivateExtension ms-vscode-remote.remote-wsl, startup: false, activationEvent: 'onStartupFinished'
2024-03-02 14:27:21.196 [info] ExtensionService#_doActivateExtension vscodevim.vim, startup: false, activationEvent: 'onStartupFinished'
2024-03-02 14:27:21.877 [info] ExtensionService#_doActivateExtension vscode.microsoft-authentication, startup: false, activationEvent: 'onAuthenticationRequest:microsoft'
