2023-12-18 15:02:53.204 [info] Added views:workbench.panel.markers.view in workbench.panel.markers
2023-12-18 15:02:53.204 [info] Added views:workbench.panel.output in workbench.panel.output
2023-12-18 15:02:53.204 [info] Added views:terminal in terminal
2023-12-18 15:02:53.204 [info] Added views:outline in workbench.view.explorer
2023-12-18 15:02:53.204 [info] Added views:workbench.scm in workbench.view.scm
2023-12-18 15:02:53.204 [info] Added views:workbench.view.search in workbench.view.search
2023-12-18 15:02:53.204 [info] Added views:timeline in workbench.view.explorer
2023-12-18 15:02:53.204 [info] Added views:workbench.explorer.fileView in workbench.view.explorer
2023-12-18 15:02:53.455 [info] Added views:gitlens.views.home,gitlens.views.drafts,gitlens.views.workspaces,gitlens.views.account in workbench.view.extension.gitlens
2023-12-18 15:02:53.456 [info] Added views:gitlens.views.commitDetails,gitlens.views.lineHistory,gitlens.views.fileHistory,gitlens.views.searchAndCompare in workbench.view.extension.gitlensInspect
2023-12-18 15:02:53.456 [info] Added views:gitlens.views.commits,gitlens.views.branches,gitlens.views.remotes,gitlens.views.stashes,gitlens.views.tags in workbench.view.scm
2023-12-18 15:02:53.457 [info] Added views:liveshare.session in workbench.view.extension.liveshare
2023-12-18 15:02:53.459 [info] Added views:platformio-ide.quickAccess in workbench.view.extension.platformio
2023-12-18 15:02:53.459 [info] Added views:platformio-debug.peripherals,platformio-debug.registers,platformio-debug.memory,platformio-debug.disassembly in workbench.view.debug
2023-12-18 15:02:53.674 [info] Added views:workbench.debug.variablesView,workbench.debug.watchExpressionsView,workbench.debug.callStackView,workbench.debug.breakPointsView in workbench.view.debug
2023-12-18 15:02:53.752 [info] Added views:workbench.panel.repl.view in workbench.panel.repl
2023-12-18 15:02:53.753 [info] Removed views:workbench.debug.breakPointsView,workbench.debug.callStackView,workbench.debug.watchExpressionsView,workbench.debug.variablesView from workbench.view.debug
2023-12-18 15:02:53.754 [info] Added views:workbench.debug.welcome in workbench.view.debug
2023-12-18 15:02:54.075 [info] Removed views:gitlens.views.searchAndCompare,gitlens.views.fileHistory,gitlens.views.lineHistory,gitlens.views.commitDetails from workbench.view.extension.gitlensInspect
2023-12-18 15:02:54.076 [info] Removed views:gitlens.views.tags,gitlens.views.stashes,gitlens.views.remotes,gitlens.views.branches,gitlens.views.commits from workbench.view.scm
2023-12-18 15:02:54.412 [info] Added views:gitlens.views.commitDetails,gitlens.views.lineHistory,gitlens.views.fileHistory,gitlens.views.searchAndCompare in workbench.view.extension.gitlensInspect
2023-12-18 15:02:54.414 [info] Added views:gitlens.views.commits,gitlens.views.branches,gitlens.views.remotes,gitlens.views.stashes,gitlens.views.tags in workbench.view.scm
2023-12-18 15:02:54.464 [info] Added views:~remote.forwardedPorts in ~remote.forwardedPortsContainer
2023-12-18 15:02:54.879 [info] Added views:gitlens.views.graph,gitlens.views.graphDetails in workbench.view.extension.gitlensPanel
2023-12-18 15:02:54.880 [info] Added views:gitlens.views.timeline in workbench.view.extension.gitlensInspect
2023-12-18 15:02:54.881 [info] Added views:gitlens.views.worktrees in workbench.view.scm
