2024-02-20 13:18:07.658 [info] Log level: Info
2024-02-20 13:18:07.658 [info] Validating found git in: "git"
2024-02-20 13:18:07.658 [info] Using git "2.43.2" from "git"
2024-02-20 13:18:07.658 [info] > git rev-parse --show-toplevel [22ms]
2024-02-20 13:18:07.658 [info] fatal: not a git repository (or any of the parent directories): .git
2024-02-20 13:18:07.658 [info] > git rev-parse --show-toplevel [1ms]
2024-02-20 13:18:07.658 [info] fatal: not a git repository (or any of the parent directories): .git
2024-02-20 13:18:07.658 [info] > git rev-parse --show-toplevel [1ms]
2024-02-20 13:18:07.658 [info] fatal: not a git repository (or any of the parent directories): .git
2024-02-20 13:18:07.658 [info] > git rev-parse --show-toplevel [4ms]
2024-02-20 13:18:07.658 [info] fatal: not a git repository (or any of the parent directories): .git
2024-02-20 13:18:07.658 [info] > git rev-parse --show-toplevel [9ms]
2024-02-20 13:18:07.658 [info] fatal: not a git repository (or any of the parent directories): .git
2024-02-20 13:18:07.659 [info] > git rev-parse --show-toplevel [3ms]
2024-02-20 13:18:07.659 [info] fatal: not a git repository (or any of the parent directories): .git
2024-02-20 13:18:07.668 [info] > git rev-parse --show-toplevel [2ms]
2024-02-20 13:18:07.668 [info] fatal: not a git repository (or any of the parent directories): .git
2024-02-20 13:18:07.678 [info] > git rev-parse --show-toplevel [3ms]
2024-02-20 13:18:07.678 [info] fatal: not a git repository (or any of the parent directories): .git
2024-02-20 13:18:07.739 [info] > git rev-parse --show-toplevel [0ms]
2024-02-20 13:18:07.739 [info] fatal: not a git repository (or any of the parent directories): .git
2024-02-20 13:18:08.921 [info] > git rev-parse --show-toplevel [24ms]
2024-02-20 13:18:08.921 [info] fatal: not a git repository (or any of the parent directories): .git
2024-02-20 13:18:08.935 [info] > git rev-parse --show-toplevel [1ms]
2024-02-20 13:18:08.935 [info] fatal: not a git repository (or any of the parent directories): .git
2024-02-20 13:18:09.184 [info] > git rev-parse --show-toplevel [1ms]
2024-02-20 13:18:09.184 [info] fatal: not a git repository (or any of the parent directories): .git
2024-02-20 13:18:09.322 [info] > git rev-parse --show-toplevel [3ms]
2024-02-20 13:18:09.322 [info] fatal: not a git repository (or any of the parent directories): .git
2024-02-20 13:18:19.334 [info] > git rev-parse --show-toplevel [3ms]
2024-02-20 13:18:19.334 [info] fatal: not a git repository (or any of the parent directories): .git
2024-02-20 13:18:44.124 [info] > git rev-parse --show-toplevel [2ms]
2024-02-20 13:18:44.124 [info] fatal: not a git repository (or any of the parent directories): .git
2024-02-20 13:18:51.434 [info] > git rev-parse --show-toplevel [2ms]
2024-02-20 13:18:51.434 [info] fatal: not a git repository (or any of the parent directories): .git
2024-02-20 13:18:59.208 [info] > git rev-parse --show-toplevel [3ms]
2024-02-20 13:18:59.208 [info] fatal: not a git repository (or any of the parent directories): .git
