2024-02-06 17:10:10.329 [info] Added views:workbench.panel.markers.view in workbench.panel.markers
2024-02-06 17:10:10.329 [info] Added views:workbench.panel.output in workbench.panel.output
2024-02-06 17:10:10.329 [info] Added views:terminal in terminal
2024-02-06 17:10:10.329 [info] Added views:outline in workbench.view.explorer
2024-02-06 17:10:10.329 [info] Added views:workbench.scm in workbench.view.scm
2024-02-06 17:10:10.329 [info] Added views:workbench.view.search in workbench.view.search
2024-02-06 17:10:10.329 [info] Added views:timeline in workbench.view.explorer
2024-02-06 17:10:10.329 [info] Added views:workbench.explorer.emptyView in workbench.view.explorer
2024-02-06 17:10:10.580 [info] Added views:liveshare.session in workbench.view.extension.liveshare
2024-02-06 17:10:10.580 [info] Added views:platformio-ide.quickAccess in workbench.view.extension.platformio
2024-02-06 17:10:10.580 [info] Added views:platformio-debug.peripherals,platformio-debug.registers,platformio-debug.memory,platformio-debug.disassembly in workbench.view.debug
2024-02-06 17:10:10.673 [info] Added views:workbench.debug.welcome in workbench.view.debug
2024-02-06 17:10:10.694 [info] Added views:workbench.panel.repl.view in workbench.panel.repl
2024-02-06 17:10:10.863 [info] Added views:~remote.forwardedPorts in ~remote.forwardedPortsContainer
2024-02-06 17:10:10.955 [info] Added views:memory-view.memoryView in workbench.view.extension.memory-view
2024-02-06 17:10:10.957 [info] Added views:rtos-views.rtos in workbench.view.extension.rtos-views
2024-02-06 17:10:13.761 [info] Added views:workbench.views.extensions.installed,workbench.views.extensions.popular,extensions.recommendedList in workbench.view.extensions
2024-02-06 17:10:13.762 [info] Removed views:workbench.views.extensions.popular from workbench.view.extensions
2024-02-06 17:14:30.686 [info] Added views:workbench.panel.markers.view in workbench.panel.markers
2024-02-06 17:14:30.687 [info] Added views:workbench.panel.output in workbench.panel.output
2024-02-06 17:14:30.687 [info] Added views:terminal in terminal
2024-02-06 17:14:30.687 [info] Added views:outline in workbench.view.explorer
2024-02-06 17:14:30.687 [info] Added views:workbench.scm in workbench.view.scm
2024-02-06 17:14:30.687 [info] Added views:workbench.view.search in workbench.view.search
2024-02-06 17:14:30.687 [info] Added views:timeline in workbench.view.explorer
2024-02-06 17:14:30.687 [info] Added views:workbench.explorer.fileView in workbench.view.explorer
2024-02-06 17:14:30.854 [info] Added views:liveshare.session in workbench.view.extension.liveshare
2024-02-06 17:14:30.854 [info] Added views:platformio-ide.quickAccess in workbench.view.extension.platformio
2024-02-06 17:14:30.855 [info] Added views:platformio-debug.peripherals,platformio-debug.registers,platformio-debug.memory,platformio-debug.disassembly in workbench.view.debug
2024-02-06 17:14:31.021 [info] Added views:workbench.debug.variablesView,workbench.debug.watchExpressionsView,workbench.debug.callStackView,workbench.debug.breakPointsView in workbench.view.debug
2024-02-06 17:14:31.040 [info] Added views:workbench.panel.repl.view in workbench.panel.repl
2024-02-06 17:14:31.041 [info] Removed views:workbench.debug.breakPointsView,workbench.debug.callStackView,workbench.debug.watchExpressionsView,workbench.debug.variablesView from workbench.view.debug
2024-02-06 17:14:31.041 [info] Added views:workbench.debug.welcome in workbench.view.debug
2024-02-06 17:14:31.114 [info] Added views:~remote.forwardedPorts in ~remote.forwardedPortsContainer
2024-02-06 17:14:31.235 [info] Added views:memory-view.memoryView in workbench.view.extension.memory-view
2024-02-06 17:14:31.241 [info] Added views:rtos-views.rtos in workbench.view.extension.rtos-views
2024-02-06 17:14:31.782 [info] Added views:stm32ForVSCodeCommands in workbench.view.extension.stm32-for-vscode-commands
2024-02-06 17:17:51.265 [info] Removed views:workbench.debug.welcome from workbench.view.debug
2024-02-06 17:17:51.266 [info] Added views:workbench.debug.variablesView,workbench.debug.watchExpressionsView,workbench.debug.callStackView,workbench.debug.breakPointsView in workbench.view.debug
