2024-02-06 17:07:56.426 [info] Extension host with pid 55769 started
2024-02-06 17:07:56.469 [info] ExtensionService#_doActivateExtension vscode.git-base, startup: true, activationEvent: '*', root cause: vscode.git
2024-02-06 17:07:56.477 [info] ExtensionService#_doActivateExtension vscode.git, startup: true, activationEvent: '*'
2024-02-06 17:07:56.530 [info] ExtensionService#_doActivateExtension vscode.github, startup: true, activationEvent: '*'
2024-02-06 17:07:56.614 [info] Eager extensions activated
2024-02-06 17:07:56.616 [info] ExtensionService#_doActivateExtension vscode.microsoft-authentication, startup: false, activationEvent: 'onAuthenticationRequest:microsoft'
2024-02-06 17:07:56.645 [info] ExtensionService#_doActivateExtension vscode.debug-auto-launch, startup: false, activationEvent: 'onStartupFinished'
2024-02-06 17:07:56.646 [info] ExtensionService#_doActivateExtension vscode.merge-conflict, startup: false, activationEvent: 'onStartupFinished'
2024-02-06 17:07:56.661 [info] ExtensionService#_doActivateExtension alexnesnes.teleplot, startup: false, activationEvent: 'onStartupFinished'
2024-02-06 17:07:56.690 [info] ExtensionService#_doActivateExtension monokai.theme-monokai-pro-vscode, startup: false, activationEvent: 'onStartupFinished'
2024-02-06 17:07:56.695 [info] ExtensionService#_doActivateExtension ms-vscode-remote.remote-wsl, startup: false, activationEvent: 'onStartupFinished'
2024-02-06 17:07:56.728 [info] ExtensionService#_doActivateExtension vscodevim.vim, startup: false, activationEvent: 'onStartupFinished'
2024-02-06 17:08:01.156 [info] ExtensionService#_doActivateExtension vscode.emmet, startup: false, activationEvent: 'onLanguage'
2024-02-06 17:08:11.559 [info] Extension host terminating: renderer closed the MessagePort
2024-02-06 17:08:11.574 [info] Extension host with pid 55769 exiting with code 0
2024-02-06 17:08:12.302 [info] Extension host with pid 55973 started
2024-02-06 17:08:12.350 [info] ExtensionService#_doActivateExtension vscode.emmet, startup: false, activationEvent: 'onLanguage'
2024-02-06 17:08:12.392 [info] ExtensionService#_doActivateExtension vscode.git-base, startup: true, activationEvent: '*', root cause: vscode.git
2024-02-06 17:08:12.394 [info] ExtensionService#_doActivateExtension vscode.git, startup: true, activationEvent: '*'
2024-02-06 17:08:12.407 [info] ExtensionService#_doActivateExtension vscode.github, startup: true, activationEvent: '*'
2024-02-06 17:08:12.447 [info] Eager extensions activated
2024-02-06 17:08:12.448 [info] ExtensionService#_doActivateExtension vscode.microsoft-authentication, startup: false, activationEvent: 'onAuthenticationRequest:microsoft'
2024-02-06 17:08:12.460 [info] ExtensionService#_doActivateExtension vscode.debug-auto-launch, startup: false, activationEvent: 'onStartupFinished'
2024-02-06 17:08:12.461 [info] ExtensionService#_doActivateExtension vscode.merge-conflict, startup: false, activationEvent: 'onStartupFinished'
2024-02-06 17:08:12.468 [info] ExtensionService#_doActivateExtension alexnesnes.teleplot, startup: false, activationEvent: 'onStartupFinished'
2024-02-06 17:08:12.483 [info] ExtensionService#_doActivateExtension monokai.theme-monokai-pro-vscode, startup: false, activationEvent: 'onStartupFinished'
2024-02-06 17:08:12.485 [info] ExtensionService#_doActivateExtension ms-vscode-remote.remote-wsl, startup: false, activationEvent: 'onStartupFinished'
2024-02-06 17:08:12.518 [info] ExtensionService#_doActivateExtension vscodevim.vim, startup: false, activationEvent: 'onStartupFinished'
2024-02-06 17:09:29.993 [info] ExtensionService#_doActivateExtension mcu-debug.peripheral-viewer, startup: false, activationEvent: 'onStartupFinished'
2024-02-06 17:09:30.019 [info] ExtensionService#_doActivateExtension mcu-debug.debug-tracker-vscode, startup: false, activationEvent: 'onStartupFinished', root cause: marus25.cortex-debug
2024-02-06 17:09:30.037 [info] ExtensionService#_doActivateExtension mcu-debug.memory-view, startup: false, activationEvent: 'onStartupFinished', root cause: marus25.cortex-debug
2024-02-06 17:09:30.068 [info] ExtensionService#_doActivateExtension mcu-debug.rtos-views, startup: false, activationEvent: 'onStartupFinished', root cause: marus25.cortex-debug
2024-02-06 17:09:30.088 [info] ExtensionService#_doActivateExtension marus25.cortex-debug, startup: false, activationEvent: 'onStartupFinished'
2024-02-06 17:10:06.759 [info] Extension host terminating: renderer closed the MessagePort
2024-02-06 17:10:06.777 [info] Extension host with pid 55973 exiting with code 0
