2024-02-20 13:18:06.439 [info] Extension host with pid 9782 started
2024-02-20 13:18:06.439 [info] Skipping acquiring lock for /home/dwagn/.config/Code/User/workspaceStorage/20670e1323abc8eeae22e6819589a342.
2024-02-20 13:18:06.766 [info] ExtensionService#_doActivateExtension vscode.emmet, startup: false, activationEvent: 'onLanguage'
2024-02-20 13:18:06.976 [info] ExtensionService#_doActivateExtension vscode.git-base, startup: true, activationEvent: '*', root cause: vscode.git
2024-02-20 13:18:06.979 [info] ExtensionService#_doActivateExtension mcu-debug.debug-tracker-vscode, startup: true, activationEvent: 'workspaceContains:STM32-for-VSCode.config.yaml', root cause: bmd.stm32-for-vscode
2024-02-20 13:18:06.983 [info] ExtensionService#_doActivateExtension mcu-debug.peripheral-viewer, startup: true, activationEvent: 'workspaceContains:STM32-for-VSCode.config.yaml', root cause: bmd.stm32-for-vscode
2024-02-20 13:18:07.010 [info] ExtensionService#_doActivateExtension ms-vscode.cpptools, startup: true, activationEvent: 'workspaceContains:/.vscode/c_cpp_properties.json'
2024-02-20 13:18:07.401 [info] ExtensionService#_doActivateExtension vscode.git, startup: true, activationEvent: '*'
2024-02-20 13:18:07.465 [info] ExtensionService#_doActivateExtension vscode.github, startup: true, activationEvent: '*'
2024-02-20 13:18:07.486 [info] ExtensionService#_doActivateExtension mcu-debug.memory-view, startup: true, activationEvent: 'workspaceContains:STM32-for-VSCode.config.yaml', root cause: bmd.stm32-for-vscode
2024-02-20 13:18:07.521 [info] ExtensionService#_doActivateExtension mcu-debug.rtos-views, startup: true, activationEvent: 'workspaceContains:STM32-for-VSCode.config.yaml', root cause: bmd.stm32-for-vscode
2024-02-20 13:18:07.690 [info] ExtensionService#_doActivateExtension marus25.cortex-debug, startup: true, activationEvent: 'workspaceContains:STM32-for-VSCode.config.yaml', root cause: bmd.stm32-for-vscode
2024-02-20 13:18:07.880 [info] ExtensionService#_doActivateExtension bmd.stm32-for-vscode, startup: true, activationEvent: 'workspaceContains:STM32-for-VSCode.config.yaml'
2024-02-20 13:18:08.134 [info] ExtensionService#_doActivateExtension vscode.extension-editing, startup: false, activationEvent: 'onLanguage:json'
2024-02-20 13:18:08.145 [info] ExtensionService#_doActivateExtension vscode.json-language-features, startup: false, activationEvent: 'onLanguage:json'
2024-02-20 13:18:08.186 [info] ExtensionService#_doActivateExtension vscode.npm, startup: false, activationEvent: 'onLanguage:json'
2024-02-20 13:18:08.211 [info] Eager extensions activated
2024-02-20 13:18:08.288 [info] ExtensionService#_doActivateExtension vscode.typescript-language-features, startup: false, activationEvent: 'onLanguage:jsonc'
2024-02-20 13:18:08.336 [info] ExtensionService#_doActivateExtension vscode.debug-auto-launch, startup: false, activationEvent: 'onStartupFinished'
2024-02-20 13:18:08.338 [info] ExtensionService#_doActivateExtension vscode.merge-conflict, startup: false, activationEvent: 'onStartupFinished'
2024-02-20 13:18:08.352 [info] ExtensionService#_doActivateExtension alexnesnes.teleplot, startup: false, activationEvent: 'onStartupFinished'
2024-02-20 13:18:08.383 [info] ExtensionService#_doActivateExtension monokai.theme-monokai-pro-vscode, startup: false, activationEvent: 'onStartupFinished'
2024-02-20 13:18:08.389 [info] ExtensionService#_doActivateExtension ms-vscode-remote.remote-wsl, startup: false, activationEvent: 'onStartupFinished'
2024-02-20 13:18:08.423 [info] ExtensionService#_doActivateExtension vscodevim.vim, startup: false, activationEvent: 'onStartupFinished'
2024-02-20 13:18:09.186 [info] ExtensionService#_doActivateExtension vscode.microsoft-authentication, startup: false, activationEvent: 'onAuthenticationRequest:microsoft'
2024-02-20 13:18:19.362 [info] ExtensionService#_doActivateExtension cschlosser.doxdocgen, startup: false, activationEvent: 'onLanguage:cpp'
2024-02-20 13:55:05.125 [info] Extension host terminating: renderer closed the MessagePort
2024-02-20 13:55:05.323 [info] Extension host with pid 9782 exiting with code 0
