2024-02-14 14:18:07.628 [warning] [cmake-tools]: Couldn't find message for key cmake-tools.configuration.cmake.options.advanced.statusBarVisibility.variant.description.
2024-02-14 14:18:07.639 [warning] [cmake-tools]: Couldn't find message for key cmake-tools.configuration.cmake.options.advanced.statusBarVisibility.variant.description.
2024-02-14 14:18:07.702 [warning] [cmake-tools]: Couldn't find message for key cmake-tools.configuration.cmake.options.advanced.statusBarVisibility.variant.description.
2024-02-14 14:18:07.774 [warning] [cmake-tools]: Couldn't find message for key cmake-tools.configuration.cmake.options.advanced.statusBarVisibility.variant.description.
2024-02-14 14:18:07.918 [warning] [cmake-tools]: Couldn't find message for key cmake-tools.configuration.cmake.options.advanced.statusBarVisibility.variant.description.
2024-02-14 14:18:07.957 [warning] [cmake-tools]: Couldn't find message for key cmake-tools.configuration.cmake.options.advanced.statusBarVisibility.variant.description.
2024-02-14 14:18:08.081 [warning] [cmake-tools]: Couldn't find message for key cmake-tools.configuration.cmake.options.advanced.statusBarVisibility.variant.description.
2024-02-14 14:18:08.183 [warning] [cmake-tools]: Couldn't find message for key cmake-tools.configuration.cmake.options.advanced.statusBarVisibility.variant.description.
2024-02-14 14:18:08.347 [warning] [cmake-tools]: Couldn't find message for key cmake-tools.configuration.cmake.options.advanced.statusBarVisibility.variant.description.
2024-02-14 14:18:08.489 [warning] [cmake-tools]: Couldn't find message for key cmake-tools.configuration.cmake.options.advanced.statusBarVisibility.variant.description.
2024-02-14 14:18:08.634 [warning] [cmake-tools]: Couldn't find message for key cmake-tools.configuration.cmake.options.advanced.statusBarVisibility.variant.description.
2024-02-14 14:18:08.802 [warning] [cmake-tools]: Couldn't find message for key cmake-tools.configuration.cmake.options.advanced.statusBarVisibility.variant.description.
2024-02-14 14:18:08.813 [warning] [cmake-tools]: Couldn't find message for key cmake-tools.configuration.cmake.options.advanced.statusBarVisibility.variant.description.
2024-02-14 14:18:08.939 [warning] [cmake-tools]: Couldn't find message for key cmake-tools.configuration.cmake.options.advanced.statusBarVisibility.variant.description.
2024-02-14 14:18:09.267 [error] [uncaught exception in sharedProcess]: Event not found: onDidChange: CodeExpectedError: Event not found: onDidChange
    at Object.listen (/opt/visual-studio-code/resources/app/out/vs/code/node/sharedProcess/sharedProcessMain.js:45:4959)
    at E.t (/opt/visual-studio-code/resources/app/out/vs/code/node/sharedProcess/sharedProcessMain.js:44:251)
    at E.q (/opt/visual-studio-code/resources/app/out/vs/code/node/sharedProcess/sharedProcessMain.js:43:4371)
    at w.value (/opt/visual-studio-code/resources/app/out/vs/code/node/sharedProcess/sharedProcessMain.js:43:3602)
    at d.y (/opt/visual-studio-code/resources/app/out/vs/code/node/sharedProcess/sharedProcessMain.js:38:1902)
    at d.z (/opt/visual-studio-code/resources/app/out/vs/code/node/sharedProcess/sharedProcessMain.js:38:1972)
    at d.fire (/opt/visual-studio-code/resources/app/out/vs/code/node/sharedProcess/sharedProcessMain.js:38:2188)
    at MessagePortMain.de (/opt/visual-studio-code/resources/app/out/vs/code/node/sharedProcess/sharedProcessMain.js:36:30422)
    at MessagePortMain.emit (node:events:514:28)
    at Object.emit (node:electron/js2c/utility_init:2:2285)
2024-02-14 14:18:09.975 [warning] [cmake-tools]: Couldn't find message for key cmake-tools.configuration.cmake.options.advanced.statusBarVisibility.variant.description.
2024-02-14 14:18:09.986 [warning] [cmake-tools]: Couldn't find message for key cmake-tools.configuration.cmake.options.advanced.statusBarVisibility.variant.description.
2024-02-14 14:18:10.093 [warning] [cmake-tools]: Couldn't find message for key cmake-tools.configuration.cmake.options.advanced.statusBarVisibility.variant.description.
2024-02-14 14:18:10.442 [warning] [cmake-tools]: Couldn't find message for key cmake-tools.configuration.cmake.options.advanced.statusBarVisibility.variant.description.
2024-02-14 14:18:12.300 [info] Getting Manifest... eamodio.gitlens
2024-02-14 14:18:12.302 [info] Getting Manifest... james-yu.latex-workshop
2024-02-14 14:18:12.302 [info] Getting Manifest... ms-vscode.cmake-tools
2024-02-14 14:18:12.303 [info] Getting Manifest... tecosaur.latex-utilities
2024-02-14 14:18:12.665 [info] Installing extension: james-yu.latex-workshop
2024-02-14 14:18:12.678 [info] Installing extension: tecosaur.latex-utilities
2024-02-14 14:18:12.717 [info] Installing extension: ms-vscode.cmake-tools
2024-02-14 14:18:12.723 [info] Installing extension: eamodio.gitlens
2024-02-14 14:18:12.824 [warning] [cmake-tools]: Couldn't find message for key cmake-tools.configuration.cmake.options.advanced.statusBarVisibility.variant.description.
2024-02-14 14:18:12.904 [warning] [cmake-tools]: Couldn't find message for key cmake-tools.configuration.cmake.options.advanced.statusBarVisibility.variant.description.
2024-02-14 14:18:12.966 [warning] [cmake-tools]: Couldn't find message for key cmake-tools.configuration.cmake.options.advanced.statusBarVisibility.variant.description.
2024-02-14 14:18:12.995 [warning] [cmake-tools]: Couldn't find message for key cmake-tools.configuration.cmake.options.advanced.statusBarVisibility.variant.description.
2024-02-14 14:18:13.134 [warning] [cmake-tools]: Couldn't find message for key cmake-tools.configuration.cmake.options.advanced.statusBarVisibility.variant.description.
2024-02-14 14:18:13.241 [warning] [cmake-tools]: Couldn't find message for key cmake-tools.configuration.cmake.options.advanced.statusBarVisibility.variant.description.
2024-02-14 14:18:13.302 [warning] [cmake-tools]: Couldn't find message for key cmake-tools.configuration.cmake.options.advanced.statusBarVisibility.variant.description.
2024-02-14 14:18:13.329 [warning] [cmake-tools]: Couldn't find message for key cmake-tools.configuration.cmake.options.advanced.statusBarVisibility.variant.description.
2024-02-14 14:18:13.433 [warning] [cmake-tools]: Couldn't find message for key cmake-tools.configuration.cmake.options.advanced.statusBarVisibility.variant.description.
2024-02-14 14:18:13.549 [warning] [cmake-tools]: Couldn't find message for key cmake-tools.configuration.cmake.options.advanced.statusBarVisibility.variant.description.
2024-02-14 14:18:13.595 [warning] [cmake-tools]: Couldn't find message for key cmake-tools.configuration.cmake.options.advanced.statusBarVisibility.variant.description.
2024-02-14 14:18:13.626 [warning] [cmake-tools]: Couldn't find message for key cmake-tools.configuration.cmake.options.advanced.statusBarVisibility.variant.description.
2024-02-14 14:18:14.546 [warning] Extension signature verification failed with error 'UnknownError': tecosaur.latex-utilities
2024-02-14 14:18:14.596 [info] Extracted extension to file:///home/dwagn/.vscode/extensions/tecosaur.latex-utilities-0.4.13: tecosaur.latex-utilities
2024-02-14 14:18:14.600 [info] Renamed to /home/dwagn/.vscode/extensions/tecosaur.latex-utilities-0.4.13
2024-02-14 14:18:14.602 [info] Extracting extension completed. tecosaur.latex-utilities
2024-02-14 14:18:14.613 [info] Extension installed successfully: tecosaur.latex-utilities
2024-02-14 14:18:14.618 [info] Marked extension as uninstalled tecosaur.latex-utilities-0.4.10
2024-02-14 14:18:14.688 [error] [uncaught exception in sharedProcess]: Error: ENOENT: no such file or directory, stat '/home/dwagn/.vscode/extensions/extensions.json.vsctmp': EntryNotFound (FileSystemError): Error: ENOENT: no such file or directory, stat '/home/dwagn/.vscode/extensions/extensions.json.vsctmp'
    at r.create (/opt/visual-studio-code/resources/app/out/vs/code/node/sharedProcess/sharedProcessMain.js:51:30119)
    at a (/opt/visual-studio-code/resources/app/out/vs/code/node/sharedProcess/sharedProcessMain.js:51:30234)
    at i.fb (/opt/visual-studio-code/resources/app/out/vs/code/node/sharedProcess/sharedProcessMain.js:56:36631)
    at i.stat (/opt/visual-studio-code/resources/app/out/vs/code/node/sharedProcess/sharedProcessMain.js:56:29077)
    at async v.stat (/opt/visual-studio-code/resources/app/out/vs/code/node/sharedProcess/sharedProcessMain.js:56:16223)
    at async Y.tb (/opt/visual-studio-code/resources/app/out/vs/code/node/sharedProcess/sharedProcessMain.js:102:108626)
2024-02-14 14:18:16.363 [warning] Extension signature verification failed with error 'UnknownError': ms-vscode.cmake-tools
2024-02-14 14:18:16.652 [info] Extracted extension to file:///home/dwagn/.vscode/extensions/ms-vscode.cmake-tools-1.17.15: ms-vscode.cmake-tools
2024-02-14 14:18:16.661 [info] Renamed to /home/dwagn/.vscode/extensions/ms-vscode.cmake-tools-1.17.15
2024-02-14 14:18:16.666 [warning] [cmake-tools]: Couldn't find message for key cmake-tools.configuration.cmake.options.advanced.statusBarLength.description.
2024-02-14 14:18:16.667 [warning] [cmake-tools]: Couldn't find message for key cmake-tools.configuration.cmake.options.advanced.statusBarLength.description.
2024-02-14 14:18:16.667 [warning] [cmake-tools]: Couldn't find message for key cmake-tools.configuration.cmake.options.advanced.statusBarLength.description.
2024-02-14 14:18:16.667 [warning] [cmake-tools]: Couldn't find message for key cmake-tools.configuration.cmake.options.advanced.statusBarLength.description.
2024-02-14 14:18:16.667 [warning] [cmake-tools]: Couldn't find message for key cmake-tools.configuration.cmake.options.advanced.statusBarLength.description.
2024-02-14 14:18:16.667 [warning] [cmake-tools]: Couldn't find message for key cmake-tools.configuration.cmake.options.advanced.statusBarLength.description.
2024-02-14 14:18:16.668 [warning] [cmake-tools]: Couldn't find message for key cmake-tools.configuration.cmake.options.advanced.statusBarLength.description.
2024-02-14 14:18:16.668 [warning] [cmake-tools]: Couldn't find message for key cmake-tools.configuration.cmake.options.advanced.statusBarLength.description.
2024-02-14 14:18:16.668 [warning] [cmake-tools]: Couldn't find message for key cmake-tools.configuration.cmake.options.advanced.statusBarLength.description.
2024-02-14 14:18:16.668 [warning] [cmake-tools]: Couldn't find message for key cmake-tools.configuration.cmake.options.advanced.statusBarLength.description.
2024-02-14 14:18:16.668 [warning] [cmake-tools]: Couldn't find message for key cmake-tools.configuration.cmake.options.advanced.statusBarLength.description.
2024-02-14 14:18:16.668 [warning] [cmake-tools]: Couldn't find message for key cmake-tools.configuration.cmake.options.advanced.statusBarLength.description.
2024-02-14 14:18:16.669 [info] Extracting extension completed. ms-vscode.cmake-tools
2024-02-14 14:18:16.680 [info] Extension installed successfully: ms-vscode.cmake-tools
2024-02-14 14:18:16.686 [warning] [cmake-tools]: Couldn't find message for key cmake-tools.configuration.cmake.options.advanced.statusBarVisibility.variant.description.
2024-02-14 14:18:16.687 [info] Marked extension as uninstalled ms-vscode.cmake-tools-1.16.32
2024-02-14 14:18:16.752 [error] [uncaught exception in sharedProcess]: Error: ENOENT: no such file or directory, stat '/home/dwagn/.vscode/extensions/extensions.json.vsctmp': EntryNotFound (FileSystemError): Error: ENOENT: no such file or directory, stat '/home/dwagn/.vscode/extensions/extensions.json.vsctmp'
    at r.create (/opt/visual-studio-code/resources/app/out/vs/code/node/sharedProcess/sharedProcessMain.js:51:30119)
    at a (/opt/visual-studio-code/resources/app/out/vs/code/node/sharedProcess/sharedProcessMain.js:51:30234)
    at i.fb (/opt/visual-studio-code/resources/app/out/vs/code/node/sharedProcess/sharedProcessMain.js:56:36631)
    at i.stat (/opt/visual-studio-code/resources/app/out/vs/code/node/sharedProcess/sharedProcessMain.js:56:29077)
    at async v.stat (/opt/visual-studio-code/resources/app/out/vs/code/node/sharedProcess/sharedProcessMain.js:56:16223)
    at async Y.tb (/opt/visual-studio-code/resources/app/out/vs/code/node/sharedProcess/sharedProcessMain.js:102:108626)
2024-02-14 14:18:17.293 [warning] Extension signature verification failed with error 'UnknownError': eamodio.gitlens
2024-02-14 14:18:17.334 [warning] Extension signature verification failed with error 'UnknownError': james-yu.latex-workshop
2024-02-14 14:18:17.884 [info] Extracted extension to file:///home/dwagn/.vscode/extensions/eamodio.gitlens-14.8.0: eamodio.gitlens
2024-02-14 14:18:17.901 [info] Renamed to /home/dwagn/.vscode/extensions/eamodio.gitlens-14.8.0
2024-02-14 14:18:17.908 [info] Extracting extension completed. eamodio.gitlens
2024-02-14 14:18:17.924 [info] Extension installed successfully: eamodio.gitlens
2024-02-14 14:18:17.940 [info] Marked extension as uninstalled eamodio.gitlens-14.7.0
2024-02-14 14:18:17.991 [error] [uncaught exception in sharedProcess]: Error: ENOENT: no such file or directory, stat '/home/dwagn/.vscode/extensions/extensions.json.vsctmp': EntryNotFound (FileSystemError): Error: ENOENT: no such file or directory, stat '/home/dwagn/.vscode/extensions/extensions.json.vsctmp'
    at r.create (/opt/visual-studio-code/resources/app/out/vs/code/node/sharedProcess/sharedProcessMain.js:51:30119)
    at a (/opt/visual-studio-code/resources/app/out/vs/code/node/sharedProcess/sharedProcessMain.js:51:30234)
    at i.fb (/opt/visual-studio-code/resources/app/out/vs/code/node/sharedProcess/sharedProcessMain.js:56:36631)
    at i.stat (/opt/visual-studio-code/resources/app/out/vs/code/node/sharedProcess/sharedProcessMain.js:56:29077)
    at async v.stat (/opt/visual-studio-code/resources/app/out/vs/code/node/sharedProcess/sharedProcessMain.js:56:16223)
    at async Y.tb (/opt/visual-studio-code/resources/app/out/vs/code/node/sharedProcess/sharedProcessMain.js:102:108626)
2024-02-14 14:18:18.747 [info] Extracted extension to file:///home/dwagn/.vscode/extensions/james-yu.latex-workshop-9.18.1: james-yu.latex-workshop
2024-02-14 14:18:18.752 [info] Renamed to /home/dwagn/.vscode/extensions/james-yu.latex-workshop-9.18.1
2024-02-14 14:18:18.754 [info] Extracting extension completed. james-yu.latex-workshop
2024-02-14 14:18:18.764 [info] Extension installed successfully: james-yu.latex-workshop
2024-02-14 14:18:18.769 [info] Marked extension as uninstalled james-yu.latex-workshop-9.18.0
2024-02-14 14:18:18.837 [error] [uncaught exception in sharedProcess]: Error: ENOENT: no such file or directory, stat '/home/dwagn/.vscode/extensions/extensions.json.vsctmp': EntryNotFound (FileSystemError): Error: ENOENT: no such file or directory, stat '/home/dwagn/.vscode/extensions/extensions.json.vsctmp'
    at r.create (/opt/visual-studio-code/resources/app/out/vs/code/node/sharedProcess/sharedProcessMain.js:51:30119)
    at a (/opt/visual-studio-code/resources/app/out/vs/code/node/sharedProcess/sharedProcessMain.js:51:30234)
    at i.fb (/opt/visual-studio-code/resources/app/out/vs/code/node/sharedProcess/sharedProcessMain.js:56:36631)
    at i.stat (/opt/visual-studio-code/resources/app/out/vs/code/node/sharedProcess/sharedProcessMain.js:56:29077)
    at async v.stat (/opt/visual-studio-code/resources/app/out/vs/code/node/sharedProcess/sharedProcessMain.js:56:16223)
    at async Y.tb (/opt/visual-studio-code/resources/app/out/vs/code/node/sharedProcess/sharedProcessMain.js:102:108626)
2024-02-14 14:23:10.147 [warning] [cmake-tools]: Couldn't find message for key cmake-tools.configuration.cmake.options.advanced.statusBarLength.description.
2024-02-14 14:23:10.148 [warning] [cmake-tools]: Couldn't find message for key cmake-tools.configuration.cmake.options.advanced.statusBarLength.description.
2024-02-14 14:23:10.148 [warning] [cmake-tools]: Couldn't find message for key cmake-tools.configuration.cmake.options.advanced.statusBarLength.description.
2024-02-14 14:23:10.148 [warning] [cmake-tools]: Couldn't find message for key cmake-tools.configuration.cmake.options.advanced.statusBarLength.description.
2024-02-14 14:23:10.148 [warning] [cmake-tools]: Couldn't find message for key cmake-tools.configuration.cmake.options.advanced.statusBarLength.description.
2024-02-14 14:23:10.148 [warning] [cmake-tools]: Couldn't find message for key cmake-tools.configuration.cmake.options.advanced.statusBarLength.description.
2024-02-14 14:23:10.149 [warning] [cmake-tools]: Couldn't find message for key cmake-tools.configuration.cmake.options.advanced.statusBarLength.description.
2024-02-14 14:23:10.149 [warning] [cmake-tools]: Couldn't find message for key cmake-tools.configuration.cmake.options.advanced.statusBarLength.description.
2024-02-14 14:23:10.149 [warning] [cmake-tools]: Couldn't find message for key cmake-tools.configuration.cmake.options.advanced.statusBarLength.description.
2024-02-14 14:23:10.149 [warning] [cmake-tools]: Couldn't find message for key cmake-tools.configuration.cmake.options.advanced.statusBarLength.description.
2024-02-14 14:23:10.149 [warning] [cmake-tools]: Couldn't find message for key cmake-tools.configuration.cmake.options.advanced.statusBarLength.description.
2024-02-14 14:23:10.150 [warning] [cmake-tools]: Couldn't find message for key cmake-tools.configuration.cmake.options.advanced.statusBarLength.description.
2024-02-14 14:28:10.268 [warning] [cmake-tools]: Couldn't find message for key cmake-tools.configuration.cmake.options.advanced.statusBarLength.description.
2024-02-14 14:28:10.269 [warning] [cmake-tools]: Couldn't find message for key cmake-tools.configuration.cmake.options.advanced.statusBarLength.description.
2024-02-14 14:28:10.269 [warning] [cmake-tools]: Couldn't find message for key cmake-tools.configuration.cmake.options.advanced.statusBarLength.description.
2024-02-14 14:28:10.269 [warning] [cmake-tools]: Couldn't find message for key cmake-tools.configuration.cmake.options.advanced.statusBarLength.description.
2024-02-14 14:28:10.269 [warning] [cmake-tools]: Couldn't find message for key cmake-tools.configuration.cmake.options.advanced.statusBarLength.description.
2024-02-14 14:28:10.269 [warning] [cmake-tools]: Couldn't find message for key cmake-tools.configuration.cmake.options.advanced.statusBarLength.description.
2024-02-14 14:28:10.269 [warning] [cmake-tools]: Couldn't find message for key cmake-tools.configuration.cmake.options.advanced.statusBarLength.description.
2024-02-14 14:28:10.270 [warning] [cmake-tools]: Couldn't find message for key cmake-tools.configuration.cmake.options.advanced.statusBarLength.description.
2024-02-14 14:28:10.270 [warning] [cmake-tools]: Couldn't find message for key cmake-tools.configuration.cmake.options.advanced.statusBarLength.description.
2024-02-14 14:28:10.271 [warning] [cmake-tools]: Couldn't find message for key cmake-tools.configuration.cmake.options.advanced.statusBarLength.description.
2024-02-14 14:28:10.271 [warning] [cmake-tools]: Couldn't find message for key cmake-tools.configuration.cmake.options.advanced.statusBarLength.description.
2024-02-14 14:28:10.271 [warning] [cmake-tools]: Couldn't find message for key cmake-tools.configuration.cmake.options.advanced.statusBarLength.description.
2024-02-14 14:33:10.396 [warning] [cmake-tools]: Couldn't find message for key cmake-tools.configuration.cmake.options.advanced.statusBarLength.description.
2024-02-14 14:33:10.397 [warning] [cmake-tools]: Couldn't find message for key cmake-tools.configuration.cmake.options.advanced.statusBarLength.description.
2024-02-14 14:33:10.397 [warning] [cmake-tools]: Couldn't find message for key cmake-tools.configuration.cmake.options.advanced.statusBarLength.description.
2024-02-14 14:33:10.397 [warning] [cmake-tools]: Couldn't find message for key cmake-tools.configuration.cmake.options.advanced.statusBarLength.description.
2024-02-14 14:33:10.397 [warning] [cmake-tools]: Couldn't find message for key cmake-tools.configuration.cmake.options.advanced.statusBarLength.description.
2024-02-14 14:33:10.397 [warning] [cmake-tools]: Couldn't find message for key cmake-tools.configuration.cmake.options.advanced.statusBarLength.description.
2024-02-14 14:33:10.398 [warning] [cmake-tools]: Couldn't find message for key cmake-tools.configuration.cmake.options.advanced.statusBarLength.description.
2024-02-14 14:33:10.398 [warning] [cmake-tools]: Couldn't find message for key cmake-tools.configuration.cmake.options.advanced.statusBarLength.description.
2024-02-14 14:33:10.398 [warning] [cmake-tools]: Couldn't find message for key cmake-tools.configuration.cmake.options.advanced.statusBarLength.description.
2024-02-14 14:33:10.398 [warning] [cmake-tools]: Couldn't find message for key cmake-tools.configuration.cmake.options.advanced.statusBarLength.description.
2024-02-14 14:33:10.398 [warning] [cmake-tools]: Couldn't find message for key cmake-tools.configuration.cmake.options.advanced.statusBarLength.description.
2024-02-14 14:33:10.399 [warning] [cmake-tools]: Couldn't find message for key cmake-tools.configuration.cmake.options.advanced.statusBarLength.description.
2024-02-14 14:38:10.511 [warning] [cmake-tools]: Couldn't find message for key cmake-tools.configuration.cmake.options.advanced.statusBarLength.description.
2024-02-14 14:38:10.512 [warning] [cmake-tools]: Couldn't find message for key cmake-tools.configuration.cmake.options.advanced.statusBarLength.description.
2024-02-14 14:38:10.512 [warning] [cmake-tools]: Couldn't find message for key cmake-tools.configuration.cmake.options.advanced.statusBarLength.description.
2024-02-14 14:38:10.512 [warning] [cmake-tools]: Couldn't find message for key cmake-tools.configuration.cmake.options.advanced.statusBarLength.description.
2024-02-14 14:38:10.512 [warning] [cmake-tools]: Couldn't find message for key cmake-tools.configuration.cmake.options.advanced.statusBarLength.description.
2024-02-14 14:38:10.512 [warning] [cmake-tools]: Couldn't find message for key cmake-tools.configuration.cmake.options.advanced.statusBarLength.description.
2024-02-14 14:38:10.513 [warning] [cmake-tools]: Couldn't find message for key cmake-tools.configuration.cmake.options.advanced.statusBarLength.description.
2024-02-14 14:38:10.513 [warning] [cmake-tools]: Couldn't find message for key cmake-tools.configuration.cmake.options.advanced.statusBarLength.description.
2024-02-14 14:38:10.513 [warning] [cmake-tools]: Couldn't find message for key cmake-tools.configuration.cmake.options.advanced.statusBarLength.description.
2024-02-14 14:38:10.513 [warning] [cmake-tools]: Couldn't find message for key cmake-tools.configuration.cmake.options.advanced.statusBarLength.description.
2024-02-14 14:38:10.513 [warning] [cmake-tools]: Couldn't find message for key cmake-tools.configuration.cmake.options.advanced.statusBarLength.description.
2024-02-14 14:38:10.513 [warning] [cmake-tools]: Couldn't find message for key cmake-tools.configuration.cmake.options.advanced.statusBarLength.description.
2024-02-14 14:43:10.629 [warning] [cmake-tools]: Couldn't find message for key cmake-tools.configuration.cmake.options.advanced.statusBarLength.description.
2024-02-14 14:43:10.629 [warning] [cmake-tools]: Couldn't find message for key cmake-tools.configuration.cmake.options.advanced.statusBarLength.description.
2024-02-14 14:43:10.629 [warning] [cmake-tools]: Couldn't find message for key cmake-tools.configuration.cmake.options.advanced.statusBarLength.description.
2024-02-14 14:43:10.630 [warning] [cmake-tools]: Couldn't find message for key cmake-tools.configuration.cmake.options.advanced.statusBarLength.description.
2024-02-14 14:43:10.630 [warning] [cmake-tools]: Couldn't find message for key cmake-tools.configuration.cmake.options.advanced.statusBarLength.description.
2024-02-14 14:43:10.630 [warning] [cmake-tools]: Couldn't find message for key cmake-tools.configuration.cmake.options.advanced.statusBarLength.description.
2024-02-14 14:43:10.630 [warning] [cmake-tools]: Couldn't find message for key cmake-tools.configuration.cmake.options.advanced.statusBarLength.description.
2024-02-14 14:43:10.630 [warning] [cmake-tools]: Couldn't find message for key cmake-tools.configuration.cmake.options.advanced.statusBarLength.description.
2024-02-14 14:43:10.630 [warning] [cmake-tools]: Couldn't find message for key cmake-tools.configuration.cmake.options.advanced.statusBarLength.description.
2024-02-14 14:43:10.631 [warning] [cmake-tools]: Couldn't find message for key cmake-tools.configuration.cmake.options.advanced.statusBarLength.description.
2024-02-14 14:43:10.631 [warning] [cmake-tools]: Couldn't find message for key cmake-tools.configuration.cmake.options.advanced.statusBarLength.description.
2024-02-14 14:43:10.631 [warning] [cmake-tools]: Couldn't find message for key cmake-tools.configuration.cmake.options.advanced.statusBarLength.description.
2024-02-14 14:48:10.746 [warning] [cmake-tools]: Couldn't find message for key cmake-tools.configuration.cmake.options.advanced.statusBarLength.description.
2024-02-14 14:48:10.746 [warning] [cmake-tools]: Couldn't find message for key cmake-tools.configuration.cmake.options.advanced.statusBarLength.description.
2024-02-14 14:48:10.747 [warning] [cmake-tools]: Couldn't find message for key cmake-tools.configuration.cmake.options.advanced.statusBarLength.description.
2024-02-14 14:48:10.747 [warning] [cmake-tools]: Couldn't find message for key cmake-tools.configuration.cmake.options.advanced.statusBarLength.description.
2024-02-14 14:48:10.747 [warning] [cmake-tools]: Couldn't find message for key cmake-tools.configuration.cmake.options.advanced.statusBarLength.description.
2024-02-14 14:48:10.747 [warning] [cmake-tools]: Couldn't find message for key cmake-tools.configuration.cmake.options.advanced.statusBarLength.description.
2024-02-14 14:48:10.747 [warning] [cmake-tools]: Couldn't find message for key cmake-tools.configuration.cmake.options.advanced.statusBarLength.description.
2024-02-14 14:48:10.748 [warning] [cmake-tools]: Couldn't find message for key cmake-tools.configuration.cmake.options.advanced.statusBarLength.description.
2024-02-14 14:48:10.748 [warning] [cmake-tools]: Couldn't find message for key cmake-tools.configuration.cmake.options.advanced.statusBarLength.description.
2024-02-14 14:48:10.748 [warning] [cmake-tools]: Couldn't find message for key cmake-tools.configuration.cmake.options.advanced.statusBarLength.description.
2024-02-14 14:48:10.748 [warning] [cmake-tools]: Couldn't find message for key cmake-tools.configuration.cmake.options.advanced.statusBarLength.description.
2024-02-14 14:48:10.748 [warning] [cmake-tools]: Couldn't find message for key cmake-tools.configuration.cmake.options.advanced.statusBarLength.description.
2024-02-14 14:53:10.854 [warning] [cmake-tools]: Couldn't find message for key cmake-tools.configuration.cmake.options.advanced.statusBarLength.description.
2024-02-14 14:53:10.854 [warning] [cmake-tools]: Couldn't find message for key cmake-tools.configuration.cmake.options.advanced.statusBarLength.description.
2024-02-14 14:53:10.854 [warning] [cmake-tools]: Couldn't find message for key cmake-tools.configuration.cmake.options.advanced.statusBarLength.description.
2024-02-14 14:53:10.855 [warning] [cmake-tools]: Couldn't find message for key cmake-tools.configuration.cmake.options.advanced.statusBarLength.description.
2024-02-14 14:53:10.855 [warning] [cmake-tools]: Couldn't find message for key cmake-tools.configuration.cmake.options.advanced.statusBarLength.description.
2024-02-14 14:53:10.855 [warning] [cmake-tools]: Couldn't find message for key cmake-tools.configuration.cmake.options.advanced.statusBarLength.description.
2024-02-14 14:53:10.855 [warning] [cmake-tools]: Couldn't find message for key cmake-tools.configuration.cmake.options.advanced.statusBarLength.description.
2024-02-14 14:53:10.855 [warning] [cmake-tools]: Couldn't find message for key cmake-tools.configuration.cmake.options.advanced.statusBarLength.description.
2024-02-14 14:53:10.855 [warning] [cmake-tools]: Couldn't find message for key cmake-tools.configuration.cmake.options.advanced.statusBarLength.description.
2024-02-14 14:53:10.855 [warning] [cmake-tools]: Couldn't find message for key cmake-tools.configuration.cmake.options.advanced.statusBarLength.description.
2024-02-14 14:53:10.855 [warning] [cmake-tools]: Couldn't find message for key cmake-tools.configuration.cmake.options.advanced.statusBarLength.description.
2024-02-14 14:53:10.855 [warning] [cmake-tools]: Couldn't find message for key cmake-tools.configuration.cmake.options.advanced.statusBarLength.description.
2024-02-14 14:58:10.951 [warning] [cmake-tools]: Couldn't find message for key cmake-tools.configuration.cmake.options.advanced.statusBarLength.description.
2024-02-14 14:58:10.951 [warning] [cmake-tools]: Couldn't find message for key cmake-tools.configuration.cmake.options.advanced.statusBarLength.description.
2024-02-14 14:58:10.952 [warning] [cmake-tools]: Couldn't find message for key cmake-tools.configuration.cmake.options.advanced.statusBarLength.description.
2024-02-14 14:58:10.952 [warning] [cmake-tools]: Couldn't find message for key cmake-tools.configuration.cmake.options.advanced.statusBarLength.description.
2024-02-14 14:58:10.952 [warning] [cmake-tools]: Couldn't find message for key cmake-tools.configuration.cmake.options.advanced.statusBarLength.description.
2024-02-14 14:58:10.952 [warning] [cmake-tools]: Couldn't find message for key cmake-tools.configuration.cmake.options.advanced.statusBarLength.description.
2024-02-14 14:58:10.953 [warning] [cmake-tools]: Couldn't find message for key cmake-tools.configuration.cmake.options.advanced.statusBarLength.description.
2024-02-14 14:58:10.953 [warning] [cmake-tools]: Couldn't find message for key cmake-tools.configuration.cmake.options.advanced.statusBarLength.description.
2024-02-14 14:58:10.953 [warning] [cmake-tools]: Couldn't find message for key cmake-tools.configuration.cmake.options.advanced.statusBarLength.description.
2024-02-14 14:58:10.953 [warning] [cmake-tools]: Couldn't find message for key cmake-tools.configuration.cmake.options.advanced.statusBarLength.description.
2024-02-14 14:58:10.953 [warning] [cmake-tools]: Couldn't find message for key cmake-tools.configuration.cmake.options.advanced.statusBarLength.description.
2024-02-14 14:58:10.953 [warning] [cmake-tools]: Couldn't find message for key cmake-tools.configuration.cmake.options.advanced.statusBarLength.description.
2024-02-14 15:03:11.131 [warning] [cmake-tools]: Couldn't find message for key cmake-tools.configuration.cmake.options.advanced.statusBarLength.description.
2024-02-14 15:03:11.131 [warning] [cmake-tools]: Couldn't find message for key cmake-tools.configuration.cmake.options.advanced.statusBarLength.description.
2024-02-14 15:03:11.131 [warning] [cmake-tools]: Couldn't find message for key cmake-tools.configuration.cmake.options.advanced.statusBarLength.description.
2024-02-14 15:03:11.131 [warning] [cmake-tools]: Couldn't find message for key cmake-tools.configuration.cmake.options.advanced.statusBarLength.description.
2024-02-14 15:03:11.131 [warning] [cmake-tools]: Couldn't find message for key cmake-tools.configuration.cmake.options.advanced.statusBarLength.description.
2024-02-14 15:03:11.132 [warning] [cmake-tools]: Couldn't find message for key cmake-tools.configuration.cmake.options.advanced.statusBarLength.description.
2024-02-14 15:03:11.132 [warning] [cmake-tools]: Couldn't find message for key cmake-tools.configuration.cmake.options.advanced.statusBarLength.description.
2024-02-14 15:03:11.132 [warning] [cmake-tools]: Couldn't find message for key cmake-tools.configuration.cmake.options.advanced.statusBarLength.description.
2024-02-14 15:03:11.132 [warning] [cmake-tools]: Couldn't find message for key cmake-tools.configuration.cmake.options.advanced.statusBarLength.description.
2024-02-14 15:03:11.132 [warning] [cmake-tools]: Couldn't find message for key cmake-tools.configuration.cmake.options.advanced.statusBarLength.description.
2024-02-14 15:03:11.132 [warning] [cmake-tools]: Couldn't find message for key cmake-tools.configuration.cmake.options.advanced.statusBarLength.description.
2024-02-14 15:03:11.132 [warning] [cmake-tools]: Couldn't find message for key cmake-tools.configuration.cmake.options.advanced.statusBarLength.description.
