[10:07:05.046][Logger] New log placeholder %WS1% registered for /home/dwagn/pi_pico_env .
[10:07:05.046][Build][Recipe] Set $LATEXWORKSHOP_DOCKER_LATEX: ""
[10:07:05.083][Server] Creating LaTeX Workshop http and websocket server.
[10:07:05.155][Server] Server successfully started: {"address":"127.0.0.1","family":"IPv4","port":36301} .
[10:07:05.173][Extension] Initializing LaTeX Workshop.
[10:07:05.174][Extension] Extension root: /home/dwagn/.vscode/extensions/james-yu.latex-workshop-9.15.8
[10:07:05.174][Extension] $PATH: /home/dwagn/.pyenv/shims:/home/dwagn/.pyenv/versions/2.7.18/lib:/home/dwagn:/home/dwagn/.config/emacs/bin:/usr/local/sbin:/usr/local/bin:/usr/bin:/usr/lib/jvm/default/bin:/usr/bin/site_perl:/usr/bin/vendor_perl:/usr/bin/core_perl
[10:07:05.174][Extension] $SHELL: /bin/bash
[10:07:05.174][Extension] $LANG: en_US.UTF-8
[10:07:05.174][Extension] $LC_ALL: undefined
[10:07:05.175][Extension] process.platform: linux
[10:07:05.175][Extension] process.arch: x64
[10:07:05.175][Extension] vscode.env.appName: Visual Studio Code
[10:07:05.175][Extension] vscode.env.remoteName: undefined
[10:07:05.175][Extension] vscode.env.uiKind: 1
[10:07:05.205][Extension] LaTeX Workshop initialized.
[10:07:05.209][Format][Bib] Bibtex format config: {"tab":"  ","case":"lowercase","left":"{","right":"}","trailingComma":false,"sort":["key"],"alignOnEqual":true,"sortFields":false,"fieldsOrder":[],"firstEntries":["string","xdata"]}
[10:07:05.210][Extension] Trigger characters for intellisense of LaTeX documents: ["\\",",","{"]
[10:07:05.211][Root] Current workspace folders: ["file://%WS1%"]
[10:07:05.212][Root] Current workspaceRootDir: file://%WS1% .
[10:07:05.213][Server] valdOrigin is http://127.0.0.1:36301
[10:07:05.245][Viewer][Panel] Internal PDF viewer at http://127.0.0.1:36301/viewer.html?file=pdf..ZmlsZSUzQSUyRiUyRiUyRmhvbWUlMkZkd2FnbiUyRnBpX3BpY29fZW52JTJGUGljby1SMy1BNC1QaW5vdXQucGRm .
[10:07:05.247][Cacher][Watcher] Watched %WS1%/Pico-R3-A4-Pinout.pdf with a new watcher on %WS1% .
[10:07:05.248][Event] FILE_WATCHED: "%WS1%/Pico-R3-A4-Pinout.pdf"
[10:07:05.275][Root] No root file found.
[10:07:05.275][Structure] Structure cleared on undefined root.
[10:07:05.275][Event] ROOT_FILE_SEARCHED
[10:07:05.276][Event] STRUCTURE_UPDATED
[10:07:05.389][Viewer] Handle data type: open
[10:07:05.464][Server] Preview PDF file: file://%WS1%/Pico-R3-A4-Pinout.pdf
[10:07:05.644][Viewer] Handle data type: loaded
[10:07:05.644][Event] VIEWER_PAGE_LOADED
[11:33:28.245][Viewer][Panel] Internal PDF viewer at http://127.0.0.1:36301/viewer.html?file=pdf..ZmlsZSUzQSUyRiUyRiUyRmhvbWUlMkZkd2FnbiUyRnBpX3BpY29fZW52JTJGUGljby1SMy1BNC1QaW5vdXQucGRm .
[11:33:28.246][Cacher][Watcher] Watched %WS1%/Pico-R3-A4-Pinout.pdf .
[11:33:28.246][Event] FILE_WATCHED: "%WS1%/Pico-R3-A4-Pinout.pdf"
[11:33:28.377][Viewer] Handle data type: open
[11:33:28.448][Server] Preview PDF file: file://%WS1%/Pico-R3-A4-Pinout.pdf
[11:33:28.621][Viewer] Handle data type: loaded
[11:33:28.621][Event] VIEWER_PAGE_LOADED
[15:06:07.483][Root] Current workspace folders: ["file://%WS1%"]
[15:06:07.484][Root] Found root file from active editor: %WS1%/final_report/EECE_458_Final_Report.tex
[15:06:07.484][Root] Root file changed: from %WS1%/final_report/EECE_458_Final_Report.tex to %WS1%/final_report/EECE_458_Final_Report.tex, langID latex . Refresh dependencies
[15:06:07.485][Event] ROOT_FILE_CHANGED: "%WS1%/final_report/EECE_458_Final_Report.tex"
[15:06:07.485][Cacher][Watcher] Reset.
[15:06:07.485][Cacher][Watcher] Reset.
[15:06:07.485][Cacher][Watcher] Reset.
[15:06:07.489][Cacher] Adding %WS1%/final_report/EECE_458_Final_Report.tex .
[15:06:07.489][Cacher][Watcher] Watched %WS1%/final_report/EECE_458_Final_Report.tex with a new watcher on %WS1%/final_report .
[15:06:07.489][Event] FILE_WATCHED: "%WS1%/final_report/EECE_458_Final_Report.tex"
[15:06:07.490][Cacher] Caching %WS1%/final_report/EECE_458_Final_Report.tex .
[15:06:07.491][Cacher] Updated inputs of %WS1%/final_report/EECE_458_Final_Report.tex .
[15:06:07.491][Cacher] Parse LaTeX AST: %WS1%/final_report/EECE_458_Final_Report.tex .
[15:06:07.491][Event] ROOT_FILE_SEARCHED
[15:06:07.850][Cacher] Parsed LaTeX AST: %WS1%/final_report/EECE_458_Final_Report.tex .
[15:06:07.851][File] Calling kpsewhich to resolve article.cls .
[15:06:07.883][Cacher] Updated elements in 32.55 ms: %WS1%/final_report/EECE_458_Final_Report.tex .
[15:06:07.884][Event] FILE_PARSED: "%WS1%/final_report/EECE_458_Final_Report.tex"
[15:06:07.894][Structure] Structure force updated with 0 root sections for %WS1%/final_report/EECE_458_Final_Report.tex .
[15:06:07.895][Event] STRUCTURE_UPDATED
[15:06:07.896][Structure] Structure updated with 14 root sections for %WS1%/final_report/EECE_458_Final_Report.tex .
[15:06:07.897][Event] STRUCTURE_UPDATED
[15:09:16.935][Extension] onDidSaveTextDocument triggered: file://%WS1%/final_report/EECE_458_Final_Report.tex
[15:09:17.004][Cacher][Watcher] "change" emitted on %WS1%/final_report/EECE_458_Final_Report.tex.
[15:09:17.006][Cacher] Caching %WS1%/final_report/EECE_458_Final_Report.tex .
[15:09:17.007][Cacher] Updated inputs of %WS1%/final_report/EECE_458_Final_Report.tex .
[15:09:17.007][Cacher] Parse LaTeX AST: %WS1%/final_report/EECE_458_Final_Report.tex .
[15:09:17.008][Build] Auto build starteddetecting the change of a file: %WS1%/final_report/EECE_458_Final_Report.tex .
[15:09:17.008][Event] AUTO_BUILD_INITIATED: {"type":"onFileChange","file":"%WS1%/final_report/EECE_458_Final_Report.tex"}
[15:09:17.008][Build] The document of the active editor: file://%WS1%/final_report/EECE_458_Final_Report.tex
[15:09:17.009][Build] The languageId of the document: latex
[15:09:17.009][Build] Building root file: %WS1%/final_report/EECE_458_Final_Report.tex
[15:09:17.009][Build][Recipe] Build root file %WS1%/final_report/EECE_458_Final_Report.tex
[15:09:17.009][Event] FILE_CHANGED: "%WS1%/final_report/EECE_458_Final_Report.tex"
[15:09:17.011][Build][Recipe] Preparing to run recipe: latexmk.
[15:09:17.011][Build][Recipe] Prepared 1 tools.
[15:09:17.026][Build][Recipe] Cannot run `pdflatex` to determine if we are using MiKTeX.
[15:09:17.027][Build][Recipe] outDir: %WS1%/final_report .
[15:09:17.028][Build] Recipe step 1 The command is latexmk:["-synctex=1","-interaction=nonstopmode","-file-line-error","-pdf","-outdir=%WS1%/final_report","%WS1%/final_report/EECE_458_Final_Report"].
[15:09:17.029][Build] env: {}
[15:09:17.029][Build] root: %WS1%/final_report/EECE_458_Final_Report.tex
[15:09:17.029][Build] cwd: %WS1%/final_report
[15:09:17.041][Build] LaTeX build process spawned with PID undefined.
[15:09:17.043][Build] LaTeX fatal error on PID undefined. Error: spawn latexmk ENOENT
[15:09:17.043]Error: spawn latexmk ENOENT
	at ChildProcess._handle.onexit (node:internal/child_process:283:19)
	at onErrorNT (node:internal/child_process:476:16)
	at process.processTicksAndRejections (node:internal/process/task_queues:82:21)
[15:09:17.043][Build] Does the executable exist? $PATH: /home/dwagn/.pyenv/shims:/home/dwagn/.pyenv/versions/2.7.18/lib:/home/dwagn:/home/dwagn/.config/emacs/bin:/usr/local/sbin:/usr/local/bin:/usr/bin:/usr/lib/jvm/default/bin:/usr/bin/site_perl:/usr/bin/vendor_perl:/usr/bin/core_perl, $Path: undefined, $SHELL: /bin/bash
[15:09:17.043][Build] 
[15:09:17.063][Cacher] Parsed LaTeX AST: %WS1%/final_report/EECE_458_Final_Report.tex .
[15:09:17.064][File] Calling kpsewhich to resolve article.cls .
[15:09:17.084][Cacher] Updated elements in 20.32 ms: %WS1%/final_report/EECE_458_Final_Report.tex .
[15:09:17.085][Event] FILE_PARSED: "%WS1%/final_report/EECE_458_Final_Report.tex"
[15:09:17.085][Structure] Structure force updated with 14 root sections for %WS1%/final_report/EECE_458_Final_Report.tex .
[15:09:17.085][Event] STRUCTURE_UPDATED
[15:49:05.095][Extension] onDidSaveTextDocument triggered: file://%WS1%/final_report/EECE_458_Final_Report.tex
[15:49:05.165][Cacher][Watcher] "change" emitted on %WS1%/final_report/EECE_458_Final_Report.tex.
[15:49:05.167][Cacher] Caching %WS1%/final_report/EECE_458_Final_Report.tex .
[15:49:05.167][Cacher] Updated inputs of %WS1%/final_report/EECE_458_Final_Report.tex .
[15:49:05.168][Cacher] Parse LaTeX AST: %WS1%/final_report/EECE_458_Final_Report.tex .
[15:49:05.168][Build] Auto build starteddetecting the change of a file: %WS1%/final_report/EECE_458_Final_Report.tex .
[15:49:05.168][Event] AUTO_BUILD_INITIATED: {"type":"onFileChange","file":"%WS1%/final_report/EECE_458_Final_Report.tex"}
[15:49:05.168][Build] The document of the active editor: file://%WS1%/final_report/EECE_458_Final_Report.tex
[15:49:05.168][Build] The languageId of the document: latex
[15:49:05.169][Build] Building root file: %WS1%/final_report/EECE_458_Final_Report.tex
[15:49:05.169][Build][Recipe] Build root file %WS1%/final_report/EECE_458_Final_Report.tex
[15:49:05.169][Event] FILE_CHANGED: "%WS1%/final_report/EECE_458_Final_Report.tex"
[15:49:05.171][Build][Recipe] Preparing to run recipe: latexmk.
[15:49:05.172][Build][Recipe] Prepared 1 tools.
[15:49:05.172][Build][Recipe] outDir: %WS1%/final_report .
[15:49:05.173][Build] Recipe step 1 The command is latexmk:["-synctex=1","-interaction=nonstopmode","-file-line-error","-pdf","-outdir=%WS1%/final_report","%WS1%/final_report/EECE_458_Final_Report"].
[15:49:05.173][Build] env: {}
[15:49:05.173][Build] root: %WS1%/final_report/EECE_458_Final_Report.tex
[15:49:05.174][Build] cwd: %WS1%/final_report
[15:49:05.185][Build] LaTeX build process spawned with PID undefined.
[15:49:05.186][Build] LaTeX fatal error on PID undefined. Error: spawn latexmk ENOENT
[15:49:05.187]Error: spawn latexmk ENOENT
	at ChildProcess._handle.onexit (node:internal/child_process:283:19)
	at onErrorNT (node:internal/child_process:476:16)
	at process.processTicksAndRejections (node:internal/process/task_queues:82:21)
[15:49:05.187][Build] Does the executable exist? $PATH: /home/dwagn/.pyenv/shims:/home/dwagn/.pyenv/versions/2.7.18/lib:/home/dwagn:/home/dwagn/.config/emacs/bin:/usr/local/sbin:/usr/local/bin:/usr/bin:/usr/lib/jvm/default/bin:/usr/bin/site_perl:/usr/bin/vendor_perl:/usr/bin/core_perl, $Path: undefined, $SHELL: /bin/bash
[15:49:05.187][Build] 
[15:49:05.225][Cacher] Parsed LaTeX AST: %WS1%/final_report/EECE_458_Final_Report.tex .
[15:49:05.225][File] Calling kpsewhich to resolve article.cls .
[15:49:05.244][Cacher] Updated elements in 18.88 ms: %WS1%/final_report/EECE_458_Final_Report.tex .
[15:49:05.245][Event] FILE_PARSED: "%WS1%/final_report/EECE_458_Final_Report.tex"
[15:49:05.245][Structure] Structure force updated with 10 root sections for %WS1%/final_report/EECE_458_Final_Report.tex .
[15:49:05.245][Event] STRUCTURE_UPDATED
[15:58:15.760][Cacher][Watcher] "change" emitted on %WS1%/final_report/EECE_458_Final_Report.tex.
[15:58:15.763][Cacher] Caching %WS1%/final_report/EECE_458_Final_Report.tex .
[15:58:15.764][Cacher] Updated inputs of %WS1%/final_report/EECE_458_Final_Report.tex .
[15:58:15.765][Cacher] Parse LaTeX AST: %WS1%/final_report/EECE_458_Final_Report.tex .
[15:58:15.765][Build] Auto build starteddetecting the change of a file: %WS1%/final_report/EECE_458_Final_Report.tex .
[15:58:15.765][Event] AUTO_BUILD_INITIATED: {"type":"onFileChange","file":"%WS1%/final_report/EECE_458_Final_Report.tex"}
[15:58:15.765][Build] The document of the active editor: file://%WS1%/final_report/EECE_458_Final_Report.tex
[15:58:15.766][Build] The languageId of the document: latex
[15:58:15.766][Build] Building root file: %WS1%/final_report/EECE_458_Final_Report.tex
[15:58:15.766][Build][Recipe] Build root file %WS1%/final_report/EECE_458_Final_Report.tex
[15:58:15.766][Event] FILE_CHANGED: "%WS1%/final_report/EECE_458_Final_Report.tex"
[15:58:15.797][Cacher] Parsed LaTeX AST: %WS1%/final_report/EECE_458_Final_Report.tex .
[15:58:15.800][File] Calling kpsewhich to resolve article.cls .
[15:58:16.208][Cacher] Updated elements in 408.86 ms: %WS1%/final_report/EECE_458_Final_Report.tex .
[15:58:16.209][Event] FILE_PARSED: "%WS1%/final_report/EECE_458_Final_Report.tex"
[15:58:16.210][Structure] Structure force updated with 10 root sections for %WS1%/final_report/EECE_458_Final_Report.tex .
[15:58:16.211][Event] STRUCTURE_UPDATED
[15:58:16.213][Extension] onDidSaveTextDocument triggered: file://%WS1%/final_report/EECE_458_Final_Report.tex
[15:58:16.216][Build][Recipe] Preparing to run recipe: latexmk.
[15:58:16.216][Build][Recipe] Prepared 1 tools.
[15:58:16.217][Build][Recipe] outDir: %WS1%/final_report .
[15:58:16.218][Build] Recipe step 1 The command is latexmk:["-synctex=1","-interaction=nonstopmode","-file-line-error","-pdf","-outdir=%WS1%/final_report","%WS1%/final_report/EECE_458_Final_Report"].
[15:58:16.219][Build] env: {}
[15:58:16.219][Build] root: %WS1%/final_report/EECE_458_Final_Report.tex
[15:58:16.219][Build] cwd: %WS1%/final_report
[15:58:16.234][Build] LaTeX build process spawned with PID undefined.
[15:58:16.235][Build] LaTeX fatal error on PID undefined. Error: spawn latexmk ENOENT
[15:58:16.235]Error: spawn latexmk ENOENT
	at ChildProcess._handle.onexit (node:internal/child_process:283:19)
	at onErrorNT (node:internal/child_process:476:16)
	at process.processTicksAndRejections (node:internal/process/task_queues:82:21)
[15:58:16.235][Build] Does the executable exist? $PATH: /home/dwagn/.pyenv/shims:/home/dwagn/.pyenv/versions/2.7.18/lib:/home/dwagn:/home/dwagn/.config/emacs/bin:/usr/local/sbin:/usr/local/bin:/usr/bin:/usr/lib/jvm/default/bin:/usr/bin/site_perl:/usr/bin/vendor_perl:/usr/bin/core_perl, $Path: undefined, $SHELL: /bin/bash
[15:58:16.235][Build] 
[16:01:01.524][Cacher][Watcher] "change" emitted on %WS1%/final_report/EECE_458_Final_Report.tex.
[16:01:01.526][Cacher] Caching %WS1%/final_report/EECE_458_Final_Report.tex .
[16:01:01.526][Cacher] Updated inputs of %WS1%/final_report/EECE_458_Final_Report.tex .
[16:01:01.526][Cacher] Parse LaTeX AST: %WS1%/final_report/EECE_458_Final_Report.tex .
[16:01:01.526][Build] Auto build starteddetecting the change of a file: %WS1%/final_report/EECE_458_Final_Report.tex .
[16:01:01.527][Event] AUTO_BUILD_INITIATED: {"type":"onFileChange","file":"%WS1%/final_report/EECE_458_Final_Report.tex"}
[16:01:01.527][Build] The document of the active editor: file://%WS1%/final_report/EECE_458_Final_Report.tex
[16:01:01.527][Build] The languageId of the document: latex
[16:01:01.527][Build] Building root file: %WS1%/final_report/EECE_458_Final_Report.tex
[16:01:01.527][Build][Recipe] Build root file %WS1%/final_report/EECE_458_Final_Report.tex
[16:01:01.527][Event] FILE_CHANGED: "%WS1%/final_report/EECE_458_Final_Report.tex"
[16:01:01.543][Extension] onDidSaveTextDocument triggered: file://%WS1%/final_report/EECE_458_Final_Report.tex
[16:01:01.546][Build][Recipe] Preparing to run recipe: latexmk.
[16:01:01.546][Build][Recipe] Prepared 1 tools.
[16:01:01.547][Build][Recipe] outDir: %WS1%/final_report .
[16:01:01.547][Build] Recipe step 1 The command is latexmk:["-synctex=1","-interaction=nonstopmode","-file-line-error","-pdf","-outdir=%WS1%/final_report","%WS1%/final_report/EECE_458_Final_Report"].
[16:01:01.547][Build] env: {}
[16:01:01.548][Build] root: %WS1%/final_report/EECE_458_Final_Report.tex
[16:01:01.548][Build] cwd: %WS1%/final_report
[16:01:01.564][Build] LaTeX build process spawned with PID undefined.
[16:01:01.565][Build] LaTeX fatal error on PID undefined. Error: spawn latexmk ENOENT
[16:01:01.566]Error: spawn latexmk ENOENT
	at ChildProcess._handle.onexit (node:internal/child_process:283:19)
	at onErrorNT (node:internal/child_process:476:16)
	at process.processTicksAndRejections (node:internal/process/task_queues:82:21)
[16:01:01.566][Build] Does the executable exist? $PATH: /home/dwagn/.pyenv/shims:/home/dwagn/.pyenv/versions/2.7.18/lib:/home/dwagn:/home/dwagn/.config/emacs/bin:/usr/local/sbin:/usr/local/bin:/usr/bin:/usr/lib/jvm/default/bin:/usr/bin/site_perl:/usr/bin/vendor_perl:/usr/bin/core_perl, $Path: undefined, $SHELL: /bin/bash
[16:01:01.566][Build] 
[16:01:01.580][Cacher] Parsed LaTeX AST: %WS1%/final_report/EECE_458_Final_Report.tex .
[16:01:01.581][File] Calling kpsewhich to resolve article.cls .
[16:01:01.599][Cacher] Updated elements in 18.27 ms: %WS1%/final_report/EECE_458_Final_Report.tex .
[16:01:01.600][Event] FILE_PARSED: "%WS1%/final_report/EECE_458_Final_Report.tex"
[16:01:01.600][Structure] Structure force updated with 10 root sections for %WS1%/final_report/EECE_458_Final_Report.tex .
[16:01:01.600][Event] STRUCTURE_UPDATED
[16:32:52.364][Cacher][Watcher] Reset.
[16:32:52.364][Cacher][Watcher] Reset.
[16:32:52.364][Cacher][Watcher] Reset.
