2023-12-17 18:30:51.097 [info] update#setState idle
2023-12-17 18:31:21.100 [info] update#setState checking for updates
2023-12-17 18:31:21.438 [info] update#setState idle
2023-12-17 19:31:21.104 [info] update#setState checking for updates
2023-12-17 19:31:21.649 [info] update#setState idle
2023-12-17 20:31:21.108 [info] update#setState checking for updates
2023-12-17 20:31:21.618 [info] update#setState idle
2023-12-17 21:31:21.111 [info] update#setState checking for updates
2023-12-17 21:31:21.771 [info] update#setState idle
2023-12-17 22:31:21.113 [info] update#setState checking for updates
2023-12-17 22:31:21.920 [info] update#setState idle
2023-12-17 23:31:21.115 [info] update#setState checking for updates
2023-12-17 23:31:21.422 [info] update#setState idle
2023-12-18 00:31:21.118 [info] update#setState checking for updates
2023-12-18 00:31:21.375 [info] update#setState idle
2023-12-18 01:31:21.120 [info] update#setState checking for updates
2023-12-18 01:31:21.624 [info] update#setState idle
2023-12-18 02:31:21.126 [info] update#setState checking for updates
2023-12-18 02:31:21.420 [info] update#setState idle
2023-12-18 03:31:21.131 [info] update#setState checking for updates
2023-12-18 03:31:21.667 [info] update#setState idle
2023-12-18 04:31:21.134 [info] update#setState checking for updates
2023-12-18 04:31:21.700 [info] update#setState idle
2023-12-18 05:31:21.137 [info] update#setState checking for updates
2023-12-18 05:31:21.642 [info] update#setState idle
2023-12-18 06:31:21.141 [info] update#setState checking for updates
2023-12-18 06:31:21.650 [info] update#setState idle
2023-12-18 07:31:21.145 [info] update#setState checking for updates
2023-12-18 07:31:21.700 [info] update#setState idle
2023-12-18 08:31:21.148 [info] update#setState checking for updates
2023-12-18 08:31:21.828 [info] update#setState idle
2023-12-18 09:31:21.151 [info] update#setState checking for updates
2023-12-18 09:31:21.398 [info] update#setState idle
2023-12-18 10:31:21.153 [info] update#setState checking for updates
2023-12-18 10:31:21.791 [info] update#setState idle
2023-12-18 11:31:21.156 [info] update#setState checking for updates
2023-12-18 11:31:21.734 [info] update#setState idle
2023-12-18 12:31:21.158 [info] update#setState checking for updates
2023-12-18 12:31:21.506 [info] update#setState idle
2023-12-18 13:31:21.160 [info] update#setState checking for updates
2023-12-18 13:31:21.748 [info] update#setState idle
2023-12-18 14:31:21.161 [info] update#setState checking for updates
2023-12-18 14:31:21.679 [info] update#setState idle
2023-12-18 15:02:55.614 [error] [UtilityProcessWorker]: terminated unexpectedly with code 15, signal: unknown
2023-12-18 15:02:55.615 [error] [UtilityProcess id: 2, type: fileWatcher, pid: 45522]: crashed with code 15 and reason 'killed'
2023-12-18 15:02:55.656 [info] Extension host with pid 45539 exited with code: 0, signal: unknown.
2023-12-18 15:31:21.163 [info] update#setState checking for updates
2023-12-18 15:31:21.401 [info] update#setState idle
2023-12-18 16:31:21.167 [info] update#setState checking for updates
2023-12-18 16:31:21.595 [info] update#setState idle
2023-12-18 16:32:52.471 [info] Extension host with pid 3008 exited with code: 0, signal: unknown.
