2024-02-14 14:18:07.488 [info] Extension host with pid 8295 started
2024-02-14 14:18:07.488 [info] Skipping acquiring lock for /home/dwagn/.config/Code/User/workspaceStorage/20670e1323abc8eeae22e6819589a342.
2024-02-14 14:18:07.640 [info] ExtensionService#_doActivateExtension vscode.emmet, startup: false, activationEvent: 'onLanguage'
2024-02-14 14:18:07.816 [info] ExtensionService#_doActivateExtension vscode.git-base, startup: true, activationEvent: '*', root cause: vscode.git
2024-02-14 14:18:07.818 [info] ExtensionService#_doActivateExtension mcu-debug.debug-tracker-vscode, startup: true, activationEvent: 'workspaceContains:STM32-for-VSCode.config.yaml', root cause: bmd.stm32-for-vscode
2024-02-14 14:18:07.821 [info] ExtensionService#_doActivateExtension mcu-debug.peripheral-viewer, startup: true, activationEvent: 'workspaceContains:STM32-for-VSCode.config.yaml', root cause: bmd.stm32-for-vscode
2024-02-14 14:18:07.834 [info] ExtensionService#_doActivateExtension ms-vscode.cpptools, startup: true, activationEvent: 'workspaceContains:/.vscode/c_cpp_properties.json'
2024-02-14 14:18:08.010 [info] ExtensionService#_doActivateExtension vscode.git, startup: true, activationEvent: '*'
2024-02-14 14:18:08.032 [info] ExtensionService#_doActivateExtension vscode.github, startup: true, activationEvent: '*'
2024-02-14 14:18:08.040 [info] ExtensionService#_doActivateExtension mcu-debug.memory-view, startup: true, activationEvent: 'workspaceContains:STM32-for-VSCode.config.yaml', root cause: bmd.stm32-for-vscode
2024-02-14 14:18:08.053 [info] ExtensionService#_doActivateExtension mcu-debug.rtos-views, startup: true, activationEvent: 'workspaceContains:STM32-for-VSCode.config.yaml', root cause: bmd.stm32-for-vscode
2024-02-14 14:18:08.229 [info] ExtensionService#_doActivateExtension marus25.cortex-debug, startup: true, activationEvent: 'workspaceContains:STM32-for-VSCode.config.yaml', root cause: bmd.stm32-for-vscode
2024-02-14 14:18:08.537 [info] ExtensionService#_doActivateExtension bmd.stm32-for-vscode, startup: true, activationEvent: 'workspaceContains:STM32-for-VSCode.config.yaml'
2024-02-14 14:18:08.581 [info] ExtensionService#_doActivateExtension vscode.extension-editing, startup: false, activationEvent: 'onLanguage:json'
2024-02-14 14:18:08.596 [info] ExtensionService#_doActivateExtension vscode.json-language-features, startup: false, activationEvent: 'onLanguage:json'
2024-02-14 14:18:08.614 [info] ExtensionService#_doActivateExtension vscode.npm, startup: false, activationEvent: 'onLanguage:json'
2024-02-14 14:18:08.628 [info] Eager extensions activated
2024-02-14 14:18:08.631 [info] ExtensionService#_doActivateExtension vscode.typescript-language-features, startup: false, activationEvent: 'onLanguage:jsonc'
2024-02-14 14:18:08.664 [info] ExtensionService#_doActivateExtension vscode.debug-auto-launch, startup: false, activationEvent: 'onStartupFinished'
2024-02-14 14:18:08.666 [info] ExtensionService#_doActivateExtension vscode.merge-conflict, startup: false, activationEvent: 'onStartupFinished'
2024-02-14 14:18:08.673 [info] ExtensionService#_doActivateExtension alexnesnes.teleplot, startup: false, activationEvent: 'onStartupFinished'
2024-02-14 14:18:08.714 [info] ExtensionService#_doActivateExtension monokai.theme-monokai-pro-vscode, startup: false, activationEvent: 'onStartupFinished'
2024-02-14 14:18:08.723 [info] ExtensionService#_doActivateExtension ms-vscode-remote.remote-wsl, startup: false, activationEvent: 'onStartupFinished'
2024-02-14 14:18:08.734 [info] ExtensionService#_doActivateExtension vscodevim.vim, startup: false, activationEvent: 'onStartupFinished'
2024-02-14 14:18:09.258 [info] ExtensionService#_doActivateExtension vscode.microsoft-authentication, startup: false, activationEvent: 'onAuthenticationRequest:microsoft'
