2024-02-14 14:18:08.164 [info] Log level: Info
2024-02-14 14:18:08.164 [info] Validating found git in: "git"
2024-02-14 14:18:08.164 [info] Using git "2.43.0" from "git"
2024-02-14 14:18:08.164 [info] > git rev-parse --show-toplevel [3ms]
2024-02-14 14:18:08.164 [info] fatal: not a git repository (or any of the parent directories): .git
2024-02-14 14:18:08.164 [info] > git rev-parse --show-toplevel [1ms]
2024-02-14 14:18:08.164 [info] fatal: not a git repository (or any of the parent directories): .git
2024-02-14 14:18:08.164 [info] > git rev-parse --show-toplevel [14ms]
2024-02-14 14:18:08.164 [info] fatal: not a git repository (or any of the parent directories): .git
2024-02-14 14:18:08.164 [info] > git rev-parse --show-toplevel [5ms]
2024-02-14 14:18:08.164 [info] fatal: not a git repository (or any of the parent directories): .git
2024-02-14 14:18:08.165 [info] > git rev-parse --show-toplevel [1ms]
2024-02-14 14:18:08.165 [info] fatal: not a git repository (or any of the parent directories): .git
2024-02-14 14:18:08.176 [info] > git rev-parse --show-toplevel [3ms]
2024-02-14 14:18:08.176 [info] fatal: not a git repository (or any of the parent directories): .git
2024-02-14 14:18:08.185 [info] > git rev-parse --show-toplevel [1ms]
2024-02-14 14:18:08.185 [info] fatal: not a git repository (or any of the parent directories): .git
2024-02-14 14:18:08.196 [info] > git rev-parse --show-toplevel [3ms]
2024-02-14 14:18:08.196 [info] fatal: not a git repository (or any of the parent directories): .git
2024-02-14 14:18:08.931 [info] > git rev-parse --show-toplevel [82ms]
2024-02-14 14:18:08.931 [info] fatal: not a git repository (or any of the parent directories): .git
2024-02-14 14:18:09.000 [info] > git rev-parse --show-toplevel [42ms]
2024-02-14 14:18:09.000 [info] fatal: not a git repository (or any of the parent directories): .git
2024-02-14 14:18:09.242 [info] > git rev-parse --show-toplevel [42ms]
2024-02-14 14:18:09.242 [info] fatal: not a git repository (or any of the parent directories): .git
2024-02-14 14:18:09.257 [info] > git rev-parse --show-toplevel [4ms]
2024-02-14 14:18:09.257 [info] fatal: not a git repository (or any of the parent directories): .git
2024-02-14 14:18:09.448 [info] > git rev-parse --show-toplevel [2ms]
2024-02-14 14:18:09.448 [info] fatal: not a git repository (or any of the parent directories): .git
