2024-01-14 15:30:23.433 [warning] [cmake-tools]: Couldn't find message for key cmake-tools.configuration.cmake.options.advanced.statusBarVisibility.variant.description.
2024-01-14 15:30:23.448 [warning] [cmake-tools]: Couldn't find message for key cmake-tools.configuration.cmake.options.advanced.statusBarVisibility.variant.description.
2024-01-14 15:30:23.487 [warning] [cmake-tools]: Couldn't find message for key cmake-tools.configuration.cmake.options.advanced.statusBarVisibility.variant.description.
2024-01-14 15:30:23.541 [warning] [cmake-tools]: Couldn't find message for key cmake-tools.configuration.cmake.options.advanced.statusBarVisibility.variant.description.
2024-01-14 15:30:23.979 [warning] [cmake-tools]: Couldn't find message for key cmake-tools.configuration.cmake.options.advanced.statusBarVisibility.variant.description.
2024-01-14 15:30:23.979 [warning] [cmake-tools]: Couldn't find message for key cmake-tools.configuration.cmake.options.advanced.statusBarVisibility.variant.description.
2024-01-14 15:30:23.979 [warning] [cmake-tools]: Couldn't find message for key cmake-tools.configuration.cmake.options.advanced.statusBarVisibility.variant.description.
2024-01-14 15:30:23.980 [warning] [cmake-tools]: Couldn't find message for key cmake-tools.configuration.cmake.options.advanced.statusBarVisibility.variant.description.
2024-01-14 15:30:23.980 [info] Deleted uninstalled extension from disk james-yu.latex-workshop /home/dwagn/.vscode/extensions/james-yu.latex-workshop-9.15.8
2024-01-14 15:30:24.010 [warning] [cmake-tools]: Couldn't find message for key cmake-tools.configuration.cmake.options.advanced.statusBarVisibility.variant.description.
2024-01-14 15:30:24.027 [warning] [cmake-tools]: Couldn't find message for key cmake-tools.configuration.cmake.options.advanced.statusBarVisibility.variant.description.
2024-01-14 15:30:24.049 [warning] [cmake-tools]: Couldn't find message for key cmake-tools.configuration.cmake.options.advanced.statusBarVisibility.variant.description.
2024-01-14 15:30:24.146 [warning] [cmake-tools]: Couldn't find message for key cmake-tools.configuration.cmake.options.advanced.statusBarVisibility.variant.description.
2024-01-14 15:30:24.219 [warning] [cmake-tools]: Couldn't find message for key cmake-tools.configuration.cmake.options.advanced.statusBarVisibility.variant.description.
2024-01-14 15:30:24.296 [warning] [cmake-tools]: Couldn't find message for key cmake-tools.configuration.cmake.options.advanced.statusBarVisibility.variant.description.
2024-01-14 15:30:24.377 [warning] [cmake-tools]: Couldn't find message for key cmake-tools.configuration.cmake.options.advanced.statusBarVisibility.variant.description.
2024-01-14 15:30:25.523 [warning] [cmake-tools]: Couldn't find message for key cmake-tools.configuration.cmake.options.advanced.statusBarVisibility.variant.description.
2024-01-14 15:30:25.570 [warning] [cmake-tools]: Couldn't find message for key cmake-tools.configuration.cmake.options.advanced.statusBarVisibility.variant.description.
2024-01-14 15:30:25.619 [warning] [cmake-tools]: Couldn't find message for key cmake-tools.configuration.cmake.options.advanced.statusBarVisibility.variant.description.
2024-01-14 15:30:26.212 [warning] [cmake-tools]: Couldn't find message for key cmake-tools.configuration.cmake.options.advanced.statusBarVisibility.variant.description.
2024-01-14 15:30:28.177 [info] Getting Manifest... james-yu.latex-workshop
2024-01-14 15:30:28.179 [info] Getting Manifest... jdinhlife.gruvbox
2024-01-14 15:30:28.180 [info] Getting Manifest... joedevivo.vscode-circuitpython
2024-01-14 15:30:28.181 [info] Getting Manifest... monokai.theme-monokai-pro-vscode
2024-01-14 15:30:28.181 [info] Getting Manifest... ms-vsliveshare.vsliveshare
2024-01-14 15:30:28.183 [info] Getting Manifest... platformio.platformio-ide
2024-01-14 15:30:28.183 [info] Getting Manifest... vscodevim.vim
2024-01-14 15:30:28.184 [info] Getting Manifest... yzhang.markdown-all-in-one
2024-01-14 15:30:28.369 [info] Installing extension: james-yu.latex-workshop
2024-01-14 15:30:28.375 [info] Installing extension: yzhang.markdown-all-in-one
2024-01-14 15:30:28.394 [info] Installing extension: joedevivo.vscode-circuitpython
2024-01-14 15:30:28.396 [info] Installing extension: jdinhlife.gruvbox
2024-01-14 15:30:28.397 [info] Installing extension: vscodevim.vim
2024-01-14 15:30:28.397 [info] Installing extension: monokai.theme-monokai-pro-vscode
2024-01-14 15:30:28.403 [info] Installing extension: platformio.platformio-ide
2024-01-14 15:30:28.459 [warning] [cmake-tools]: Couldn't find message for key cmake-tools.configuration.cmake.options.advanced.statusBarVisibility.variant.description.
2024-01-14 15:30:28.510 [warning] [cmake-tools]: Couldn't find message for key cmake-tools.configuration.cmake.options.advanced.statusBarVisibility.variant.description.
2024-01-14 15:30:28.612 [warning] [cmake-tools]: Couldn't find message for key cmake-tools.configuration.cmake.options.advanced.statusBarVisibility.variant.description.
2024-01-14 15:30:28.646 [warning] [cmake-tools]: Couldn't find message for key cmake-tools.configuration.cmake.options.advanced.statusBarVisibility.variant.description.
2024-01-14 15:30:28.652 [info] Installing extension: ms-vsliveshare.vsliveshare
2024-01-14 15:30:28.673 [warning] [cmake-tools]: Couldn't find message for key cmake-tools.configuration.cmake.options.advanced.statusBarVisibility.variant.description.
2024-01-14 15:30:28.715 [warning] [cmake-tools]: Couldn't find message for key cmake-tools.configuration.cmake.options.advanced.statusBarVisibility.variant.description.
2024-01-14 15:30:28.756 [warning] [cmake-tools]: Couldn't find message for key cmake-tools.configuration.cmake.options.advanced.statusBarVisibility.variant.description.
2024-01-14 15:30:28.791 [warning] [cmake-tools]: Couldn't find message for key cmake-tools.configuration.cmake.options.advanced.statusBarVisibility.variant.description.
2024-01-14 15:30:28.825 [warning] [cmake-tools]: Couldn't find message for key cmake-tools.configuration.cmake.options.advanced.statusBarVisibility.variant.description.
2024-01-14 15:30:28.878 [warning] [cmake-tools]: Couldn't find message for key cmake-tools.configuration.cmake.options.advanced.statusBarVisibility.variant.description.
2024-01-14 15:30:28.929 [warning] [cmake-tools]: Couldn't find message for key cmake-tools.configuration.cmake.options.advanced.statusBarVisibility.variant.description.
2024-01-14 15:30:28.953 [warning] [cmake-tools]: Couldn't find message for key cmake-tools.configuration.cmake.options.advanced.statusBarVisibility.variant.description.
2024-01-14 15:30:28.989 [warning] [cmake-tools]: Couldn't find message for key cmake-tools.configuration.cmake.options.advanced.statusBarVisibility.variant.description.
2024-01-14 15:30:29.029 [warning] [cmake-tools]: Couldn't find message for key cmake-tools.configuration.cmake.options.advanced.statusBarVisibility.variant.description.
2024-01-14 15:30:29.074 [warning] [cmake-tools]: Couldn't find message for key cmake-tools.configuration.cmake.options.advanced.statusBarVisibility.variant.description.
2024-01-14 15:30:29.124 [warning] [cmake-tools]: Couldn't find message for key cmake-tools.configuration.cmake.options.advanced.statusBarVisibility.variant.description.
2024-01-14 15:30:29.175 [warning] [cmake-tools]: Couldn't find message for key cmake-tools.configuration.cmake.options.advanced.statusBarVisibility.variant.description.
2024-01-14 15:30:29.194 [warning] [cmake-tools]: Couldn't find message for key cmake-tools.configuration.cmake.options.advanced.statusBarVisibility.variant.description.
2024-01-14 15:30:29.212 [warning] [cmake-tools]: Couldn't find message for key cmake-tools.configuration.cmake.options.advanced.statusBarVisibility.variant.description.
2024-01-14 15:30:29.249 [warning] [cmake-tools]: Couldn't find message for key cmake-tools.configuration.cmake.options.advanced.statusBarVisibility.variant.description.
2024-01-14 15:30:29.290 [info] Getting Manifest... ms-vscode.cpptools
2024-01-14 15:30:29.334 [warning] [cmake-tools]: Couldn't find message for key cmake-tools.configuration.cmake.options.advanced.statusBarVisibility.variant.description.
2024-01-14 15:30:29.371 [warning] [cmake-tools]: Couldn't find message for key cmake-tools.configuration.cmake.options.advanced.statusBarVisibility.variant.description.
2024-01-14 15:30:29.442 [info] Getting Manifest... ms-python.python
2024-01-14 15:30:29.486 [warning] [cmake-tools]: Couldn't find message for key cmake-tools.configuration.cmake.options.advanced.statusBarVisibility.variant.description.
2024-01-14 15:30:29.523 [warning] [cmake-tools]: Couldn't find message for key cmake-tools.configuration.cmake.options.advanced.statusBarVisibility.variant.description.
2024-01-14 15:30:29.801 [warning] Extension signature verification failed with error 'UnknownError': monokai.theme-monokai-pro-vscode
2024-01-14 15:30:29.830 [info] Extracted extension to file:///home/dwagn/.vscode/extensions/monokai.theme-monokai-pro-vscode-1.2.2: monokai.theme-monokai-pro-vscode
2024-01-14 15:30:29.852 [info] Renamed to /home/dwagn/.vscode/extensions/monokai.theme-monokai-pro-vscode-1.2.2
2024-01-14 15:30:29.852 [info] Extracting extension completed. monokai.theme-monokai-pro-vscode
2024-01-14 15:30:29.853 [warning] Extension signature verification failed with error 'UnknownError': yzhang.markdown-all-in-one
2024-01-14 15:30:29.879 [info] Extension installed successfully: monokai.theme-monokai-pro-vscode
2024-01-14 15:30:29.884 [info] Marked extension as uninstalled monokai.theme-monokai-pro-vscode-1.2.1
2024-01-14 15:30:29.910 [info] Extracted extension to file:///home/dwagn/.vscode/extensions/yzhang.markdown-all-in-one-3.6.1: yzhang.markdown-all-in-one
2024-01-14 15:30:29.915 [info] Renamed to /home/dwagn/.vscode/extensions/yzhang.markdown-all-in-one-3.6.1
2024-01-14 15:30:29.917 [info] Extracting extension completed. yzhang.markdown-all-in-one
2024-01-14 15:30:29.926 [info] Extension installed successfully: yzhang.markdown-all-in-one
2024-01-14 15:30:29.929 [info] Marked extension as uninstalled yzhang.markdown-all-in-one-3.5.1
2024-01-14 15:30:29.947 [error] [uncaught exception in sharedProcess]: Error: ENOENT: no such file or directory, stat '/home/dwagn/.vscode/extensions/extensions.json.vsctmp': EntryNotFound (FileSystemError): Error: ENOENT: no such file or directory, stat '/home/dwagn/.vscode/extensions/extensions.json.vsctmp'
    at r.create (/opt/visual-studio-code/resources/app/out/vs/code/node/sharedProcess/sharedProcessMain.js:51:30056)
    at a (/opt/visual-studio-code/resources/app/out/vs/code/node/sharedProcess/sharedProcessMain.js:51:30170)
    at s.fb (/opt/visual-studio-code/resources/app/out/vs/code/node/sharedProcess/sharedProcessMain.js:56:36175)
    at s.stat (/opt/visual-studio-code/resources/app/out/vs/code/node/sharedProcess/sharedProcessMain.js:56:28621)
    at async E.stat (/opt/visual-studio-code/resources/app/out/vs/code/node/sharedProcess/sharedProcessMain.js:56:15732)
    at async Y.tb (/opt/visual-studio-code/resources/app/out/vs/code/node/sharedProcess/sharedProcessMain.js:100:111319)
2024-01-14 15:30:30.000 [warning] Extension signature verification failed with error 'UnknownError': james-yu.latex-workshop
2024-01-14 15:30:30.065 [warning] Extension signature verification failed with error 'UnknownError': vscodevim.vim
2024-01-14 15:30:30.113 [warning] Extension signature verification failed with error 'UnknownError': jdinhlife.gruvbox
2024-01-14 15:30:30.125 [info] Extracted extension to file:///home/dwagn/.vscode/extensions/vscodevim.vim-1.27.2: vscodevim.vim
2024-01-14 15:30:30.131 [info] Renamed to /home/dwagn/.vscode/extensions/vscodevim.vim-1.27.2
2024-01-14 15:30:30.133 [info] Extracting extension completed. vscodevim.vim
2024-01-14 15:30:30.146 [info] Extension installed successfully: vscodevim.vim
2024-01-14 15:30:30.161 [info] Marked extension as uninstalled vscodevim.vim-1.27.1
2024-01-14 15:30:30.178 [error] [uncaught exception in sharedProcess]: Error: ENOENT: no such file or directory, stat '/home/dwagn/.vscode/extensions/extensions.json.vsctmp': EntryNotFound (FileSystemError): Error: ENOENT: no such file or directory, stat '/home/dwagn/.vscode/extensions/extensions.json.vsctmp'
    at r.create (/opt/visual-studio-code/resources/app/out/vs/code/node/sharedProcess/sharedProcessMain.js:51:30056)
    at a (/opt/visual-studio-code/resources/app/out/vs/code/node/sharedProcess/sharedProcessMain.js:51:30170)
    at s.fb (/opt/visual-studio-code/resources/app/out/vs/code/node/sharedProcess/sharedProcessMain.js:56:36175)
    at s.stat (/opt/visual-studio-code/resources/app/out/vs/code/node/sharedProcess/sharedProcessMain.js:56:28621)
    at async E.stat (/opt/visual-studio-code/resources/app/out/vs/code/node/sharedProcess/sharedProcessMain.js:56:15732)
    at async Y.tb (/opt/visual-studio-code/resources/app/out/vs/code/node/sharedProcess/sharedProcessMain.js:100:111319)
2024-01-14 15:30:30.190 [info] Extracted extension to file:///home/dwagn/.vscode/extensions/jdinhlife.gruvbox-1.18.0: jdinhlife.gruvbox
2024-01-14 15:30:30.195 [info] Renamed to /home/dwagn/.vscode/extensions/jdinhlife.gruvbox-1.18.0
2024-01-14 15:30:30.196 [info] Extracting extension completed. jdinhlife.gruvbox
2024-01-14 15:30:30.205 [info] Extension installed successfully: jdinhlife.gruvbox
2024-01-14 15:30:30.208 [info] Marked extension as uninstalled jdinhlife.gruvbox-1.17.0
2024-01-14 15:30:30.274 [warning] Extension signature verification failed with error 'UnknownError': ms-vsliveshare.vsliveshare
2024-01-14 15:30:30.508 [warning] Extension signature verification failed with error 'UnknownError': platformio.platformio-ide
2024-01-14 15:30:30.634 [warning] Extension signature verification failed with error 'UnknownError': joedevivo.vscode-circuitpython
2024-01-14 15:30:30.987 [info] Extracted extension to file:///home/dwagn/.vscode/extensions/ms-vsliveshare.vsliveshare-1.0.5905: ms-vsliveshare.vsliveshare
2024-01-14 15:30:30.997 [info] Renamed to /home/dwagn/.vscode/extensions/ms-vsliveshare.vsliveshare-1.0.5905
2024-01-14 15:30:31.004 [info] Extracting extension completed. ms-vsliveshare.vsliveshare
2024-01-14 15:30:31.015 [info] Extension installed successfully: ms-vsliveshare.vsliveshare
2024-01-14 15:30:31.020 [info] Marked extension as uninstalled ms-vsliveshare.vsliveshare-1.0.5900
2024-01-14 15:30:31.084 [error] [uncaught exception in sharedProcess]: Error: ENOENT: no such file or directory, stat '/home/dwagn/.vscode/extensions/extensions.json.vsctmp': EntryNotFound (FileSystemError): Error: ENOENT: no such file or directory, stat '/home/dwagn/.vscode/extensions/extensions.json.vsctmp'
    at r.create (/opt/visual-studio-code/resources/app/out/vs/code/node/sharedProcess/sharedProcessMain.js:51:30056)
    at a (/opt/visual-studio-code/resources/app/out/vs/code/node/sharedProcess/sharedProcessMain.js:51:30170)
    at s.fb (/opt/visual-studio-code/resources/app/out/vs/code/node/sharedProcess/sharedProcessMain.js:56:36175)
    at s.stat (/opt/visual-studio-code/resources/app/out/vs/code/node/sharedProcess/sharedProcessMain.js:56:28621)
    at async E.stat (/opt/visual-studio-code/resources/app/out/vs/code/node/sharedProcess/sharedProcessMain.js:56:15732)
    at async Y.tb (/opt/visual-studio-code/resources/app/out/vs/code/node/sharedProcess/sharedProcessMain.js:100:111319)
2024-01-14 15:30:31.459 [info] Extracted extension to file:///home/dwagn/.vscode/extensions/james-yu.latex-workshop-9.18.0: james-yu.latex-workshop
2024-01-14 15:30:31.466 [info] Renamed to /home/dwagn/.vscode/extensions/james-yu.latex-workshop-9.18.0
2024-01-14 15:30:31.468 [info] Extracting extension completed. james-yu.latex-workshop
2024-01-14 15:30:31.477 [info] Extension installed successfully: james-yu.latex-workshop
2024-01-14 15:30:31.481 [info] Marked extension as uninstalled james-yu.latex-workshop-9.16.0
2024-01-14 15:30:31.521 [info] Extracted extension to file:///home/dwagn/.vscode/extensions/platformio.platformio-ide-3.3.2-linux-x64: platformio.platformio-ide
2024-01-14 15:30:31.526 [info] Renamed to /home/dwagn/.vscode/extensions/platformio.platformio-ide-3.3.2-linux-x64
2024-01-14 15:30:31.527 [info] Extracting extension completed. platformio.platformio-ide
2024-01-14 15:30:31.536 [info] Extension installed successfully: platformio.platformio-ide
2024-01-14 15:30:31.539 [info] Marked extension as uninstalled platformio.platformio-ide-3.3.1-linux-x64
2024-01-14 15:30:31.546 [error] [uncaught exception in sharedProcess]: Error: ENOENT: no such file or directory, stat '/home/dwagn/.vscode/extensions/extensions.json.vsctmp': EntryNotFound (FileSystemError): Error: ENOENT: no such file or directory, stat '/home/dwagn/.vscode/extensions/extensions.json.vsctmp'
    at r.create (/opt/visual-studio-code/resources/app/out/vs/code/node/sharedProcess/sharedProcessMain.js:51:30056)
    at a (/opt/visual-studio-code/resources/app/out/vs/code/node/sharedProcess/sharedProcessMain.js:51:30170)
    at s.fb (/opt/visual-studio-code/resources/app/out/vs/code/node/sharedProcess/sharedProcessMain.js:56:36175)
    at s.stat (/opt/visual-studio-code/resources/app/out/vs/code/node/sharedProcess/sharedProcessMain.js:56:28621)
    at async E.stat (/opt/visual-studio-code/resources/app/out/vs/code/node/sharedProcess/sharedProcessMain.js:56:15732)
    at async Y.tb (/opt/visual-studio-code/resources/app/out/vs/code/node/sharedProcess/sharedProcessMain.js:100:111319)
