2024-02-20 13:18:05.422 [info] Added views:workbench.panel.markers.view in workbench.panel.markers
2024-02-20 13:18:05.422 [info] Added views:workbench.panel.output in workbench.panel.output
2024-02-20 13:18:05.422 [info] Added views:terminal in terminal
2024-02-20 13:18:05.422 [info] Added views:outline in workbench.view.explorer
2024-02-20 13:18:05.422 [info] Added views:workbench.scm in workbench.view.scm
2024-02-20 13:18:05.422 [info] Added views:workbench.view.search in workbench.view.search
2024-02-20 13:18:05.422 [info] Added views:timeline in workbench.view.explorer
2024-02-20 13:18:05.422 [info] Added views:workbench.explorer.fileView in workbench.view.explorer
2024-02-20 13:18:05.725 [info] Added views:workbench.debug.variablesView,workbench.debug.watchExpressionsView,workbench.debug.callStackView,workbench.debug.breakPointsView in workbench.view.debug
2024-02-20 13:18:06.531 [info] Added views:liveshare.session in workbench.view.extension.liveshare
2024-02-20 13:18:06.531 [info] Added views:platformio-ide.quickAccess in workbench.view.extension.platformio
2024-02-20 13:18:06.532 [info] Added views:platformio-debug.peripherals,platformio-debug.registers,platformio-debug.memory,platformio-debug.disassembly in workbench.view.debug
2024-02-20 13:18:06.770 [info] Added views:workbench.panel.repl.view in workbench.panel.repl
2024-02-20 13:18:07.683 [info] Added views:memory-view.memoryView in workbench.view.extension.memory-view
2024-02-20 13:18:07.688 [info] Added views:rtos-views.rtos in workbench.view.extension.rtos-views
2024-02-20 13:18:08.681 [info] Added views:stm32ForVSCodeCommands in workbench.view.extension.stm32-for-vscode-commands
2024-02-20 13:18:09.102 [info] Added views:~remote.forwardedPorts in ~remote.forwardedPortsContainer
2024-02-20 13:19:24.788 [info] Added views:workbench.views.extensions.installed,workbench.views.extensions.popular,extensions.recommendedList in workbench.view.extensions
2024-02-20 13:19:24.790 [info] Removed views:workbench.views.extensions.popular from workbench.view.extensions
2024-02-20 13:20:28.488 [info] Removed views:extensions.recommendedList,workbench.views.extensions.installed from workbench.view.extensions
2024-02-20 13:20:28.499 [info] Added views:workbench.views.extensions.marketplace in workbench.view.extensions
