2024-03-08 09:02:16.607 [info] Extension host with pid 7141 started
2024-03-08 09:02:16.607 [info] Skipping acquiring lock for /home/dwagn/.config/Code/User/workspaceStorage/20670e1323abc8eeae22e6819589a342.
2024-03-08 09:02:16.913 [info] ExtensionService#_doActivateExtension vscode.emmet, startup: false, activationEvent: 'onLanguage'
2024-03-08 09:02:16.923 [info] ExtensionService#_doActivateExtension cschlosser.doxdocgen, startup: false, activationEvent: 'onLanguage:c'
2024-03-08 09:02:17.012 [info] ExtensionService#_doActivateExtension ms-vscode.cpptools, startup: false, activationEvent: 'onLanguage:c'
2024-03-08 09:02:17.660 [info] ExtensionService#_doActivateExtension vscode.extension-editing, startup: false, activationEvent: 'onLanguage:json'
2024-03-08 09:02:17.666 [info] ExtensionService#_doActivateExtension vscode.json-language-features, startup: false, activationEvent: 'onLanguage:json'
2024-03-08 09:02:17.688 [info] ExtensionService#_doActivateExtension vscode.npm, startup: false, activationEvent: 'onLanguage:json'
2024-03-08 09:02:17.837 [info] ExtensionService#_doActivateExtension vscode.typescript-language-features, startup: false, activationEvent: 'onLanguage:jsonc'
2024-03-08 09:02:17.867 [info] ExtensionService#_doActivateExtension vscode.git-base, startup: true, activationEvent: '*', root cause: vscode.git
2024-03-08 09:02:17.889 [info] ExtensionService#_doActivateExtension mcu-debug.debug-tracker-vscode, startup: true, activationEvent: 'workspaceContains:STM32-for-VSCode.config.yaml', root cause: bmd.stm32-for-vscode
2024-03-08 09:02:17.891 [info] ExtensionService#_doActivateExtension mcu-debug.peripheral-viewer, startup: true, activationEvent: 'workspaceContains:STM32-for-VSCode.config.yaml', root cause: bmd.stm32-for-vscode
2024-03-08 09:02:18.049 [info] ExtensionService#_doActivateExtension vscode.git, startup: true, activationEvent: '*'
2024-03-08 09:02:18.082 [info] ExtensionService#_doActivateExtension vscode.github, startup: true, activationEvent: '*'
2024-03-08 09:02:18.094 [info] ExtensionService#_doActivateExtension mcu-debug.memory-view, startup: true, activationEvent: 'workspaceContains:STM32-for-VSCode.config.yaml', root cause: bmd.stm32-for-vscode
2024-03-08 09:02:18.109 [info] ExtensionService#_doActivateExtension mcu-debug.rtos-views, startup: true, activationEvent: 'workspaceContains:STM32-for-VSCode.config.yaml', root cause: bmd.stm32-for-vscode
2024-03-08 09:02:18.243 [info] ExtensionService#_doActivateExtension marus25.cortex-debug, startup: true, activationEvent: 'workspaceContains:STM32-for-VSCode.config.yaml', root cause: bmd.stm32-for-vscode
2024-03-08 09:02:18.304 [info] ExtensionService#_doActivateExtension bmd.stm32-for-vscode, startup: true, activationEvent: 'workspaceContains:STM32-for-VSCode.config.yaml'
2024-03-08 09:02:18.343 [info] Eager extensions activated
2024-03-08 09:02:18.393 [info] ExtensionService#_doActivateExtension vscode.debug-auto-launch, startup: false, activationEvent: 'onStartupFinished'
2024-03-08 09:02:18.396 [info] ExtensionService#_doActivateExtension vscode.merge-conflict, startup: false, activationEvent: 'onStartupFinished'
2024-03-08 09:02:18.403 [info] ExtensionService#_doActivateExtension alexnesnes.teleplot, startup: false, activationEvent: 'onStartupFinished'
2024-03-08 09:02:18.442 [info] ExtensionService#_doActivateExtension monokai.theme-monokai-pro-vscode, startup: false, activationEvent: 'onStartupFinished'
2024-03-08 09:02:18.447 [info] ExtensionService#_doActivateExtension ms-vscode-remote.remote-wsl, startup: false, activationEvent: 'onStartupFinished'
2024-03-08 09:02:18.458 [info] ExtensionService#_doActivateExtension vscodevim.vim, startup: false, activationEvent: 'onStartupFinished'
2024-03-08 09:02:18.513 [info] ExtensionService#_doActivateExtension vscode.microsoft-authentication, startup: false, activationEvent: 'onAuthenticationRequest:microsoft'
2024-03-08 09:02:47.692 [info] Extension host terminating: renderer closed the MessagePort
2024-03-08 09:02:47.762 [info] Extension host with pid 7141 exiting with code 0
