2024-02-06 17:07:55.974 [info] Added views:workbench.panel.markers.view in workbench.panel.markers
2024-02-06 17:07:55.974 [info] Added views:workbench.panel.output in workbench.panel.output
2024-02-06 17:07:55.974 [info] Added views:terminal in terminal
2024-02-06 17:07:55.974 [info] Added views:outline in workbench.view.explorer
2024-02-06 17:07:55.974 [info] Added views:workbench.scm in workbench.view.scm
2024-02-06 17:07:55.974 [info] Added views:workbench.view.search in workbench.view.search
2024-02-06 17:07:55.975 [info] Added views:timeline in workbench.view.explorer
2024-02-06 17:07:55.975 [info] Added views:workbench.explorer.emptyView in workbench.view.explorer
2024-02-06 17:07:56.345 [info] Added views:liveshare.session in workbench.view.extension.liveshare
2024-02-06 17:07:56.345 [info] Added views:platformio-ide.quickAccess in workbench.view.extension.platformio
2024-02-06 17:07:56.345 [info] Added views:platformio-debug.peripherals,platformio-debug.registers,platformio-debug.memory,platformio-debug.disassembly in workbench.view.debug
2024-02-06 17:07:56.443 [info] Added views:workbench.debug.welcome in workbench.view.debug
2024-02-06 17:07:56.469 [info] Added views:workbench.panel.repl.view in workbench.panel.repl
2024-02-06 17:07:56.580 [info] Added views:~remote.forwardedPorts in ~remote.forwardedPortsContainer
2024-02-06 17:08:01.096 [info] Added views:workbench.views.extensions.installed,workbench.views.extensions.popular,extensions.recommendedList in workbench.view.extensions
2024-02-06 17:08:01.096 [info] Removed views:workbench.views.extensions.popular from workbench.view.extensions
2024-02-06 17:08:11.872 [info] Added views:workbench.panel.markers.view in workbench.panel.markers
2024-02-06 17:08:11.872 [info] Added views:workbench.panel.output in workbench.panel.output
2024-02-06 17:08:11.872 [info] Added views:terminal in terminal
2024-02-06 17:08:11.872 [info] Added views:outline in workbench.view.explorer
2024-02-06 17:08:11.872 [info] Added views:workbench.scm in workbench.view.scm
2024-02-06 17:08:11.872 [info] Added views:workbench.view.search in workbench.view.search
2024-02-06 17:08:11.872 [info] Added views:timeline in workbench.view.explorer
2024-02-06 17:08:11.872 [info] Added views:workbench.explorer.emptyView in workbench.view.explorer
2024-02-06 17:08:12.044 [info] Added views:workbench.debug.welcome in workbench.view.debug
2024-02-06 17:08:12.113 [info] Added views:liveshare.session in workbench.view.extension.liveshare
2024-02-06 17:08:12.113 [info] Added views:platformio-ide.quickAccess in workbench.view.extension.platformio
2024-02-06 17:08:12.113 [info] Added views:platformio-debug.peripherals,platformio-debug.registers,platformio-debug.memory,platformio-debug.disassembly in workbench.view.debug
2024-02-06 17:08:12.351 [info] Added views:workbench.panel.repl.view in workbench.panel.repl
2024-02-06 17:08:12.411 [info] Added views:~remote.forwardedPorts in ~remote.forwardedPortsContainer
2024-02-06 17:08:12.481 [info] Added views:workbench.views.extensions.installed,extensions.recommendedList in workbench.view.extensions
2024-02-06 17:08:26.223 [info] Removed views:extensions.recommendedList,workbench.views.extensions.installed from workbench.view.extensions
2024-02-06 17:08:26.227 [info] Added views:workbench.views.extensions.marketplace in workbench.view.extensions
2024-02-06 17:09:30.077 [info] Added views:memory-view.memoryView in workbench.view.extension.memory-view
2024-02-06 17:09:30.086 [info] Added views:rtos-views.rtos in workbench.view.extension.rtos-views
